#! /usr/bin/vvp
:ivl_version "10.3 (stable)";
:ivl_delay_selection "TYPICAL";
:vpi_time_precision - 12;
:vpi_module "system";
:vpi_module "vhdl_sys";
:vpi_module "v2005_math";
:vpi_module "va_math";
S_0x556d42b3ecc0 .scope module, "tb_nba" "tb_nba" 2 3;
 .timescale -9 -12;
P_0x556d42b3f360 .param/l "NUM_ROUND" 1 2 5, +C4<00000000000000000000010000000000>;
P_0x556d42b3f3a0 .param/real "delta" 1 2 7, Cr<m4189374bc6a7f000gfb8>; value=0.00100000
P_0x556d42b3f3e0 .param/l "period" 1 2 6, +C4<00000000000000000000000000001010>;
v0x556d42c0a950_0 .net *"_s10", 0 0, L_0x556d42c1e130;  1 drivers
v0x556d42c0aa30_0 .net *"_s4", 31 0, L_0x556d42c0e000;  1 drivers
L_0x7f8181e34258 .functor BUFT 1, C4<0000000000000000>, C4<0>, C4<0>, C4<0>;
v0x556d42c0ab10_0 .net *"_s7", 15 0, L_0x7f8181e34258;  1 drivers
L_0x7f8181e342a0 .functor BUFT 1, C4<00000000000000000000000011001000>, C4<0>, C4<0>, C4<0>;
v0x556d42c0ac00_0 .net/2u *"_s8", 31 0, L_0x7f8181e342a0;  1 drivers
v0x556d42c0ace0_0 .var "answer", 15 0;
v0x556d42c0ada0 .array "answers", 0 1023, 15 0;
v0x556d42c0ae40_0 .net "ask_ready", 0 0, L_0x556d42b4d100;  1 drivers
v0x556d42c0af30_0 .net "ask_valid", 0 0, L_0x556d42b4d010;  1 drivers
v0x556d42c0b020_0 .var/real "avg_ccnt", 0 0;
v0x556d42c0b0e0_0 .net "ball", 2 0, L_0x556d42c0d600;  1 drivers
v0x556d42c0b1a0 .array "ccnt", 0 1023, 63 0;
v0x556d42c0b260_0 .var "clk", 0 0;
v0x556d42c0b350_0 .net "cnt", 15 0, v0x556d42c087e0_0;  1 drivers
v0x556d42c0b460_0 .net "correct", 0 0, L_0x556d42b4d2e0;  1 drivers
v0x556d42c0b550_0 .var/i "fd", 31 0;
v0x556d42c0b630_0 .var/i "i", 31 0;
v0x556d42c0b710_0 .net "question", 15 0, L_0x556d42b4ce30;  1 drivers
v0x556d42c0b930_0 .net "reply_ready", 0 0, L_0x556d42b8f2b0;  1 drivers
v0x556d42c0ba20_0 .net "reply_valid", 0 0, L_0x556d42c0df90;  1 drivers
v0x556d42c0bb10_0 .var "reset", 0 0;
v0x556d42c0bc00_0 .net "strike", 2 0, L_0x556d42c0c890;  1 drivers
E_0x556d42b8f8c0/0 .event edge, L_0x556d42c1e130;
E_0x556d42b8f8c0/1 .event posedge, v0x556d42c089a0_0;
E_0x556d42b8f8c0 .event/or E_0x556d42b8f8c0/0, E_0x556d42b8f8c0/1;
L_0x556d42c0e000 .concat [ 16 16 0 0], v0x556d42c087e0_0, L_0x7f8181e34258;
L_0x556d42c1e130 .cmp/eq 32, L_0x556d42c0e000, L_0x7f8181e342a0;
S_0x556d42b16030 .scope module, "grader" "grader" 2 31, 3 1 0, S_0x556d42b3ecc0;
 .timescale 0 0;
    .port_info 0 /INPUT 1 "reset"
    .port_info 1 /INPUT 1 "clk"
    .port_info 2 /INPUT 16 "answer"
    .port_info 3 /INPUT 16 "question"
    .port_info 4 /INPUT 1 "ask_valid"
    .port_info 5 /INPUT 1 "ask_ready"
    .port_info 6 /OUTPUT 3 "strike"
    .port_info 7 /OUTPUT 3 "ball"
    .port_info 8 /OUTPUT 16 "cnt"
    .port_info 9 /OUTPUT 1 "reply_ready"
    .port_info 10 /OUTPUT 1 "reply_valid"
    .port_info 11 /OUTPUT 1 "correct"
L_0x556d42c0ca20 .functor AND 1, L_0x556d42c0d840, L_0x556d42c0d8e0, C4<1>, C4<1>;
L_0x556d42b4d1f0 .functor AND 1, L_0x556d42c0ca20, L_0x556d42c0daf0, C4<1>, C4<1>;
L_0x556d42b4d2e0 .functor AND 1, L_0x556d42b4d1f0, L_0x556d42c0dc30, C4<1>, C4<1>;
L_0x556d42b8f2b0 .functor BUFZ 1, v0x556d42c08c00_0, C4<0>, C4<0>, C4<0>;
L_0x556d42c0df90 .functor BUFZ 1, v0x556d42c08d80_0, C4<0>, C4<0>, C4<0>;
v0x556d42be4b60_0 .net *"_s1", 0 0, L_0x556d42c0bdf0;  1 drivers
L_0x7f8181e34060 .functor BUFT 1, C4<00>, C4<0>, C4<0>, C4<0>;
v0x556d42bcba90_0 .net *"_s11", 1 0, L_0x7f8181e34060;  1 drivers
v0x556d42bd6750_0 .net *"_s12", 2 0, L_0x556d42c0c200;  1 drivers
v0x556d42bd7150_0 .net *"_s15", 0 0, L_0x556d42c0c340;  1 drivers
v0x556d42bd7db0_0 .net *"_s16", 2 0, L_0x556d42c0c420;  1 drivers
L_0x7f8181e340a8 .functor BUFT 1, C4<00>, C4<0>, C4<0>, C4<0>;
v0x556d42bd8880_0 .net *"_s19", 1 0, L_0x7f8181e340a8;  1 drivers
v0x556d42c06a80_0 .net *"_s2", 2 0, L_0x556d42c0be90;  1 drivers
v0x556d42c06b60_0 .net *"_s20", 2 0, L_0x556d42c0c560;  1 drivers
v0x556d42c06c40_0 .net *"_s23", 0 0, L_0x556d42c0c6f0;  1 drivers
v0x556d42c06d20_0 .net *"_s24", 2 0, L_0x556d42c0c790;  1 drivers
L_0x7f8181e340f0 .functor BUFT 1, C4<00>, C4<0>, C4<0>, C4<0>;
v0x556d42c06e00_0 .net *"_s27", 1 0, L_0x7f8181e340f0;  1 drivers
v0x556d42c06ee0_0 .net *"_s31", 0 0, L_0x556d42c0c980;  1 drivers
v0x556d42c06fc0_0 .net *"_s32", 2 0, L_0x556d42c0ca90;  1 drivers
L_0x7f8181e34138 .functor BUFT 1, C4<00>, C4<0>, C4<0>, C4<0>;
v0x556d42c070a0_0 .net *"_s35", 1 0, L_0x7f8181e34138;  1 drivers
v0x556d42c07180_0 .net *"_s37", 0 0, L_0x556d42c0cc20;  1 drivers
v0x556d42c07260_0 .net *"_s38", 2 0, L_0x556d42c0cd90;  1 drivers
L_0x7f8181e34180 .functor BUFT 1, C4<00>, C4<0>, C4<0>, C4<0>;
v0x556d42c07340_0 .net *"_s41", 1 0, L_0x7f8181e34180;  1 drivers
v0x556d42c07420_0 .net *"_s42", 2 0, L_0x556d42c0ced0;  1 drivers
v0x556d42c07500_0 .net *"_s45", 0 0, L_0x556d42c0d0a0;  1 drivers
v0x556d42c075e0_0 .net *"_s46", 2 0, L_0x556d42c0d140;  1 drivers
L_0x7f8181e341c8 .functor BUFT 1, C4<00>, C4<0>, C4<0>, C4<0>;
v0x556d42c076c0_0 .net *"_s49", 1 0, L_0x7f8181e341c8;  1 drivers
L_0x7f8181e34018 .functor BUFT 1, C4<00>, C4<0>, C4<0>, C4<0>;
v0x556d42c077a0_0 .net *"_s5", 1 0, L_0x7f8181e34018;  1 drivers
v0x556d42c07880_0 .net *"_s50", 2 0, L_0x556d42c0d320;  1 drivers
v0x556d42c07960_0 .net *"_s53", 0 0, L_0x556d42c0d460;  1 drivers
v0x556d42c07a40_0 .net *"_s54", 2 0, L_0x556d42c0d230;  1 drivers
L_0x7f8181e34210 .functor BUFT 1, C4<00>, C4<0>, C4<0>, C4<0>;
v0x556d42c07b20_0 .net *"_s57", 1 0, L_0x7f8181e34210;  1 drivers
v0x556d42c07c00_0 .net *"_s61", 0 0, L_0x556d42c0d840;  1 drivers
v0x556d42c07ce0_0 .net *"_s63", 0 0, L_0x556d42c0d8e0;  1 drivers
v0x556d42c07dc0_0 .net *"_s64", 0 0, L_0x556d42c0ca20;  1 drivers
v0x556d42c07ea0_0 .net *"_s67", 0 0, L_0x556d42c0daf0;  1 drivers
v0x556d42c07f80_0 .net *"_s68", 0 0, L_0x556d42b4d1f0;  1 drivers
v0x556d42c08060_0 .net *"_s7", 0 0, L_0x556d42c0bfd0;  1 drivers
v0x556d42c08140_0 .net *"_s71", 0 0, L_0x556d42c0dc30;  1 drivers
v0x556d42c08220_0 .net *"_s8", 2 0, L_0x556d42c0c0c0;  1 drivers
v0x556d42c08300_0 .net "answer", 15 0, v0x556d42c0ace0_0;  1 drivers
v0x556d42c083e0_0 .net "ask_ready", 0 0, L_0x556d42b4d100;  alias, 1 drivers
v0x556d42c084a0_0 .net "ask_valid", 0 0, L_0x556d42b4d010;  alias, 1 drivers
v0x556d42c08560_0 .net "ball", 2 0, L_0x556d42c0d600;  alias, 1 drivers
v0x556d42c08640_0 .var "ball_reg", 3 0;
v0x556d42c08720_0 .net "clk", 0 0, v0x556d42c0b260_0;  1 drivers
v0x556d42c087e0_0 .var "cnt", 15 0;
v0x556d42c088c0_0 .var "cnt_deadlock", 15 0;
v0x556d42c089a0_0 .net "correct", 0 0, L_0x556d42b4d2e0;  alias, 1 drivers
v0x556d42c08a60_0 .net "question", 15 0, L_0x556d42b4ce30;  alias, 1 drivers
v0x556d42c08b40_0 .net "reply_ready", 0 0, L_0x556d42b8f2b0;  alias, 1 drivers
v0x556d42c08c00_0 .var "reply_ready_int", 0 0;
v0x556d42c08cc0_0 .net "reply_valid", 0 0, L_0x556d42c0df90;  alias, 1 drivers
v0x556d42c08d80_0 .var "reply_valid_int", 0 0;
v0x556d42c08e40_0 .net "reset", 0 0, v0x556d42c0bb10_0;  1 drivers
v0x556d42c08f00_0 .net "strike", 2 0, L_0x556d42c0c890;  alias, 1 drivers
v0x556d42c08fe0_0 .var "strike_reg", 3 0;
E_0x556d42b8d2c0 .event posedge, v0x556d42c08720_0;
L_0x556d42c0bdf0 .part v0x556d42c08fe0_0, 3, 1;
L_0x556d42c0be90 .concat [ 1 2 0 0], L_0x556d42c0bdf0, L_0x7f8181e34018;
L_0x556d42c0bfd0 .part v0x556d42c08fe0_0, 2, 1;
L_0x556d42c0c0c0 .concat [ 1 2 0 0], L_0x556d42c0bfd0, L_0x7f8181e34060;
L_0x556d42c0c200 .arith/sum 3, L_0x556d42c0be90, L_0x556d42c0c0c0;
L_0x556d42c0c340 .part v0x556d42c08fe0_0, 1, 1;
L_0x556d42c0c420 .concat [ 1 2 0 0], L_0x556d42c0c340, L_0x7f8181e340a8;
L_0x556d42c0c560 .arith/sum 3, L_0x556d42c0c200, L_0x556d42c0c420;
L_0x556d42c0c6f0 .part v0x556d42c08fe0_0, 0, 1;
L_0x556d42c0c790 .concat [ 1 2 0 0], L_0x556d42c0c6f0, L_0x7f8181e340f0;
L_0x556d42c0c890 .arith/sum 3, L_0x556d42c0c560, L_0x556d42c0c790;
L_0x556d42c0c980 .part v0x556d42c08640_0, 3, 1;
L_0x556d42c0ca90 .concat [ 1 2 0 0], L_0x556d42c0c980, L_0x7f8181e34138;
L_0x556d42c0cc20 .part v0x556d42c08640_0, 2, 1;
L_0x556d42c0cd90 .concat [ 1 2 0 0], L_0x556d42c0cc20, L_0x7f8181e34180;
L_0x556d42c0ced0 .arith/sum 3, L_0x556d42c0ca90, L_0x556d42c0cd90;
L_0x556d42c0d0a0 .part v0x556d42c08640_0, 1, 1;
L_0x556d42c0d140 .concat [ 1 2 0 0], L_0x556d42c0d0a0, L_0x7f8181e341c8;
L_0x556d42c0d320 .arith/sum 3, L_0x556d42c0ced0, L_0x556d42c0d140;
L_0x556d42c0d460 .part v0x556d42c08640_0, 0, 1;
L_0x556d42c0d230 .concat [ 1 2 0 0], L_0x556d42c0d460, L_0x7f8181e34210;
L_0x556d42c0d600 .arith/sum 3, L_0x556d42c0d320, L_0x556d42c0d230;
L_0x556d42c0d840 .part v0x556d42c08fe0_0, 3, 1;
L_0x556d42c0d8e0 .part v0x556d42c08fe0_0, 2, 1;
L_0x556d42c0daf0 .part v0x556d42c08fe0_0, 1, 1;
L_0x556d42c0dc30 .part v0x556d42c08fe0_0, 0, 1;
S_0x556d42c09240 .scope module, "solver" "solver" 2 17, 4 1 0, S_0x556d42b3ecc0;
 .timescale 0 0;
    .port_info 0 /INPUT 1 "reset"
    .port_info 1 /INPUT 1 "clk"
    .port_info 2 /INPUT 1 "reply_valid"
    .port_info 3 /INPUT 1 "reply_ready"
    .port_info 4 /INPUT 1 "correct"
    .port_info 5 /INPUT 16 "cnt"
    .port_info 6 /INPUT 3 "strike"
    .port_info 7 /INPUT 3 "ball"
    .port_info 8 /OUTPUT 16 "question"
    .port_info 9 /OUTPUT 1 "ask_valid"
    .port_info 10 /OUTPUT 1 "ask_ready"
P_0x556d42be7f20 .param/l "INITIAL_QUESTION" 1 4 15, C4<0000000100100011>;
P_0x556d42be7f60 .param/l "S0" 1 4 16, C4<000>;
P_0x556d42be7fa0 .param/l "S1" 1 4 17, C4<001>;
P_0x556d42be7fe0 .param/l "S2" 1 4 18, C4<010>;
P_0x556d42be8020 .param/l "S3" 1 4 19, C4<011>;
P_0x556d42be8060 .param/l "S4" 1 4 20, C4<100>;
P_0x556d42be80a0 .param/l "S5" 1 4 21, C4<101>;
L_0x556d42b4ce30 .functor BUFZ 16, v0x556d42c0a710_0, C4<0000000000000000>, C4<0000000000000000>, C4<0000000000000000>;
L_0x556d42b4d010 .functor BUFZ 1, v0x556d42c09a80_0, C4<0>, C4<0>, C4<0>;
L_0x556d42b4d100 .functor BUFZ 1, v0x556d42c09860_0, C4<0>, C4<0>, C4<0>;
v0x556d42c09860_0 .var "ar", 0 0;
v0x556d42c09920_0 .net "ask_ready", 0 0, L_0x556d42b4d100;  alias, 1 drivers
v0x556d42c099e0_0 .net "ask_valid", 0 0, L_0x556d42b4d010;  alias, 1 drivers
v0x556d42c09a80_0 .var "av", 0 0;
v0x556d42c09b20_0 .net "ball", 2 0, L_0x556d42c0d600;  alias, 1 drivers
v0x556d42c09bc0_0 .net "clk", 0 0, v0x556d42c0b260_0;  alias, 1 drivers
v0x556d42c09c90_0 .net "cnt", 15 0, v0x556d42c087e0_0;  alias, 1 drivers
v0x556d42c09d60_0 .var "comb_state", 4 0;
v0x556d42c09e00_0 .net "correct", 0 0, L_0x556d42b4d2e0;  alias, 1 drivers
v0x556d42c09ed0_0 .var "counter", 3 0;
v0x556d42c09f70_0 .net "question", 15 0, L_0x556d42b4ce30;  alias, 1 drivers
v0x556d42c0a040 .array "ref_question", 0 3, 3 0;
v0x556d42c0a190_0 .var "ref_sum", 2 0;
v0x556d42c0a270_0 .net "reply_ready", 0 0, L_0x556d42b8f2b0;  alias, 1 drivers
v0x556d42c0a340_0 .net "reply_valid", 0 0, L_0x556d42c0df90;  alias, 1 drivers
v0x556d42c0a410_0 .net "reset", 0 0, v0x556d42c0bb10_0;  alias, 1 drivers
v0x556d42c0a4e0_0 .var "state", 2 0;
v0x556d42c0a580_0 .net "strike", 2 0, L_0x556d42c0c890;  alias, 1 drivers
v0x556d42c0a650_0 .net "sum", 2 0, L_0x556d42c0bd10;  1 drivers
v0x556d42c0a710_0 .var "temp_question", 15 0;
E_0x556d42b8e480 .event edge, v0x556d42c08a60_0;
v0x556d42c0a040_0 .array/port v0x556d42c0a040, 0;
v0x556d42c0a040_1 .array/port v0x556d42c0a040, 1;
v0x556d42c0a040_2 .array/port v0x556d42c0a040, 2;
v0x556d42c0a040_3 .array/port v0x556d42c0a040, 3;
E_0x556d42b8f580 .event edge, v0x556d42c0a040_0, v0x556d42c0a040_1, v0x556d42c0a040_2, v0x556d42c0a040_3;
E_0x556d42be7e90 .event edge, v0x556d42c0a4e0_0;
E_0x556d42be82c0 .event edge, v0x556d42c0a190_0;
E_0x556d42c09800 .event edge, v0x556d42c0a650_0;
L_0x556d42c0bd10 .arith/sum 3, L_0x556d42c0d600, L_0x556d42c0c890;
    .scope S_0x556d42c09240;
T_0 ;
    %wait E_0x556d42c09800;
    %vpi_call 4 41 "$display", "sum : %d", v0x556d42c0a650_0 {0 0 0};
    %jmp T_0;
    .thread T_0, $push;
    .scope S_0x556d42c09240;
T_1 ;
    %wait E_0x556d42be82c0;
    %vpi_call 4 42 "$display", "ref_sum : %d", v0x556d42c0a190_0 {0 0 0};
    %jmp T_1;
    .thread T_1, $push;
    .scope S_0x556d42c09240;
T_2 ;
    %wait E_0x556d42be7e90;
    %vpi_call 4 43 "$display", "state : %d", v0x556d42c0a4e0_0 {0 0 0};
    %jmp T_2;
    .thread T_2, $push;
    .scope S_0x556d42c09240;
T_3 ;
    %wait E_0x556d42b8f580;
    %vpi_call 4 45 "$display", "ref_q : %d%d%d%d", &A<v0x556d42c0a040, 3>, &A<v0x556d42c0a040, 2>, &A<v0x556d42c0a040, 1>, &A<v0x556d42c0a040, 0> {0 0 0};
    %jmp T_3;
    .thread T_3, $push;
    .scope S_0x556d42c09240;
T_4 ;
    %wait E_0x556d42b8e480;
    %vpi_call 4 46 "$display", "quest : %h", v0x556d42c09f70_0 {0 0 0};
    %jmp T_4;
    .thread T_4, $push;
    .scope S_0x556d42c09240;
T_5 ;
    %wait E_0x556d42b8d2c0;
    %load/vec4 v0x556d42c0a410_0;
    %nor/r;
    %flag_set/vec4 8;
    %jmp/0xz  T_5.0, 8;
    %pushi/vec4 0, 0, 16;
    %assign/vec4 v0x556d42c0a710_0, 0;
    %pushi/vec4 0, 0, 1;
    %assign/vec4 v0x556d42c09a80_0, 0;
    %pushi/vec4 1, 0, 1;
    %assign/vec4 v0x556d42c09860_0, 0;
    %pushi/vec4 0, 0, 4;
    %assign/vec4 v0x556d42c09ed0_0, 0;
    %pushi/vec4 0, 0, 3;
    %assign/vec4 v0x556d42c0a190_0, 0;
    %pushi/vec4 0, 0, 3;
    %assign/vec4 v0x556d42c0a4e0_0, 0;
    %pushi/vec4 1, 0, 5;
    %assign/vec4 v0x556d42c09d60_0, 0;
    %pushi/vec4 0, 0, 16;
    %assign/vec4 v0x556d42c0a710_0, 0;
    %pushi/vec4 0, 0, 4;
    %ix/load 3, 0, 0;
    %flag_set/imm 4, 0;
    %ix/load 4, 0, 0; Constant delay
    %assign/vec4/a/d v0x556d42c0a040, 0, 4;
    %pushi/vec4 0, 0, 4;
    %ix/load 3, 1, 0;
    %flag_set/imm 4, 0;
    %ix/load 4, 0, 0; Constant delay
    %assign/vec4/a/d v0x556d42c0a040, 0, 4;
    %pushi/vec4 0, 0, 4;
    %ix/load 3, 2, 0;
    %flag_set/imm 4, 0;
    %ix/load 4, 0, 0; Constant delay
    %assign/vec4/a/d v0x556d42c0a040, 0, 4;
    %pushi/vec4 0, 0, 4;
    %ix/load 3, 3, 0;
    %flag_set/imm 4, 0;
    %ix/load 4, 0, 0; Constant delay
    %assign/vec4/a/d v0x556d42c0a040, 0, 4;
    %jmp T_5.1;
T_5.0 ;
    %load/vec4 v0x556d42c0a4e0_0;
    %dup/vec4;
    %pushi/vec4 0, 0, 3;
    %cmp/u;
    %jmp/1 T_5.2, 6;
    %dup/vec4;
    %pushi/vec4 1, 0, 3;
    %cmp/u;
    %jmp/1 T_5.3, 6;
    %dup/vec4;
    %pushi/vec4 2, 0, 3;
    %cmp/u;
    %jmp/1 T_5.4, 6;
    %dup/vec4;
    %pushi/vec4 3, 0, 3;
    %cmp/u;
    %jmp/1 T_5.5, 6;
    %dup/vec4;
    %pushi/vec4 4, 0, 3;
    %cmp/u;
    %jmp/1 T_5.6, 6;
    %dup/vec4;
    %pushi/vec4 5, 0, 3;
    %cmp/u;
    %jmp/1 T_5.7, 6;
    %jmp T_5.8;
T_5.2 ;
    %load/vec4 v0x556d42c0a340_0;
    %nor/r;
    %load/vec4 v0x556d42c099e0_0;
    %nor/r;
    %and;
    %flag_set/vec4 8;
    %jmp/0xz  T_5.9, 8;
    %pushi/vec4 1, 0, 1;
    %assign/vec4 v0x556d42c09a80_0, 0;
    %pushi/vec4 0, 0, 1;
    %assign/vec4 v0x556d42c09860_0, 0;
    %pushi/vec4 291, 0, 16;
    %assign/vec4 v0x556d42c0a710_0, 0;
T_5.9 ;
    %load/vec4 v0x556d42c0a270_0;
    %load/vec4 v0x556d42c0a340_0;
    %nor/r;
    %and;
    %flag_set/vec4 8;
    %jmp/0xz  T_5.11, 8;
    %pushi/vec4 0, 0, 1;
    %assign/vec4 v0x556d42c09a80_0, 0;
    %pushi/vec4 1, 0, 1;
    %assign/vec4 v0x556d42c09860_0, 0;
T_5.11 ;
    %load/vec4 v0x556d42c0a340_0;
    %flag_set/vec4 8;
    %jmp/0xz  T_5.13, 8;
    %load/vec4 v0x556d42c0a650_0;
    %assign/vec4 v0x556d42c0a190_0, 0;
    %load/vec4 v0x556d42c09f70_0;
    %parti/s 4, 12, 5;
    %ix/load 3, 3, 0;
    %flag_set/imm 4, 0;
    %ix/load 4, 0, 0; Constant delay
    %assign/vec4/a/d v0x556d42c0a040, 0, 4;
    %load/vec4 v0x556d42c09f70_0;
    %parti/s 4, 8, 5;
    %ix/load 3, 2, 0;
    %flag_set/imm 4, 0;
    %ix/load 4, 0, 0; Constant delay
    %assign/vec4/a/d v0x556d42c0a040, 0, 4;
    %load/vec4 v0x556d42c09f70_0;
    %parti/s 4, 4, 4;
    %ix/load 3, 1, 0;
    %flag_set/imm 4, 0;
    %ix/load 4, 0, 0; Constant delay
    %assign/vec4/a/d v0x556d42c0a040, 0, 4;
    %load/vec4 v0x556d42c09f70_0;
    %parti/s 4, 0, 2;
    %ix/load 3, 0, 0;
    %flag_set/imm 4, 0;
    %ix/load 4, 0, 0; Constant delay
    %assign/vec4/a/d v0x556d42c0a040, 0, 4;
    %load/vec4 v0x556d42c0a650_0;
    %cmpi/e 4, 0, 3;
    %jmp/0xz  T_5.15, 4;
    %pushi/vec4 5, 0, 3;
    %assign/vec4 v0x556d42c0a4e0_0, 0;
    %jmp T_5.16;
T_5.15 ;
    %pushi/vec4 1, 0, 3;
    %assign/vec4 v0x556d42c0a4e0_0, 0;
T_5.16 ;
T_5.13 ;
    %jmp T_5.8;
T_5.3 ;
    %load/vec4 v0x556d42c0a340_0;
    %nor/r;
    %load/vec4 v0x556d42c099e0_0;
    %nor/r;
    %and;
    %flag_set/vec4 8;
    %jmp/0xz  T_5.17, 8;
    %load/vec4 v0x556d42c09ed0_0;
    %cmpi/u 10, 0, 4;
    %jmp/0xz  T_5.19, 5;
    %load/vec4 v0x556d42c09ed0_0;
    %addi 1, 0, 4;
    %store/vec4 v0x556d42c09ed0_0, 0, 4;
T_5.21 ;
    %load/vec4 v0x556d42c09ed0_0;
    %ix/load 4, 3, 0;
    %flag_set/imm 4, 0;
    %load/vec4a v0x556d42c0a040, 4;
    %cmp/e;
    %flag_mov 8, 4;
    %load/vec4 v0x556d42c09ed0_0;
    %ix/load 4, 2, 0;
    %flag_set/imm 4, 0;
    %load/vec4a v0x556d42c0a040, 4;
    %cmp/e;
    %flag_or 4, 8;
    %flag_mov 8, 4;
    %load/vec4 v0x556d42c09ed0_0;
    %ix/load 4, 1, 0;
    %flag_set/imm 4, 0;
    %load/vec4a v0x556d42c0a040, 4;
    %cmp/e;
    %flag_or 4, 8;
    %flag_mov 8, 4;
    %load/vec4 v0x556d42c09ed0_0;
    %ix/load 4, 0, 0;
    %flag_set/imm 4, 0;
    %load/vec4a v0x556d42c0a040, 4;
    %cmp/e;
    %flag_get/vec4 4;
    %load/vec4 v0x556d42c09ed0_0;
    %pad/u 32;
    %addi 1, 0, 32;
    %cmpi/u 10, 0, 32;
    %flag_get/vec4 5;
    %and;
    %flag_set/vec4 9;
    %flag_or 9, 8;
    %jmp/0xz T_5.22, 9;
    %load/vec4 v0x556d42c09ed0_0;
    %addi 1, 0, 4;
    %store/vec4 v0x556d42c09ed0_0, 0, 4;
    %jmp T_5.21;
T_5.22 ;
    %pushi/vec4 1, 0, 1;
    %assign/vec4 v0x556d42c09a80_0, 0;
    %pushi/vec4 0, 0, 1;
    %assign/vec4 v0x556d42c09860_0, 0;
    %load/vec4 v0x556d42c09ed0_0;
    %ix/load 4, 2, 0;
    %flag_set/imm 4, 0;
    %load/vec4a v0x556d42c0a040, 4;
    %concat/vec4; draw_concat_vec4
    %ix/load 4, 1, 0;
    %flag_set/imm 4, 0;
    %load/vec4a v0x556d42c0a040, 4;
    %concat/vec4; draw_concat_vec4
    %ix/load 4, 0, 0;
    %flag_set/imm 4, 0;
    %load/vec4a v0x556d42c0a040, 4;
    %concat/vec4; draw_concat_vec4
    %assign/vec4 v0x556d42c0a710_0, 0;
T_5.19 ;
T_5.17 ;
    %load/vec4 v0x556d42c0a270_0;
    %load/vec4 v0x556d42c0a340_0;
    %nor/r;
    %and;
    %flag_set/vec4 8;
    %jmp/0xz  T_5.23, 8;
    %pushi/vec4 0, 0, 1;
    %assign/vec4 v0x556d42c09a80_0, 0;
    %pushi/vec4 1, 0, 1;
    %assign/vec4 v0x556d42c09860_0, 0;
T_5.23 ;
    %load/vec4 v0x556d42c0a340_0;
    %flag_set/vec4 8;
    %jmp/0xz  T_5.25, 8;
    %load/vec4 v0x556d42c0a650_0;
    %cmpi/e 4, 0, 3;
    %jmp/0xz  T_5.27, 4;
    %load/vec4 v0x556d42c09f70_0;
    %parti/s 4, 12, 5;
    %ix/load 3, 3, 0;
    %flag_set/imm 4, 0;
    %ix/load 4, 0, 0; Constant delay
    %assign/vec4/a/d v0x556d42c0a040, 0, 4;
    %load/vec4 v0x556d42c09f70_0;
    %parti/s 4, 8, 5;
    %ix/load 3, 2, 0;
    %flag_set/imm 4, 0;
    %ix/load 4, 0, 0; Constant delay
    %assign/vec4/a/d v0x556d42c0a040, 0, 4;
    %load/vec4 v0x556d42c09f70_0;
    %parti/s 4, 4, 4;
    %ix/load 3, 1, 0;
    %flag_set/imm 4, 0;
    %ix/load 4, 0, 0; Constant delay
    %assign/vec4/a/d v0x556d42c0a040, 0, 4;
    %load/vec4 v0x556d42c09f70_0;
    %parti/s 4, 0, 2;
    %ix/load 3, 0, 0;
    %flag_set/imm 4, 0;
    %ix/load 4, 0, 0; Constant delay
    %assign/vec4/a/d v0x556d42c0a040, 0, 4;
    %pushi/vec4 5, 0, 3;
    %assign/vec4 v0x556d42c0a4e0_0, 0;
    %load/vec4 v0x556d42c0a650_0;
    %assign/vec4 v0x556d42c0a190_0, 0;
    %pushi/vec4 0, 0, 4;
    %assign/vec4 v0x556d42c09ed0_0, 0;
    %jmp T_5.28;
T_5.27 ;
    %load/vec4 v0x556d42c0a190_0;
    %load/vec4 v0x556d42c0a650_0;
    %cmp/u;
    %jmp/0xz  T_5.29, 5;
    %load/vec4 v0x556d42c09f70_0;
    %parti/s 4, 12, 5;
    %ix/load 3, 3, 0;
    %flag_set/imm 4, 0;
    %ix/load 4, 0, 0; Constant delay
    %assign/vec4/a/d v0x556d42c0a040, 0, 4;
    %load/vec4 v0x556d42c09f70_0;
    %parti/s 4, 8, 5;
    %ix/load 3, 2, 0;
    %flag_set/imm 4, 0;
    %ix/load 4, 0, 0; Constant delay
    %assign/vec4/a/d v0x556d42c0a040, 0, 4;
    %load/vec4 v0x556d42c09f70_0;
    %parti/s 4, 4, 4;
    %ix/load 3, 1, 0;
    %flag_set/imm 4, 0;
    %ix/load 4, 0, 0; Constant delay
    %assign/vec4/a/d v0x556d42c0a040, 0, 4;
    %load/vec4 v0x556d42c09f70_0;
    %parti/s 4, 0, 2;
    %ix/load 3, 0, 0;
    %flag_set/imm 4, 0;
    %ix/load 4, 0, 0; Constant delay
    %assign/vec4/a/d v0x556d42c0a040, 0, 4;
    %pushi/vec4 2, 0, 3;
    %assign/vec4 v0x556d42c0a4e0_0, 0;
    %load/vec4 v0x556d42c0a650_0;
    %assign/vec4 v0x556d42c0a190_0, 0;
    %pushi/vec4 0, 0, 4;
    %assign/vec4 v0x556d42c09ed0_0, 0;
    %jmp T_5.30;
T_5.29 ;
    %load/vec4 v0x556d42c09ed0_0;
    %cmpi/e 9, 0, 4;
    %jmp/0xz  T_5.31, 4;
    %pushi/vec4 2, 0, 3;
    %assign/vec4 v0x556d42c0a4e0_0, 0;
    %pushi/vec4 0, 0, 4;
    %assign/vec4 v0x556d42c09ed0_0, 0;
    %jmp T_5.32;
T_5.31 ;
    %pushi/vec4 1, 0, 3;
    %assign/vec4 v0x556d42c0a4e0_0, 0;
T_5.32 ;
T_5.30 ;
T_5.28 ;
T_5.25 ;
    %jmp T_5.8;
T_5.4 ;
    %load/vec4 v0x556d42c0a340_0;
    %nor/r;
    %load/vec4 v0x556d42c099e0_0;
    %nor/r;
    %and;
    %flag_set/vec4 8;
    %jmp/0xz  T_5.33, 8;
    %load/vec4 v0x556d42c09ed0_0;
    %cmpi/u 10, 0, 4;
    %jmp/0xz  T_5.35, 5;
    %load/vec4 v0x556d42c09ed0_0;
    %addi 1, 0, 4;
    %store/vec4 v0x556d42c09ed0_0, 0, 4;
T_5.37 ;
    %load/vec4 v0x556d42c09ed0_0;
    %ix/load 4, 3, 0;
    %flag_set/imm 4, 0;
    %load/vec4a v0x556d42c0a040, 4;
    %cmp/e;
    %flag_mov 8, 4;
    %load/vec4 v0x556d42c09ed0_0;
    %ix/load 4, 2, 0;
    %flag_set/imm 4, 0;
    %load/vec4a v0x556d42c0a040, 4;
    %cmp/e;
    %flag_or 4, 8;
    %flag_mov 8, 4;
    %load/vec4 v0x556d42c09ed0_0;
    %ix/load 4, 1, 0;
    %flag_set/imm 4, 0;
    %load/vec4a v0x556d42c0a040, 4;
    %cmp/e;
    %flag_or 4, 8;
    %flag_mov 8, 4;
    %load/vec4 v0x556d42c09ed0_0;
    %ix/load 4, 0, 0;
    %flag_set/imm 4, 0;
    %load/vec4a v0x556d42c0a040, 4;
    %cmp/e;
    %flag_get/vec4 4;
    %load/vec4 v0x556d42c09ed0_0;
    %pad/u 32;
    %addi 1, 0, 32;
    %cmpi/u 10, 0, 32;
    %flag_get/vec4 5;
    %and;
    %flag_set/vec4 9;
    %flag_or 9, 8;
    %jmp/0xz T_5.38, 9;
    %load/vec4 v0x556d42c09ed0_0;
    %addi 1, 0, 4;
    %store/vec4 v0x556d42c09ed0_0, 0, 4;
    %jmp T_5.37;
T_5.38 ;
    %pushi/vec4 1, 0, 1;
    %assign/vec4 v0x556d42c09a80_0, 0;
    %pushi/vec4 0, 0, 1;
    %assign/vec4 v0x556d42c09860_0, 0;
    %ix/load 4, 3, 0;
    %flag_set/imm 4, 0;
    %load/vec4a v0x556d42c0a040, 4;
    %load/vec4 v0x556d42c09ed0_0;
    %concat/vec4; draw_concat_vec4
    %ix/load 4, 1, 0;
    %flag_set/imm 4, 0;
    %load/vec4a v0x556d42c0a040, 4;
    %concat/vec4; draw_concat_vec4
    %ix/load 4, 0, 0;
    %flag_set/imm 4, 0;
    %load/vec4a v0x556d42c0a040, 4;
    %concat/vec4; draw_concat_vec4
    %assign/vec4 v0x556d42c0a710_0, 0;
T_5.35 ;
T_5.33 ;
    %load/vec4 v0x556d42c0a270_0;
    %load/vec4 v0x556d42c0a340_0;
    %nor/r;
    %and;
    %flag_set/vec4 8;
    %jmp/0xz  T_5.39, 8;
    %pushi/vec4 0, 0, 1;
    %assign/vec4 v0x556d42c09a80_0, 0;
    %pushi/vec4 1, 0, 1;
    %assign/vec4 v0x556d42c09860_0, 0;
T_5.39 ;
    %load/vec4 v0x556d42c0a340_0;
    %flag_set/vec4 8;
    %jmp/0xz  T_5.41, 8;
    %load/vec4 v0x556d42c0a650_0;
    %cmpi/e 4, 0, 3;
    %jmp/0xz  T_5.43, 4;
    %load/vec4 v0x556d42c09f70_0;
    %parti/s 4, 12, 5;
    %ix/load 3, 3, 0;
    %flag_set/imm 4, 0;
    %ix/load 4, 0, 0; Constant delay
    %assign/vec4/a/d v0x556d42c0a040, 0, 4;
    %load/vec4 v0x556d42c09f70_0;
    %parti/s 4, 8, 5;
    %ix/load 3, 2, 0;
    %flag_set/imm 4, 0;
    %ix/load 4, 0, 0; Constant delay
    %assign/vec4/a/d v0x556d42c0a040, 0, 4;
    %load/vec4 v0x556d42c09f70_0;
    %parti/s 4, 4, 4;
    %ix/load 3, 1, 0;
    %flag_set/imm 4, 0;
    %ix/load 4, 0, 0; Constant delay
    %assign/vec4/a/d v0x556d42c0a040, 0, 4;
    %load/vec4 v0x556d42c09f70_0;
    %parti/s 4, 0, 2;
    %ix/load 3, 0, 0;
    %flag_set/imm 4, 0;
    %ix/load 4, 0, 0; Constant delay
    %assign/vec4/a/d v0x556d42c0a040, 0, 4;
    %pushi/vec4 5, 0, 3;
    %assign/vec4 v0x556d42c0a4e0_0, 0;
    %load/vec4 v0x556d42c0a650_0;
    %assign/vec4 v0x556d42c0a190_0, 0;
    %pushi/vec4 0, 0, 4;
    %assign/vec4 v0x556d42c09ed0_0, 0;
    %jmp T_5.44;
T_5.43 ;
    %load/vec4 v0x556d42c0a190_0;
    %load/vec4 v0x556d42c0a650_0;
    %cmp/u;
    %jmp/0xz  T_5.45, 5;
    %load/vec4 v0x556d42c09f70_0;
    %parti/s 4, 12, 5;
    %ix/load 3, 3, 0;
    %flag_set/imm 4, 0;
    %ix/load 4, 0, 0; Constant delay
    %assign/vec4/a/d v0x556d42c0a040, 0, 4;
    %load/vec4 v0x556d42c09f70_0;
    %parti/s 4, 8, 5;
    %ix/load 3, 2, 0;
    %flag_set/imm 4, 0;
    %ix/load 4, 0, 0; Constant delay
    %assign/vec4/a/d v0x556d42c0a040, 0, 4;
    %load/vec4 v0x556d42c09f70_0;
    %parti/s 4, 4, 4;
    %ix/load 3, 1, 0;
    %flag_set/imm 4, 0;
    %ix/load 4, 0, 0; Constant delay
    %assign/vec4/a/d v0x556d42c0a040, 0, 4;
    %load/vec4 v0x556d42c09f70_0;
    %parti/s 4, 0, 2;
    %ix/load 3, 0, 0;
    %flag_set/imm 4, 0;
    %ix/load 4, 0, 0; Constant delay
    %assign/vec4/a/d v0x556d42c0a040, 0, 4;
    %pushi/vec4 3, 0, 3;
    %assign/vec4 v0x556d42c0a4e0_0, 0;
    %load/vec4 v0x556d42c0a650_0;
    %assign/vec4 v0x556d42c0a190_0, 0;
    %pushi/vec4 0, 0, 4;
    %assign/vec4 v0x556d42c09ed0_0, 0;
    %jmp T_5.46;
T_5.45 ;
    %load/vec4 v0x556d42c09ed0_0;
    %cmpi/e 9, 0, 4;
    %jmp/0xz  T_5.47, 4;
    %pushi/vec4 3, 0, 3;
    %assign/vec4 v0x556d42c0a4e0_0, 0;
    %pushi/vec4 0, 0, 4;
    %assign/vec4 v0x556d42c09ed0_0, 0;
    %jmp T_5.48;
T_5.47 ;
    %pushi/vec4 2, 0, 3;
    %assign/vec4 v0x556d42c0a4e0_0, 0;
T_5.48 ;
T_5.46 ;
T_5.44 ;
T_5.41 ;
    %jmp T_5.8;
T_5.5 ;
    %load/vec4 v0x556d42c0a340_0;
    %nor/r;
    %load/vec4 v0x556d42c099e0_0;
    %nor/r;
    %and;
    %flag_set/vec4 8;
    %jmp/0xz  T_5.49, 8;
    %load/vec4 v0x556d42c09ed0_0;
    %cmpi/u 10, 0, 4;
    %jmp/0xz  T_5.51, 5;
    %load/vec4 v0x556d42c09ed0_0;
    %addi 1, 0, 4;
    %store/vec4 v0x556d42c09ed0_0, 0, 4;
T_5.53 ;
    %load/vec4 v0x556d42c09ed0_0;
    %ix/load 4, 3, 0;
    %flag_set/imm 4, 0;
    %load/vec4a v0x556d42c0a040, 4;
    %cmp/e;
    %flag_mov 8, 4;
    %load/vec4 v0x556d42c09ed0_0;
    %ix/load 4, 2, 0;
    %flag_set/imm 4, 0;
    %load/vec4a v0x556d42c0a040, 4;
    %cmp/e;
    %flag_or 4, 8;
    %flag_mov 8, 4;
    %load/vec4 v0x556d42c09ed0_0;
    %ix/load 4, 1, 0;
    %flag_set/imm 4, 0;
    %load/vec4a v0x556d42c0a040, 4;
    %cmp/e;
    %flag_or 4, 8;
    %flag_mov 8, 4;
    %load/vec4 v0x556d42c09ed0_0;
    %ix/load 4, 0, 0;
    %flag_set/imm 4, 0;
    %load/vec4a v0x556d42c0a040, 4;
    %cmp/e;
    %flag_get/vec4 4;
    %load/vec4 v0x556d42c09ed0_0;
    %pad/u 32;
    %addi 1, 0, 32;
    %cmpi/u 10, 0, 32;
    %flag_get/vec4 5;
    %and;
    %flag_set/vec4 9;
    %flag_or 9, 8;
    %jmp/0xz T_5.54, 9;
    %load/vec4 v0x556d42c09ed0_0;
    %addi 1, 0, 4;
    %store/vec4 v0x556d42c09ed0_0, 0, 4;
    %jmp T_5.53;
T_5.54 ;
    %pushi/vec4 1, 0, 1;
    %assign/vec4 v0x556d42c09a80_0, 0;
    %pushi/vec4 0, 0, 1;
    %assign/vec4 v0x556d42c09860_0, 0;
    %ix/load 4, 3, 0;
    %flag_set/imm 4, 0;
    %load/vec4a v0x556d42c0a040, 4;
    %ix/load 4, 2, 0;
    %flag_set/imm 4, 0;
    %load/vec4a v0x556d42c0a040, 4;
    %concat/vec4; draw_concat_vec4
    %load/vec4 v0x556d42c09ed0_0;
    %concat/vec4; draw_concat_vec4
    %ix/load 4, 0, 0;
    %flag_set/imm 4, 0;
    %load/vec4a v0x556d42c0a040, 4;
    %concat/vec4; draw_concat_vec4
    %assign/vec4 v0x556d42c0a710_0, 0;
T_5.51 ;
T_5.49 ;
    %load/vec4 v0x556d42c0a270_0;
    %load/vec4 v0x556d42c0a340_0;
    %nor/r;
    %and;
    %flag_set/vec4 8;
    %jmp/0xz  T_5.55, 8;
    %pushi/vec4 0, 0, 1;
    %assign/vec4 v0x556d42c09a80_0, 0;
    %pushi/vec4 1, 0, 1;
    %assign/vec4 v0x556d42c09860_0, 0;
T_5.55 ;
    %load/vec4 v0x556d42c0a340_0;
    %flag_set/vec4 8;
    %jmp/0xz  T_5.57, 8;
    %load/vec4 v0x556d42c0a650_0;
    %cmpi/e 4, 0, 3;
    %jmp/0xz  T_5.59, 4;
    %load/vec4 v0x556d42c09f70_0;
    %parti/s 4, 12, 5;
    %ix/load 3, 3, 0;
    %flag_set/imm 4, 0;
    %ix/load 4, 0, 0; Constant delay
    %assign/vec4/a/d v0x556d42c0a040, 0, 4;
    %load/vec4 v0x556d42c09f70_0;
    %parti/s 4, 8, 5;
    %ix/load 3, 2, 0;
    %flag_set/imm 4, 0;
    %ix/load 4, 0, 0; Constant delay
    %assign/vec4/a/d v0x556d42c0a040, 0, 4;
    %load/vec4 v0x556d42c09f70_0;
    %parti/s 4, 4, 4;
    %ix/load 3, 1, 0;
    %flag_set/imm 4, 0;
    %ix/load 4, 0, 0; Constant delay
    %assign/vec4/a/d v0x556d42c0a040, 0, 4;
    %load/vec4 v0x556d42c09f70_0;
    %parti/s 4, 0, 2;
    %ix/load 3, 0, 0;
    %flag_set/imm 4, 0;
    %ix/load 4, 0, 0; Constant delay
    %assign/vec4/a/d v0x556d42c0a040, 0, 4;
    %pushi/vec4 5, 0, 3;
    %assign/vec4 v0x556d42c0a4e0_0, 0;
    %load/vec4 v0x556d42c0a650_0;
    %assign/vec4 v0x556d42c0a190_0, 0;
    %pushi/vec4 0, 0, 4;
    %assign/vec4 v0x556d42c09ed0_0, 0;
    %jmp T_5.60;
T_5.59 ;
    %load/vec4 v0x556d42c0a190_0;
    %load/vec4 v0x556d42c0a650_0;
    %cmp/u;
    %jmp/0xz  T_5.61, 5;
    %load/vec4 v0x556d42c09f70_0;
    %parti/s 4, 12, 5;
    %ix/load 3, 3, 0;
    %flag_set/imm 4, 0;
    %ix/load 4, 0, 0; Constant delay
    %assign/vec4/a/d v0x556d42c0a040, 0, 4;
    %load/vec4 v0x556d42c09f70_0;
    %parti/s 4, 8, 5;
    %ix/load 3, 2, 0;
    %flag_set/imm 4, 0;
    %ix/load 4, 0, 0; Constant delay
    %assign/vec4/a/d v0x556d42c0a040, 0, 4;
    %load/vec4 v0x556d42c09f70_0;
    %parti/s 4, 4, 4;
    %ix/load 3, 1, 0;
    %flag_set/imm 4, 0;
    %ix/load 4, 0, 0; Constant delay
    %assign/vec4/a/d v0x556d42c0a040, 0, 4;
    %load/vec4 v0x556d42c09f70_0;
    %parti/s 4, 0, 2;
    %ix/load 3, 0, 0;
    %flag_set/imm 4, 0;
    %ix/load 4, 0, 0; Constant delay
    %assign/vec4/a/d v0x556d42c0a040, 0, 4;
    %pushi/vec4 4, 0, 3;
    %assign/vec4 v0x556d42c0a4e0_0, 0;
    %load/vec4 v0x556d42c0a650_0;
    %assign/vec4 v0x556d42c0a190_0, 0;
    %pushi/vec4 0, 0, 4;
    %assign/vec4 v0x556d42c09ed0_0, 0;
    %jmp T_5.62;
T_5.61 ;
    %load/vec4 v0x556d42c09ed0_0;
    %cmpi/e 9, 0, 4;
    %jmp/0xz  T_5.63, 4;
    %pushi/vec4 4, 0, 3;
    %assign/vec4 v0x556d42c0a4e0_0, 0;
    %pushi/vec4 0, 0, 4;
    %assign/vec4 v0x556d42c09ed0_0, 0;
    %jmp T_5.64;
T_5.63 ;
    %pushi/vec4 3, 0, 3;
    %assign/vec4 v0x556d42c0a4e0_0, 0;
T_5.64 ;
T_5.62 ;
T_5.60 ;
T_5.57 ;
    %jmp T_5.8;
T_5.6 ;
    %load/vec4 v0x556d42c0a340_0;
    %nor/r;
    %load/vec4 v0x556d42c099e0_0;
    %nor/r;
    %and;
    %flag_set/vec4 8;
    %jmp/0xz  T_5.65, 8;
    %load/vec4 v0x556d42c09ed0_0;
    %cmpi/u 10, 0, 4;
    %flag_or 5, 4;
    %jmp/0xz  T_5.67, 5;
    %load/vec4 v0x556d42c09ed0_0;
    %addi 1, 0, 4;
    %store/vec4 v0x556d42c09ed0_0, 0, 4;
T_5.69 ;
    %load/vec4 v0x556d42c09ed0_0;
    %ix/load 4, 3, 0;
    %flag_set/imm 4, 0;
    %load/vec4a v0x556d42c0a040, 4;
    %cmp/e;
    %flag_mov 8, 4;
    %load/vec4 v0x556d42c09ed0_0;
    %ix/load 4, 2, 0;
    %flag_set/imm 4, 0;
    %load/vec4a v0x556d42c0a040, 4;
    %cmp/e;
    %flag_or 4, 8;
    %flag_mov 8, 4;
    %load/vec4 v0x556d42c09ed0_0;
    %ix/load 4, 1, 0;
    %flag_set/imm 4, 0;
    %load/vec4a v0x556d42c0a040, 4;
    %cmp/e;
    %flag_or 4, 8;
    %flag_mov 8, 4;
    %load/vec4 v0x556d42c09ed0_0;
    %ix/load 4, 0, 0;
    %flag_set/imm 4, 0;
    %load/vec4a v0x556d42c0a040, 4;
    %cmp/e;
    %flag_get/vec4 4;
    %load/vec4 v0x556d42c09ed0_0;
    %pad/u 32;
    %addi 1, 0, 32;
    %cmpi/u 10, 0, 32;
    %flag_get/vec4 5;
    %and;
    %flag_set/vec4 9;
    %flag_or 9, 8;
    %jmp/0xz T_5.70, 9;
    %load/vec4 v0x556d42c09ed0_0;
    %addi 1, 0, 4;
    %store/vec4 v0x556d42c09ed0_0, 0, 4;
    %jmp T_5.69;
T_5.70 ;
    %pushi/vec4 1, 0, 1;
    %assign/vec4 v0x556d42c09a80_0, 0;
    %pushi/vec4 0, 0, 1;
    %assign/vec4 v0x556d42c09860_0, 0;
    %ix/load 4, 3, 0;
    %flag_set/imm 4, 0;
    %load/vec4a v0x556d42c0a040, 4;
    %ix/load 4, 2, 0;
    %flag_set/imm 4, 0;
    %load/vec4a v0x556d42c0a040, 4;
    %concat/vec4; draw_concat_vec4
    %ix/load 4, 1, 0;
    %flag_set/imm 4, 0;
    %load/vec4a v0x556d42c0a040, 4;
    %concat/vec4; draw_concat_vec4
    %load/vec4 v0x556d42c09ed0_0;
    %concat/vec4; draw_concat_vec4
    %assign/vec4 v0x556d42c0a710_0, 0;
T_5.67 ;
T_5.65 ;
    %load/vec4 v0x556d42c0a270_0;
    %load/vec4 v0x556d42c0a340_0;
    %nor/r;
    %and;
    %flag_set/vec4 8;
    %jmp/0xz  T_5.71, 8;
    %pushi/vec4 0, 0, 1;
    %assign/vec4 v0x556d42c09a80_0, 0;
    %pushi/vec4 1, 0, 1;
    %assign/vec4 v0x556d42c09860_0, 0;
T_5.71 ;
    %load/vec4 v0x556d42c0a340_0;
    %flag_set/vec4 8;
    %jmp/0xz  T_5.73, 8;
    %load/vec4 v0x556d42c0a650_0;
    %cmpi/e 4, 0, 3;
    %jmp/0xz  T_5.75, 4;
    %load/vec4 v0x556d42c09f70_0;
    %parti/s 4, 12, 5;
    %ix/load 3, 3, 0;
    %flag_set/imm 4, 0;
    %ix/load 4, 0, 0; Constant delay
    %assign/vec4/a/d v0x556d42c0a040, 0, 4;
    %load/vec4 v0x556d42c09f70_0;
    %parti/s 4, 8, 5;
    %ix/load 3, 2, 0;
    %flag_set/imm 4, 0;
    %ix/load 4, 0, 0; Constant delay
    %assign/vec4/a/d v0x556d42c0a040, 0, 4;
    %load/vec4 v0x556d42c09f70_0;
    %parti/s 4, 4, 4;
    %ix/load 3, 1, 0;
    %flag_set/imm 4, 0;
    %ix/load 4, 0, 0; Constant delay
    %assign/vec4/a/d v0x556d42c0a040, 0, 4;
    %load/vec4 v0x556d42c09f70_0;
    %parti/s 4, 0, 2;
    %ix/load 3, 0, 0;
    %flag_set/imm 4, 0;
    %ix/load 4, 0, 0; Constant delay
    %assign/vec4/a/d v0x556d42c0a040, 0, 4;
    %pushi/vec4 5, 0, 3;
    %assign/vec4 v0x556d42c0a4e0_0, 0;
    %load/vec4 v0x556d42c0a650_0;
    %assign/vec4 v0x556d42c0a190_0, 0;
    %pushi/vec4 0, 0, 4;
    %assign/vec4 v0x556d42c09ed0_0, 0;
    %jmp T_5.76;
T_5.75 ;
    %pushi/vec4 4, 0, 3;
    %assign/vec4 v0x556d42c0a4e0_0, 0;
T_5.76 ;
T_5.73 ;
    %jmp T_5.8;
T_5.7 ;
    %load/vec4 v0x556d42c0a340_0;
    %nor/r;
    %load/vec4 v0x556d42c099e0_0;
    %nor/r;
    %and;
    %flag_set/vec4 8;
    %jmp/0xz  T_5.77, 8;
    %pushi/vec4 1, 0, 1;
    %assign/vec4 v0x556d42c09a80_0, 0;
    %pushi/vec4 0, 0, 1;
    %assign/vec4 v0x556d42c09860_0, 0;
    %load/vec4 v0x556d42c09d60_0;
    %dup/vec4;
    %pushi/vec4 1, 0, 5;
    %cmp/u;
    %jmp/1 T_5.79, 6;
    %dup/vec4;
    %pushi/vec4 2, 0, 5;
    %cmp/u;
    %jmp/1 T_5.80, 6;
    %dup/vec4;
    %pushi/vec4 3, 0, 5;
    %cmp/u;
    %jmp/1 T_5.81, 6;
    %dup/vec4;
    %pushi/vec4 4, 0, 5;
    %cmp/u;
    %jmp/1 T_5.82, 6;
    %dup/vec4;
    %pushi/vec4 5, 0, 5;
    %cmp/u;
    %jmp/1 T_5.83, 6;
    %dup/vec4;
    %pushi/vec4 6, 0, 5;
    %cmp/u;
    %jmp/1 T_5.84, 6;
    %dup/vec4;
    %pushi/vec4 7, 0, 5;
    %cmp/u;
    %jmp/1 T_5.85, 6;
    %dup/vec4;
    %pushi/vec4 8, 0, 5;
    %cmp/u;
    %jmp/1 T_5.86, 6;
    %dup/vec4;
    %pushi/vec4 9, 0, 5;
    %cmp/u;
    %jmp/1 T_5.87, 6;
    %dup/vec4;
    %pushi/vec4 10, 0, 5;
    %cmp/u;
    %jmp/1 T_5.88, 6;
    %dup/vec4;
    %pushi/vec4 11, 0, 5;
    %cmp/u;
    %jmp/1 T_5.89, 6;
    %dup/vec4;
    %pushi/vec4 12, 0, 5;
    %cmp/u;
    %jmp/1 T_5.90, 6;
    %dup/vec4;
    %pushi/vec4 13, 0, 5;
    %cmp/u;
    %jmp/1 T_5.91, 6;
    %dup/vec4;
    %pushi/vec4 14, 0, 5;
    %cmp/u;
    %jmp/1 T_5.92, 6;
    %dup/vec4;
    %pushi/vec4 15, 0, 5;
    %cmp/u;
    %jmp/1 T_5.93, 6;
    %dup/vec4;
    %pushi/vec4 16, 0, 5;
    %cmp/u;
    %jmp/1 T_5.94, 6;
    %dup/vec4;
    %pushi/vec4 17, 0, 5;
    %cmp/u;
    %jmp/1 T_5.95, 6;
    %dup/vec4;
    %pushi/vec4 18, 0, 5;
    %cmp/u;
    %jmp/1 T_5.96, 6;
    %dup/vec4;
    %pushi/vec4 19, 0, 5;
    %cmp/u;
    %jmp/1 T_5.97, 6;
    %dup/vec4;
    %pushi/vec4 20, 0, 5;
    %cmp/u;
    %jmp/1 T_5.98, 6;
    %dup/vec4;
    %pushi/vec4 21, 0, 5;
    %cmp/u;
    %jmp/1 T_5.99, 6;
    %dup/vec4;
    %pushi/vec4 22, 0, 5;
    %cmp/u;
    %jmp/1 T_5.100, 6;
    %dup/vec4;
    %pushi/vec4 23, 0, 5;
    %cmp/u;
    %jmp/1 T_5.101, 6;
    %dup/vec4;
    %pushi/vec4 24, 0, 5;
    %cmp/u;
    %jmp/1 T_5.102, 6;
    %jmp T_5.103;
T_5.79 ;
    %ix/load 4, 3, 0;
    %flag_set/imm 4, 0;
    %load/vec4a v0x556d42c0a040, 4;
    %ix/load 4, 12, 0;
    %ix/load 5, 0, 0;
    %flag_set/imm 4, 0;
    %assign/vec4/off/d v0x556d42c0a710_0, 4, 5;
    %ix/load 4, 2, 0;
    %flag_set/imm 4, 0;
    %load/vec4a v0x556d42c0a040, 4;
    %ix/load 4, 8, 0;
    %ix/load 5, 0, 0;
    %flag_set/imm 4, 0;
    %assign/vec4/off/d v0x556d42c0a710_0, 4, 5;
    %ix/load 4, 1, 0;
    %flag_set/imm 4, 0;
    %load/vec4a v0x556d42c0a040, 4;
    %ix/load 4, 4, 0;
    %ix/load 5, 0, 0;
    %flag_set/imm 4, 0;
    %assign/vec4/off/d v0x556d42c0a710_0, 4, 5;
    %ix/load 4, 0, 0;
    %flag_set/imm 4, 0;
    %load/vec4a v0x556d42c0a040, 4;
    %ix/load 4, 0, 0;
    %ix/load 5, 0, 0;
    %flag_set/imm 4, 0;
    %assign/vec4/off/d v0x556d42c0a710_0, 4, 5;
    %jmp T_5.103;
T_5.80 ;
    %ix/load 4, 3, 0;
    %flag_set/imm 4, 0;
    %load/vec4a v0x556d42c0a040, 4;
    %ix/load 4, 12, 0;
    %ix/load 5, 0, 0;
    %flag_set/imm 4, 0;
    %assign/vec4/off/d v0x556d42c0a710_0, 4, 5;
    %ix/load 4, 2, 0;
    %flag_set/imm 4, 0;
    %load/vec4a v0x556d42c0a040, 4;
    %ix/load 4, 8, 0;
    %ix/load 5, 0, 0;
    %flag_set/imm 4, 0;
    %assign/vec4/off/d v0x556d42c0a710_0, 4, 5;
    %ix/load 4, 0, 0;
    %flag_set/imm 4, 0;
    %load/vec4a v0x556d42c0a040, 4;
    %ix/load 4, 4, 0;
    %ix/load 5, 0, 0;
    %flag_set/imm 4, 0;
    %assign/vec4/off/d v0x556d42c0a710_0, 4, 5;
    %ix/load 4, 1, 0;
    %flag_set/imm 4, 0;
    %load/vec4a v0x556d42c0a040, 4;
    %ix/load 4, 0, 0;
    %ix/load 5, 0, 0;
    %flag_set/imm 4, 0;
    %assign/vec4/off/d v0x556d42c0a710_0, 4, 5;
    %jmp T_5.103;
T_5.81 ;
    %ix/load 4, 3, 0;
    %flag_set/imm 4, 0;
    %load/vec4a v0x556d42c0a040, 4;
    %ix/load 4, 12, 0;
    %ix/load 5, 0, 0;
    %flag_set/imm 4, 0;
    %assign/vec4/off/d v0x556d42c0a710_0, 4, 5;
    %ix/load 4, 1, 0;
    %flag_set/imm 4, 0;
    %load/vec4a v0x556d42c0a040, 4;
    %ix/load 4, 8, 0;
    %ix/load 5, 0, 0;
    %flag_set/imm 4, 0;
    %assign/vec4/off/d v0x556d42c0a710_0, 4, 5;
    %ix/load 4, 2, 0;
    %flag_set/imm 4, 0;
    %load/vec4a v0x556d42c0a040, 4;
    %ix/load 4, 4, 0;
    %ix/load 5, 0, 0;
    %flag_set/imm 4, 0;
    %assign/vec4/off/d v0x556d42c0a710_0, 4, 5;
    %ix/load 4, 0, 0;
    %flag_set/imm 4, 0;
    %load/vec4a v0x556d42c0a040, 4;
    %ix/load 4, 0, 0;
    %ix/load 5, 0, 0;
    %flag_set/imm 4, 0;
    %assign/vec4/off/d v0x556d42c0a710_0, 4, 5;
    %jmp T_5.103;
T_5.82 ;
    %ix/load 4, 3, 0;
    %flag_set/imm 4, 0;
    %load/vec4a v0x556d42c0a040, 4;
    %ix/load 4, 12, 0;
    %ix/load 5, 0, 0;
    %flag_set/imm 4, 0;
    %assign/vec4/off/d v0x556d42c0a710_0, 4, 5;
    %ix/load 4, 1, 0;
    %flag_set/imm 4, 0;
    %load/vec4a v0x556d42c0a040, 4;
    %ix/load 4, 8, 0;
    %ix/load 5, 0, 0;
    %flag_set/imm 4, 0;
    %assign/vec4/off/d v0x556d42c0a710_0, 4, 5;
    %ix/load 4, 0, 0;
    %flag_set/imm 4, 0;
    %load/vec4a v0x556d42c0a040, 4;
    %ix/load 4, 4, 0;
    %ix/load 5, 0, 0;
    %flag_set/imm 4, 0;
    %assign/vec4/off/d v0x556d42c0a710_0, 4, 5;
    %ix/load 4, 2, 0;
    %flag_set/imm 4, 0;
    %load/vec4a v0x556d42c0a040, 4;
    %ix/load 4, 0, 0;
    %ix/load 5, 0, 0;
    %flag_set/imm 4, 0;
    %assign/vec4/off/d v0x556d42c0a710_0, 4, 5;
    %jmp T_5.103;
T_5.83 ;
    %ix/load 4, 3, 0;
    %flag_set/imm 4, 0;
    %load/vec4a v0x556d42c0a040, 4;
    %ix/load 4, 12, 0;
    %ix/load 5, 0, 0;
    %flag_set/imm 4, 0;
    %assign/vec4/off/d v0x556d42c0a710_0, 4, 5;
    %ix/load 4, 0, 0;
    %flag_set/imm 4, 0;
    %load/vec4a v0x556d42c0a040, 4;
    %ix/load 4, 8, 0;
    %ix/load 5, 0, 0;
    %flag_set/imm 4, 0;
    %assign/vec4/off/d v0x556d42c0a710_0, 4, 5;
    %ix/load 4, 2, 0;
    %flag_set/imm 4, 0;
    %load/vec4a v0x556d42c0a040, 4;
    %ix/load 4, 4, 0;
    %ix/load 5, 0, 0;
    %flag_set/imm 4, 0;
    %assign/vec4/off/d v0x556d42c0a710_0, 4, 5;
    %ix/load 4, 1, 0;
    %flag_set/imm 4, 0;
    %load/vec4a v0x556d42c0a040, 4;
    %ix/load 4, 0, 0;
    %ix/load 5, 0, 0;
    %flag_set/imm 4, 0;
    %assign/vec4/off/d v0x556d42c0a710_0, 4, 5;
    %jmp T_5.103;
T_5.84 ;
    %ix/load 4, 3, 0;
    %flag_set/imm 4, 0;
    %load/vec4a v0x556d42c0a040, 4;
    %ix/load 4, 12, 0;
    %ix/load 5, 0, 0;
    %flag_set/imm 4, 0;
    %assign/vec4/off/d v0x556d42c0a710_0, 4, 5;
    %ix/load 4, 0, 0;
    %flag_set/imm 4, 0;
    %load/vec4a v0x556d42c0a040, 4;
    %ix/load 4, 8, 0;
    %ix/load 5, 0, 0;
    %flag_set/imm 4, 0;
    %assign/vec4/off/d v0x556d42c0a710_0, 4, 5;
    %ix/load 4, 1, 0;
    %flag_set/imm 4, 0;
    %load/vec4a v0x556d42c0a040, 4;
    %ix/load 4, 4, 0;
    %ix/load 5, 0, 0;
    %flag_set/imm 4, 0;
    %assign/vec4/off/d v0x556d42c0a710_0, 4, 5;
    %ix/load 4, 2, 0;
    %flag_set/imm 4, 0;
    %load/vec4a v0x556d42c0a040, 4;
    %ix/load 4, 0, 0;
    %ix/load 5, 0, 0;
    %flag_set/imm 4, 0;
    %assign/vec4/off/d v0x556d42c0a710_0, 4, 5;
    %jmp T_5.103;
T_5.85 ;
    %ix/load 4, 2, 0;
    %flag_set/imm 4, 0;
    %load/vec4a v0x556d42c0a040, 4;
    %ix/load 4, 12, 0;
    %ix/load 5, 0, 0;
    %flag_set/imm 4, 0;
    %assign/vec4/off/d v0x556d42c0a710_0, 4, 5;
    %ix/load 4, 3, 0;
    %flag_set/imm 4, 0;
    %load/vec4a v0x556d42c0a040, 4;
    %ix/load 4, 8, 0;
    %ix/load 5, 0, 0;
    %flag_set/imm 4, 0;
    %assign/vec4/off/d v0x556d42c0a710_0, 4, 5;
    %ix/load 4, 1, 0;
    %flag_set/imm 4, 0;
    %load/vec4a v0x556d42c0a040, 4;
    %ix/load 4, 4, 0;
    %ix/load 5, 0, 0;
    %flag_set/imm 4, 0;
    %assign/vec4/off/d v0x556d42c0a710_0, 4, 5;
    %ix/load 4, 0, 0;
    %flag_set/imm 4, 0;
    %load/vec4a v0x556d42c0a040, 4;
    %ix/load 4, 0, 0;
    %ix/load 5, 0, 0;
    %flag_set/imm 4, 0;
    %assign/vec4/off/d v0x556d42c0a710_0, 4, 5;
    %jmp T_5.103;
T_5.86 ;
    %ix/load 4, 2, 0;
    %flag_set/imm 4, 0;
    %load/vec4a v0x556d42c0a040, 4;
    %ix/load 4, 12, 0;
    %ix/load 5, 0, 0;
    %flag_set/imm 4, 0;
    %assign/vec4/off/d v0x556d42c0a710_0, 4, 5;
    %ix/load 4, 3, 0;
    %flag_set/imm 4, 0;
    %load/vec4a v0x556d42c0a040, 4;
    %ix/load 4, 8, 0;
    %ix/load 5, 0, 0;
    %flag_set/imm 4, 0;
    %assign/vec4/off/d v0x556d42c0a710_0, 4, 5;
    %ix/load 4, 0, 0;
    %flag_set/imm 4, 0;
    %load/vec4a v0x556d42c0a040, 4;
    %ix/load 4, 4, 0;
    %ix/load 5, 0, 0;
    %flag_set/imm 4, 0;
    %assign/vec4/off/d v0x556d42c0a710_0, 4, 5;
    %ix/load 4, 1, 0;
    %flag_set/imm 4, 0;
    %load/vec4a v0x556d42c0a040, 4;
    %ix/load 4, 0, 0;
    %ix/load 5, 0, 0;
    %flag_set/imm 4, 0;
    %assign/vec4/off/d v0x556d42c0a710_0, 4, 5;
    %jmp T_5.103;
T_5.87 ;
    %ix/load 4, 2, 0;
    %flag_set/imm 4, 0;
    %load/vec4a v0x556d42c0a040, 4;
    %ix/load 4, 12, 0;
    %ix/load 5, 0, 0;
    %flag_set/imm 4, 0;
    %assign/vec4/off/d v0x556d42c0a710_0, 4, 5;
    %ix/load 4, 1, 0;
    %flag_set/imm 4, 0;
    %load/vec4a v0x556d42c0a040, 4;
    %ix/load 4, 8, 0;
    %ix/load 5, 0, 0;
    %flag_set/imm 4, 0;
    %assign/vec4/off/d v0x556d42c0a710_0, 4, 5;
    %ix/load 4, 3, 0;
    %flag_set/imm 4, 0;
    %load/vec4a v0x556d42c0a040, 4;
    %ix/load 4, 4, 0;
    %ix/load 5, 0, 0;
    %flag_set/imm 4, 0;
    %assign/vec4/off/d v0x556d42c0a710_0, 4, 5;
    %ix/load 4, 0, 0;
    %flag_set/imm 4, 0;
    %load/vec4a v0x556d42c0a040, 4;
    %ix/load 4, 0, 0;
    %ix/load 5, 0, 0;
    %flag_set/imm 4, 0;
    %assign/vec4/off/d v0x556d42c0a710_0, 4, 5;
    %jmp T_5.103;
T_5.88 ;
    %ix/load 4, 2, 0;
    %flag_set/imm 4, 0;
    %load/vec4a v0x556d42c0a040, 4;
    %ix/load 4, 12, 0;
    %ix/load 5, 0, 0;
    %flag_set/imm 4, 0;
    %assign/vec4/off/d v0x556d42c0a710_0, 4, 5;
    %ix/load 4, 1, 0;
    %flag_set/imm 4, 0;
    %load/vec4a v0x556d42c0a040, 4;
    %ix/load 4, 8, 0;
    %ix/load 5, 0, 0;
    %flag_set/imm 4, 0;
    %assign/vec4/off/d v0x556d42c0a710_0, 4, 5;
    %ix/load 4, 0, 0;
    %flag_set/imm 4, 0;
    %load/vec4a v0x556d42c0a040, 4;
    %ix/load 4, 4, 0;
    %ix/load 5, 0, 0;
    %flag_set/imm 4, 0;
    %assign/vec4/off/d v0x556d42c0a710_0, 4, 5;
    %ix/load 4, 3, 0;
    %flag_set/imm 4, 0;
    %load/vec4a v0x556d42c0a040, 4;
    %ix/load 4, 0, 0;
    %ix/load 5, 0, 0;
    %flag_set/imm 4, 0;
    %assign/vec4/off/d v0x556d42c0a710_0, 4, 5;
    %jmp T_5.103;
T_5.89 ;
    %ix/load 4, 2, 0;
    %flag_set/imm 4, 0;
    %load/vec4a v0x556d42c0a040, 4;
    %ix/load 4, 12, 0;
    %ix/load 5, 0, 0;
    %flag_set/imm 4, 0;
    %assign/vec4/off/d v0x556d42c0a710_0, 4, 5;
    %ix/load 4, 0, 0;
    %flag_set/imm 4, 0;
    %load/vec4a v0x556d42c0a040, 4;
    %ix/load 4, 8, 0;
    %ix/load 5, 0, 0;
    %flag_set/imm 4, 0;
    %assign/vec4/off/d v0x556d42c0a710_0, 4, 5;
    %ix/load 4, 3, 0;
    %flag_set/imm 4, 0;
    %load/vec4a v0x556d42c0a040, 4;
    %ix/load 4, 4, 0;
    %ix/load 5, 0, 0;
    %flag_set/imm 4, 0;
    %assign/vec4/off/d v0x556d42c0a710_0, 4, 5;
    %ix/load 4, 1, 0;
    %flag_set/imm 4, 0;
    %load/vec4a v0x556d42c0a040, 4;
    %ix/load 4, 0, 0;
    %ix/load 5, 0, 0;
    %flag_set/imm 4, 0;
    %assign/vec4/off/d v0x556d42c0a710_0, 4, 5;
    %jmp T_5.103;
T_5.90 ;
    %ix/load 4, 2, 0;
    %flag_set/imm 4, 0;
    %load/vec4a v0x556d42c0a040, 4;
    %ix/load 4, 12, 0;
    %ix/load 5, 0, 0;
    %flag_set/imm 4, 0;
    %assign/vec4/off/d v0x556d42c0a710_0, 4, 5;
    %ix/load 4, 0, 0;
    %flag_set/imm 4, 0;
    %load/vec4a v0x556d42c0a040, 4;
    %ix/load 4, 8, 0;
    %ix/load 5, 0, 0;
    %flag_set/imm 4, 0;
    %assign/vec4/off/d v0x556d42c0a710_0, 4, 5;
    %ix/load 4, 1, 0;
    %flag_set/imm 4, 0;
    %load/vec4a v0x556d42c0a040, 4;
    %ix/load 4, 4, 0;
    %ix/load 5, 0, 0;
    %flag_set/imm 4, 0;
    %assign/vec4/off/d v0x556d42c0a710_0, 4, 5;
    %ix/load 4, 3, 0;
    %flag_set/imm 4, 0;
    %load/vec4a v0x556d42c0a040, 4;
    %ix/load 4, 0, 0;
    %ix/load 5, 0, 0;
    %flag_set/imm 4, 0;
    %assign/vec4/off/d v0x556d42c0a710_0, 4, 5;
    %jmp T_5.103;
T_5.91 ;
    %ix/load 4, 1, 0;
    %flag_set/imm 4, 0;
    %load/vec4a v0x556d42c0a040, 4;
    %ix/load 4, 12, 0;
    %ix/load 5, 0, 0;
    %flag_set/imm 4, 0;
    %assign/vec4/off/d v0x556d42c0a710_0, 4, 5;
    %ix/load 4, 3, 0;
    %flag_set/imm 4, 0;
    %load/vec4a v0x556d42c0a040, 4;
    %ix/load 4, 8, 0;
    %ix/load 5, 0, 0;
    %flag_set/imm 4, 0;
    %assign/vec4/off/d v0x556d42c0a710_0, 4, 5;
    %ix/load 4, 2, 0;
    %flag_set/imm 4, 0;
    %load/vec4a v0x556d42c0a040, 4;
    %ix/load 4, 4, 0;
    %ix/load 5, 0, 0;
    %flag_set/imm 4, 0;
    %assign/vec4/off/d v0x556d42c0a710_0, 4, 5;
    %ix/load 4, 0, 0;
    %flag_set/imm 4, 0;
    %load/vec4a v0x556d42c0a040, 4;
    %ix/load 4, 0, 0;
    %ix/load 5, 0, 0;
    %flag_set/imm 4, 0;
    %assign/vec4/off/d v0x556d42c0a710_0, 4, 5;
    %jmp T_5.103;
T_5.92 ;
    %ix/load 4, 1, 0;
    %flag_set/imm 4, 0;
    %load/vec4a v0x556d42c0a040, 4;
    %ix/load 4, 12, 0;
    %ix/load 5, 0, 0;
    %flag_set/imm 4, 0;
    %assign/vec4/off/d v0x556d42c0a710_0, 4, 5;
    %ix/load 4, 3, 0;
    %flag_set/imm 4, 0;
    %load/vec4a v0x556d42c0a040, 4;
    %ix/load 4, 8, 0;
    %ix/load 5, 0, 0;
    %flag_set/imm 4, 0;
    %assign/vec4/off/d v0x556d42c0a710_0, 4, 5;
    %ix/load 4, 0, 0;
    %flag_set/imm 4, 0;
    %load/vec4a v0x556d42c0a040, 4;
    %ix/load 4, 4, 0;
    %ix/load 5, 0, 0;
    %flag_set/imm 4, 0;
    %assign/vec4/off/d v0x556d42c0a710_0, 4, 5;
    %ix/load 4, 2, 0;
    %flag_set/imm 4, 0;
    %load/vec4a v0x556d42c0a040, 4;
    %ix/load 4, 0, 0;
    %ix/load 5, 0, 0;
    %flag_set/imm 4, 0;
    %assign/vec4/off/d v0x556d42c0a710_0, 4, 5;
    %jmp T_5.103;
T_5.93 ;
    %ix/load 4, 1, 0;
    %flag_set/imm 4, 0;
    %load/vec4a v0x556d42c0a040, 4;
    %ix/load 4, 12, 0;
    %ix/load 5, 0, 0;
    %flag_set/imm 4, 0;
    %assign/vec4/off/d v0x556d42c0a710_0, 4, 5;
    %ix/load 4, 2, 0;
    %flag_set/imm 4, 0;
    %load/vec4a v0x556d42c0a040, 4;
    %ix/load 4, 8, 0;
    %ix/load 5, 0, 0;
    %flag_set/imm 4, 0;
    %assign/vec4/off/d v0x556d42c0a710_0, 4, 5;
    %ix/load 4, 3, 0;
    %flag_set/imm 4, 0;
    %load/vec4a v0x556d42c0a040, 4;
    %ix/load 4, 4, 0;
    %ix/load 5, 0, 0;
    %flag_set/imm 4, 0;
    %assign/vec4/off/d v0x556d42c0a710_0, 4, 5;
    %ix/load 4, 0, 0;
    %flag_set/imm 4, 0;
    %load/vec4a v0x556d42c0a040, 4;
    %ix/load 4, 0, 0;
    %ix/load 5, 0, 0;
    %flag_set/imm 4, 0;
    %assign/vec4/off/d v0x556d42c0a710_0, 4, 5;
    %jmp T_5.103;
T_5.94 ;
    %ix/load 4, 1, 0;
    %flag_set/imm 4, 0;
    %load/vec4a v0x556d42c0a040, 4;
    %ix/load 4, 12, 0;
    %ix/load 5, 0, 0;
    %flag_set/imm 4, 0;
    %assign/vec4/off/d v0x556d42c0a710_0, 4, 5;
    %ix/load 4, 2, 0;
    %flag_set/imm 4, 0;
    %load/vec4a v0x556d42c0a040, 4;
    %ix/load 4, 8, 0;
    %ix/load 5, 0, 0;
    %flag_set/imm 4, 0;
    %assign/vec4/off/d v0x556d42c0a710_0, 4, 5;
    %ix/load 4, 0, 0;
    %flag_set/imm 4, 0;
    %load/vec4a v0x556d42c0a040, 4;
    %ix/load 4, 4, 0;
    %ix/load 5, 0, 0;
    %flag_set/imm 4, 0;
    %assign/vec4/off/d v0x556d42c0a710_0, 4, 5;
    %ix/load 4, 3, 0;
    %flag_set/imm 4, 0;
    %load/vec4a v0x556d42c0a040, 4;
    %ix/load 4, 0, 0;
    %ix/load 5, 0, 0;
    %flag_set/imm 4, 0;
    %assign/vec4/off/d v0x556d42c0a710_0, 4, 5;
    %jmp T_5.103;
T_5.95 ;
    %ix/load 4, 1, 0;
    %flag_set/imm 4, 0;
    %load/vec4a v0x556d42c0a040, 4;
    %ix/load 4, 12, 0;
    %ix/load 5, 0, 0;
    %flag_set/imm 4, 0;
    %assign/vec4/off/d v0x556d42c0a710_0, 4, 5;
    %ix/load 4, 0, 0;
    %flag_set/imm 4, 0;
    %load/vec4a v0x556d42c0a040, 4;
    %ix/load 4, 8, 0;
    %ix/load 5, 0, 0;
    %flag_set/imm 4, 0;
    %assign/vec4/off/d v0x556d42c0a710_0, 4, 5;
    %ix/load 4, 3, 0;
    %flag_set/imm 4, 0;
    %load/vec4a v0x556d42c0a040, 4;
    %ix/load 4, 4, 0;
    %ix/load 5, 0, 0;
    %flag_set/imm 4, 0;
    %assign/vec4/off/d v0x556d42c0a710_0, 4, 5;
    %ix/load 4, 2, 0;
    %flag_set/imm 4, 0;
    %load/vec4a v0x556d42c0a040, 4;
    %ix/load 4, 0, 0;
    %ix/load 5, 0, 0;
    %flag_set/imm 4, 0;
    %assign/vec4/off/d v0x556d42c0a710_0, 4, 5;
    %jmp T_5.103;
T_5.96 ;
    %ix/load 4, 1, 0;
    %flag_set/imm 4, 0;
    %load/vec4a v0x556d42c0a040, 4;
    %ix/load 4, 12, 0;
    %ix/load 5, 0, 0;
    %flag_set/imm 4, 0;
    %assign/vec4/off/d v0x556d42c0a710_0, 4, 5;
    %ix/load 4, 0, 0;
    %flag_set/imm 4, 0;
    %load/vec4a v0x556d42c0a040, 4;
    %ix/load 4, 8, 0;
    %ix/load 5, 0, 0;
    %flag_set/imm 4, 0;
    %assign/vec4/off/d v0x556d42c0a710_0, 4, 5;
    %ix/load 4, 2, 0;
    %flag_set/imm 4, 0;
    %load/vec4a v0x556d42c0a040, 4;
    %ix/load 4, 4, 0;
    %ix/load 5, 0, 0;
    %flag_set/imm 4, 0;
    %assign/vec4/off/d v0x556d42c0a710_0, 4, 5;
    %ix/load 4, 3, 0;
    %flag_set/imm 4, 0;
    %load/vec4a v0x556d42c0a040, 4;
    %ix/load 4, 0, 0;
    %ix/load 5, 0, 0;
    %flag_set/imm 4, 0;
    %assign/vec4/off/d v0x556d42c0a710_0, 4, 5;
    %jmp T_5.103;
T_5.97 ;
    %ix/load 4, 0, 0;
    %flag_set/imm 4, 0;
    %load/vec4a v0x556d42c0a040, 4;
    %ix/load 4, 12, 0;
    %ix/load 5, 0, 0;
    %flag_set/imm 4, 0;
    %assign/vec4/off/d v0x556d42c0a710_0, 4, 5;
    %ix/load 4, 3, 0;
    %flag_set/imm 4, 0;
    %load/vec4a v0x556d42c0a040, 4;
    %ix/load 4, 8, 0;
    %ix/load 5, 0, 0;
    %flag_set/imm 4, 0;
    %assign/vec4/off/d v0x556d42c0a710_0, 4, 5;
    %ix/load 4, 2, 0;
    %flag_set/imm 4, 0;
    %load/vec4a v0x556d42c0a040, 4;
    %ix/load 4, 4, 0;
    %ix/load 5, 0, 0;
    %flag_set/imm 4, 0;
    %assign/vec4/off/d v0x556d42c0a710_0, 4, 5;
    %ix/load 4, 1, 0;
    %flag_set/imm 4, 0;
    %load/vec4a v0x556d42c0a040, 4;
    %ix/load 4, 0, 0;
    %ix/load 5, 0, 0;
    %flag_set/imm 4, 0;
    %assign/vec4/off/d v0x556d42c0a710_0, 4, 5;
    %jmp T_5.103;
T_5.98 ;
    %ix/load 4, 0, 0;
    %flag_set/imm 4, 0;
    %load/vec4a v0x556d42c0a040, 4;
    %ix/load 4, 12, 0;
    %ix/load 5, 0, 0;
    %flag_set/imm 4, 0;
    %assign/vec4/off/d v0x556d42c0a710_0, 4, 5;
    %ix/load 4, 3, 0;
    %flag_set/imm 4, 0;
    %load/vec4a v0x556d42c0a040, 4;
    %ix/load 4, 8, 0;
    %ix/load 5, 0, 0;
    %flag_set/imm 4, 0;
    %assign/vec4/off/d v0x556d42c0a710_0, 4, 5;
    %ix/load 4, 1, 0;
    %flag_set/imm 4, 0;
    %load/vec4a v0x556d42c0a040, 4;
    %ix/load 4, 4, 0;
    %ix/load 5, 0, 0;
    %flag_set/imm 4, 0;
    %assign/vec4/off/d v0x556d42c0a710_0, 4, 5;
    %ix/load 4, 2, 0;
    %flag_set/imm 4, 0;
    %load/vec4a v0x556d42c0a040, 4;
    %ix/load 4, 0, 0;
    %ix/load 5, 0, 0;
    %flag_set/imm 4, 0;
    %assign/vec4/off/d v0x556d42c0a710_0, 4, 5;
    %jmp T_5.103;
T_5.99 ;
    %ix/load 4, 0, 0;
    %flag_set/imm 4, 0;
    %load/vec4a v0x556d42c0a040, 4;
    %ix/load 4, 12, 0;
    %ix/load 5, 0, 0;
    %flag_set/imm 4, 0;
    %assign/vec4/off/d v0x556d42c0a710_0, 4, 5;
    %ix/load 4, 2, 0;
    %flag_set/imm 4, 0;
    %load/vec4a v0x556d42c0a040, 4;
    %ix/load 4, 8, 0;
    %ix/load 5, 0, 0;
    %flag_set/imm 4, 0;
    %assign/vec4/off/d v0x556d42c0a710_0, 4, 5;
    %ix/load 4, 3, 0;
    %flag_set/imm 4, 0;
    %load/vec4a v0x556d42c0a040, 4;
    %ix/load 4, 4, 0;
    %ix/load 5, 0, 0;
    %flag_set/imm 4, 0;
    %assign/vec4/off/d v0x556d42c0a710_0, 4, 5;
    %ix/load 4, 1, 0;
    %flag_set/imm 4, 0;
    %load/vec4a v0x556d42c0a040, 4;
    %ix/load 4, 0, 0;
    %ix/load 5, 0, 0;
    %flag_set/imm 4, 0;
    %assign/vec4/off/d v0x556d42c0a710_0, 4, 5;
    %jmp T_5.103;
T_5.100 ;
    %ix/load 4, 0, 0;
    %flag_set/imm 4, 0;
    %load/vec4a v0x556d42c0a040, 4;
    %ix/load 4, 12, 0;
    %ix/load 5, 0, 0;
    %flag_set/imm 4, 0;
    %assign/vec4/off/d v0x556d42c0a710_0, 4, 5;
    %ix/load 4, 2, 0;
    %flag_set/imm 4, 0;
    %load/vec4a v0x556d42c0a040, 4;
    %ix/load 4, 8, 0;
    %ix/load 5, 0, 0;
    %flag_set/imm 4, 0;
    %assign/vec4/off/d v0x556d42c0a710_0, 4, 5;
    %ix/load 4, 1, 0;
    %flag_set/imm 4, 0;
    %load/vec4a v0x556d42c0a040, 4;
    %ix/load 4, 4, 0;
    %ix/load 5, 0, 0;
    %flag_set/imm 4, 0;
    %assign/vec4/off/d v0x556d42c0a710_0, 4, 5;
    %ix/load 4, 3, 0;
    %flag_set/imm 4, 0;
    %load/vec4a v0x556d42c0a040, 4;
    %ix/load 4, 0, 0;
    %ix/load 5, 0, 0;
    %flag_set/imm 4, 0;
    %assign/vec4/off/d v0x556d42c0a710_0, 4, 5;
    %jmp T_5.103;
T_5.101 ;
    %ix/load 4, 0, 0;
    %flag_set/imm 4, 0;
    %load/vec4a v0x556d42c0a040, 4;
    %ix/load 4, 12, 0;
    %ix/load 5, 0, 0;
    %flag_set/imm 4, 0;
    %assign/vec4/off/d v0x556d42c0a710_0, 4, 5;
    %ix/load 4, 1, 0;
    %flag_set/imm 4, 0;
    %load/vec4a v0x556d42c0a040, 4;
    %ix/load 4, 8, 0;
    %ix/load 5, 0, 0;
    %flag_set/imm 4, 0;
    %assign/vec4/off/d v0x556d42c0a710_0, 4, 5;
    %ix/load 4, 3, 0;
    %flag_set/imm 4, 0;
    %load/vec4a v0x556d42c0a040, 4;
    %ix/load 4, 4, 0;
    %ix/load 5, 0, 0;
    %flag_set/imm 4, 0;
    %assign/vec4/off/d v0x556d42c0a710_0, 4, 5;
    %ix/load 4, 2, 0;
    %flag_set/imm 4, 0;
    %load/vec4a v0x556d42c0a040, 4;
    %ix/load 4, 0, 0;
    %ix/load 5, 0, 0;
    %flag_set/imm 4, 0;
    %assign/vec4/off/d v0x556d42c0a710_0, 4, 5;
    %jmp T_5.103;
T_5.102 ;
    %ix/load 4, 0, 0;
    %flag_set/imm 4, 0;
    %load/vec4a v0x556d42c0a040, 4;
    %ix/load 4, 12, 0;
    %ix/load 5, 0, 0;
    %flag_set/imm 4, 0;
    %assign/vec4/off/d v0x556d42c0a710_0, 4, 5;
    %ix/load 4, 1, 0;
    %flag_set/imm 4, 0;
    %load/vec4a v0x556d42c0a040, 4;
    %ix/load 4, 8, 0;
    %ix/load 5, 0, 0;
    %flag_set/imm 4, 0;
    %assign/vec4/off/d v0x556d42c0a710_0, 4, 5;
    %ix/load 4, 2, 0;
    %flag_set/imm 4, 0;
    %load/vec4a v0x556d42c0a040, 4;
    %ix/load 4, 4, 0;
    %ix/load 5, 0, 0;
    %flag_set/imm 4, 0;
    %assign/vec4/off/d v0x556d42c0a710_0, 4, 5;
    %ix/load 4, 3, 0;
    %flag_set/imm 4, 0;
    %load/vec4a v0x556d42c0a040, 4;
    %ix/load 4, 0, 0;
    %ix/load 5, 0, 0;
    %flag_set/imm 4, 0;
    %assign/vec4/off/d v0x556d42c0a710_0, 4, 5;
    %jmp T_5.103;
T_5.103 ;
    %pop/vec4 1;
T_5.77 ;
    %load/vec4 v0x556d42c0a270_0;
    %load/vec4 v0x556d42c0a340_0;
    %nor/r;
    %and;
    %flag_set/vec4 8;
    %jmp/0xz  T_5.104, 8;
    %pushi/vec4 0, 0, 1;
    %assign/vec4 v0x556d42c09a80_0, 0;
    %pushi/vec4 1, 0, 1;
    %assign/vec4 v0x556d42c09860_0, 0;
T_5.104 ;
    %load/vec4 v0x556d42c0a340_0;
    %flag_set/vec4 8;
    %jmp/0xz  T_5.106, 8;
    %load/vec4 v0x556d42c09e00_0;
    %nor/r;
    %flag_set/vec4 8;
    %jmp/0xz  T_5.108, 8;
    %load/vec4 v0x556d42c09d60_0;
    %pad/u 32;
    %cmpi/u 24, 0, 32;
    %jmp/0xz  T_5.110, 5;
    %load/vec4 v0x556d42c09d60_0;
    %addi 1, 0, 5;
    %assign/vec4 v0x556d42c09d60_0, 0;
T_5.110 ;
T_5.108 ;
T_5.106 ;
    %jmp T_5.8;
T_5.8 ;
    %pop/vec4 1;
T_5.1 ;
    %jmp T_5;
    .thread T_5;
    .scope S_0x556d42b16030;
T_6 ;
    %wait E_0x556d42b8d2c0;
    %load/vec4 v0x556d42c08e40_0;
    %nor/r;
    %flag_set/vec4 8;
    %jmp/0xz  T_6.0, 8;
    %pushi/vec4 0, 0, 1;
    %assign/vec4 v0x556d42c08c00_0, 0;
    %jmp T_6.1;
T_6.0 ;
    %load/vec4 v0x556d42c08cc0_0;
    %load/vec4 v0x556d42c083e0_0;
    %inv;
    %and;
    %flag_set/vec4 8;
    %jmp/0xz  T_6.2, 8;
    %pushi/vec4 0, 0, 1;
    %assign/vec4 v0x556d42c08c00_0, 0;
    %jmp T_6.3;
T_6.2 ;
    %load/vec4 v0x556d42c084a0_0;
    %flag_set/vec4 8;
    %jmp/0xz  T_6.4, 8;
    %pushi/vec4 1, 0, 1;
    %assign/vec4 v0x556d42c08c00_0, 0;
    %jmp T_6.5;
T_6.4 ;
    %pushi/vec4 0, 0, 1;
    %assign/vec4 v0x556d42c08c00_0, 0;
T_6.5 ;
T_6.3 ;
T_6.1 ;
    %jmp T_6;
    .thread T_6;
    .scope S_0x556d42b16030;
T_7 ;
    %wait E_0x556d42b8d2c0;
    %load/vec4 v0x556d42c08e40_0;
    %nor/r;
    %flag_set/vec4 8;
    %jmp/0xz  T_7.0, 8;
    %pushi/vec4 0, 0, 1;
    %assign/vec4 v0x556d42c08d80_0, 0;
    %jmp T_7.1;
T_7.0 ;
    %load/vec4 v0x556d42c084a0_0;
    %load/vec4 v0x556d42c08b40_0;
    %and;
    %flag_set/vec4 8;
    %jmp/0xz  T_7.2, 8;
    %pushi/vec4 1, 0, 1;
    %assign/vec4 v0x556d42c08d80_0, 0;
    %jmp T_7.3;
T_7.2 ;
    %load/vec4 v0x556d42c083e0_0;
    %load/vec4 v0x556d42c08cc0_0;
    %and;
    %flag_set/vec4 8;
    %jmp/0xz  T_7.4, 8;
    %pushi/vec4 0, 0, 1;
    %assign/vec4 v0x556d42c08d80_0, 0;
T_7.4 ;
T_7.3 ;
T_7.1 ;
    %jmp T_7;
    .thread T_7;
    .scope S_0x556d42b16030;
T_8 ;
    %wait E_0x556d42b8d2c0;
    %load/vec4 v0x556d42c08e40_0;
    %nor/r;
    %flag_set/vec4 8;
    %jmp/0xz  T_8.0, 8;
    %pushi/vec4 0, 0, 16;
    %assign/vec4 v0x556d42c087e0_0, 0;
    %jmp T_8.1;
T_8.0 ;
    %load/vec4 v0x556d42c084a0_0;
    %load/vec4 v0x556d42c08b40_0;
    %and;
    %flag_set/vec4 8;
    %jmp/0xz  T_8.2, 8;
    %load/vec4 v0x556d42c087e0_0;
    %addi 1, 0, 16;
    %assign/vec4 v0x556d42c087e0_0, 0;
    %jmp T_8.3;
T_8.2 ;
    %load/vec4 v0x556d42c088c0_0;
    %pad/u 32;
    %cmpi/e 200, 0, 32;
    %jmp/0xz  T_8.4, 4;
    %pushi/vec4 200, 0, 16;
    %assign/vec4 v0x556d42c087e0_0, 0;
T_8.4 ;
T_8.3 ;
T_8.1 ;
    %jmp T_8;
    .thread T_8;
    .scope S_0x556d42b16030;
T_9 ;
    %wait E_0x556d42b8d2c0;
    %load/vec4 v0x556d42c08e40_0;
    %nor/r;
    %flag_set/vec4 8;
    %jmp/0xz  T_9.0, 8;
    %pushi/vec4 0, 0, 16;
    %assign/vec4 v0x556d42c088c0_0, 0;
    %jmp T_9.1;
T_9.0 ;
    %load/vec4 v0x556d42c084a0_0;
    %load/vec4 v0x556d42c08b40_0;
    %and;
    %load/vec4 v0x556d42c083e0_0;
    %load/vec4 v0x556d42c08cc0_0;
    %and;
    %or;
    %flag_set/vec4 8;
    %jmp/0xz  T_9.2, 8;
    %pushi/vec4 0, 0, 16;
    %assign/vec4 v0x556d42c088c0_0, 0;
    %jmp T_9.3;
T_9.2 ;
    %load/vec4 v0x556d42c088c0_0;
    %addi 1, 0, 16;
    %assign/vec4 v0x556d42c088c0_0, 0;
T_9.3 ;
T_9.1 ;
    %jmp T_9;
    .thread T_9;
    .scope S_0x556d42b16030;
T_10 ;
    %wait E_0x556d42b8d2c0;
    %load/vec4 v0x556d42c08e40_0;
    %nor/r;
    %flag_set/vec4 8;
    %jmp/0xz  T_10.0, 8;
    %pushi/vec4 0, 0, 16;
    %assign/vec4 v0x556d42c087e0_0, 0;
    %pushi/vec4 0, 0, 4;
    %assign/vec4 v0x556d42c08fe0_0, 0;
    %pushi/vec4 0, 0, 4;
    %assign/vec4 v0x556d42c08640_0, 0;
    %jmp T_10.1;
T_10.0 ;
    %load/vec4 v0x556d42c084a0_0;
    %load/vec4 v0x556d42c08b40_0;
    %and;
    %flag_set/vec4 8;
    %jmp/0xz  T_10.2, 8;
    %load/vec4 v0x556d42c08300_0;
    %parti/s 4, 12, 5;
    %load/vec4 v0x556d42c08a60_0;
    %parti/s 4, 12, 5;
    %cmp/e;
    %jmp/0xz  T_10.4, 4;
    %pushi/vec4 1, 0, 1;
    %ix/load 4, 0, 0;
    %ix/load 5, 0, 0;
    %flag_set/imm 4, 0;
    %assign/vec4/off/d v0x556d42c08fe0_0, 4, 5;
    %pushi/vec4 0, 0, 1;
    %ix/load 4, 0, 0;
    %ix/load 5, 0, 0;
    %flag_set/imm 4, 0;
    %assign/vec4/off/d v0x556d42c08640_0, 4, 5;
    %jmp T_10.5;
T_10.4 ;
    %load/vec4 v0x556d42c08300_0;
    %parti/s 4, 8, 5;
    %load/vec4 v0x556d42c08a60_0;
    %parti/s 4, 12, 5;
    %cmp/e;
    %jmp/0xz  T_10.6, 4;
    %pushi/vec4 0, 0, 1;
    %ix/load 4, 0, 0;
    %ix/load 5, 0, 0;
    %flag_set/imm 4, 0;
    %assign/vec4/off/d v0x556d42c08fe0_0, 4, 5;
    %pushi/vec4 1, 0, 1;
    %ix/load 4, 0, 0;
    %ix/load 5, 0, 0;
    %flag_set/imm 4, 0;
    %assign/vec4/off/d v0x556d42c08640_0, 4, 5;
    %jmp T_10.7;
T_10.6 ;
    %load/vec4 v0x556d42c08300_0;
    %parti/s 4, 4, 4;
    %load/vec4 v0x556d42c08a60_0;
    %parti/s 4, 12, 5;
    %cmp/e;
    %jmp/0xz  T_10.8, 4;
    %pushi/vec4 0, 0, 1;
    %ix/load 4, 0, 0;
    %ix/load 5, 0, 0;
    %flag_set/imm 4, 0;
    %assign/vec4/off/d v0x556d42c08fe0_0, 4, 5;
    %pushi/vec4 1, 0, 1;
    %ix/load 4, 0, 0;
    %ix/load 5, 0, 0;
    %flag_set/imm 4, 0;
    %assign/vec4/off/d v0x556d42c08640_0, 4, 5;
    %jmp T_10.9;
T_10.8 ;
    %load/vec4 v0x556d42c08300_0;
    %parti/s 4, 0, 2;
    %load/vec4 v0x556d42c08a60_0;
    %parti/s 4, 12, 5;
    %cmp/e;
    %jmp/0xz  T_10.10, 4;
    %pushi/vec4 0, 0, 1;
    %ix/load 4, 0, 0;
    %ix/load 5, 0, 0;
    %flag_set/imm 4, 0;
    %assign/vec4/off/d v0x556d42c08fe0_0, 4, 5;
    %pushi/vec4 1, 0, 1;
    %ix/load 4, 0, 0;
    %ix/load 5, 0, 0;
    %flag_set/imm 4, 0;
    %assign/vec4/off/d v0x556d42c08640_0, 4, 5;
    %jmp T_10.11;
T_10.10 ;
    %pushi/vec4 0, 0, 1;
    %ix/load 4, 0, 0;
    %ix/load 5, 0, 0;
    %flag_set/imm 4, 0;
    %assign/vec4/off/d v0x556d42c08fe0_0, 4, 5;
    %pushi/vec4 0, 0, 1;
    %ix/load 4, 0, 0;
    %ix/load 5, 0, 0;
    %flag_set/imm 4, 0;
    %assign/vec4/off/d v0x556d42c08640_0, 4, 5;
T_10.11 ;
T_10.9 ;
T_10.7 ;
T_10.5 ;
    %load/vec4 v0x556d42c08300_0;
    %parti/s 4, 8, 5;
    %load/vec4 v0x556d42c08a60_0;
    %parti/s 4, 8, 5;
    %cmp/e;
    %jmp/0xz  T_10.12, 4;
    %pushi/vec4 1, 0, 1;
    %ix/load 4, 1, 0;
    %ix/load 5, 0, 0;
    %flag_set/imm 4, 0;
    %assign/vec4/off/d v0x556d42c08fe0_0, 4, 5;
    %pushi/vec4 0, 0, 1;
    %ix/load 4, 1, 0;
    %ix/load 5, 0, 0;
    %flag_set/imm 4, 0;
    %assign/vec4/off/d v0x556d42c08640_0, 4, 5;
    %jmp T_10.13;
T_10.12 ;
    %load/vec4 v0x556d42c08300_0;
    %parti/s 4, 12, 5;
    %load/vec4 v0x556d42c08a60_0;
    %parti/s 4, 8, 5;
    %cmp/e;
    %jmp/0xz  T_10.14, 4;
    %pushi/vec4 0, 0, 1;
    %ix/load 4, 1, 0;
    %ix/load 5, 0, 0;
    %flag_set/imm 4, 0;
    %assign/vec4/off/d v0x556d42c08fe0_0, 4, 5;
    %pushi/vec4 1, 0, 1;
    %ix/load 4, 1, 0;
    %ix/load 5, 0, 0;
    %flag_set/imm 4, 0;
    %assign/vec4/off/d v0x556d42c08640_0, 4, 5;
    %jmp T_10.15;
T_10.14 ;
    %load/vec4 v0x556d42c08300_0;
    %parti/s 4, 4, 4;
    %load/vec4 v0x556d42c08a60_0;
    %parti/s 4, 8, 5;
    %cmp/e;
    %jmp/0xz  T_10.16, 4;
    %pushi/vec4 0, 0, 1;
    %ix/load 4, 1, 0;
    %ix/load 5, 0, 0;
    %flag_set/imm 4, 0;
    %assign/vec4/off/d v0x556d42c08fe0_0, 4, 5;
    %pushi/vec4 1, 0, 1;
    %ix/load 4, 1, 0;
    %ix/load 5, 0, 0;
    %flag_set/imm 4, 0;
    %assign/vec4/off/d v0x556d42c08640_0, 4, 5;
    %jmp T_10.17;
T_10.16 ;
    %load/vec4 v0x556d42c08300_0;
    %parti/s 4, 0, 2;
    %load/vec4 v0x556d42c08a60_0;
    %parti/s 4, 8, 5;
    %cmp/e;
    %jmp/0xz  T_10.18, 4;
    %pushi/vec4 0, 0, 1;
    %ix/load 4, 1, 0;
    %ix/load 5, 0, 0;
    %flag_set/imm 4, 0;
    %assign/vec4/off/d v0x556d42c08fe0_0, 4, 5;
    %pushi/vec4 1, 0, 1;
    %ix/load 4, 1, 0;
    %ix/load 5, 0, 0;
    %flag_set/imm 4, 0;
    %assign/vec4/off/d v0x556d42c08640_0, 4, 5;
    %jmp T_10.19;
T_10.18 ;
    %pushi/vec4 0, 0, 1;
    %ix/load 4, 1, 0;
    %ix/load 5, 0, 0;
    %flag_set/imm 4, 0;
    %assign/vec4/off/d v0x556d42c08fe0_0, 4, 5;
    %pushi/vec4 0, 0, 1;
    %ix/load 4, 1, 0;
    %ix/load 5, 0, 0;
    %flag_set/imm 4, 0;
    %assign/vec4/off/d v0x556d42c08640_0, 4, 5;
T_10.19 ;
T_10.17 ;
T_10.15 ;
T_10.13 ;
    %load/vec4 v0x556d42c08300_0;
    %parti/s 4, 4, 4;
    %load/vec4 v0x556d42c08a60_0;
    %parti/s 4, 4, 4;
    %cmp/e;
    %jmp/0xz  T_10.20, 4;
    %pushi/vec4 1, 0, 1;
    %ix/load 4, 2, 0;
    %ix/load 5, 0, 0;
    %flag_set/imm 4, 0;
    %assign/vec4/off/d v0x556d42c08fe0_0, 4, 5;
    %pushi/vec4 0, 0, 1;
    %ix/load 4, 2, 0;
    %ix/load 5, 0, 0;
    %flag_set/imm 4, 0;
    %assign/vec4/off/d v0x556d42c08640_0, 4, 5;
    %jmp T_10.21;
T_10.20 ;
    %load/vec4 v0x556d42c08300_0;
    %parti/s 4, 12, 5;
    %load/vec4 v0x556d42c08a60_0;
    %parti/s 4, 4, 4;
    %cmp/e;
    %jmp/0xz  T_10.22, 4;
    %pushi/vec4 0, 0, 1;
    %ix/load 4, 2, 0;
    %ix/load 5, 0, 0;
    %flag_set/imm 4, 0;
    %assign/vec4/off/d v0x556d42c08fe0_0, 4, 5;
    %pushi/vec4 1, 0, 1;
    %ix/load 4, 2, 0;
    %ix/load 5, 0, 0;
    %flag_set/imm 4, 0;
    %assign/vec4/off/d v0x556d42c08640_0, 4, 5;
    %jmp T_10.23;
T_10.22 ;
    %load/vec4 v0x556d42c08300_0;
    %parti/s 4, 8, 5;
    %load/vec4 v0x556d42c08a60_0;
    %parti/s 4, 4, 4;
    %cmp/e;
    %jmp/0xz  T_10.24, 4;
    %pushi/vec4 0, 0, 1;
    %ix/load 4, 2, 0;
    %ix/load 5, 0, 0;
    %flag_set/imm 4, 0;
    %assign/vec4/off/d v0x556d42c08fe0_0, 4, 5;
    %pushi/vec4 1, 0, 1;
    %ix/load 4, 2, 0;
    %ix/load 5, 0, 0;
    %flag_set/imm 4, 0;
    %assign/vec4/off/d v0x556d42c08640_0, 4, 5;
    %jmp T_10.25;
T_10.24 ;
    %load/vec4 v0x556d42c08300_0;
    %parti/s 4, 0, 2;
    %load/vec4 v0x556d42c08a60_0;
    %parti/s 4, 4, 4;
    %cmp/e;
    %jmp/0xz  T_10.26, 4;
    %pushi/vec4 0, 0, 1;
    %ix/load 4, 2, 0;
    %ix/load 5, 0, 0;
    %flag_set/imm 4, 0;
    %assign/vec4/off/d v0x556d42c08fe0_0, 4, 5;
    %pushi/vec4 1, 0, 1;
    %ix/load 4, 2, 0;
    %ix/load 5, 0, 0;
    %flag_set/imm 4, 0;
    %assign/vec4/off/d v0x556d42c08640_0, 4, 5;
    %jmp T_10.27;
T_10.26 ;
    %pushi/vec4 0, 0, 1;
    %ix/load 4, 2, 0;
    %ix/load 5, 0, 0;
    %flag_set/imm 4, 0;
    %assign/vec4/off/d v0x556d42c08fe0_0, 4, 5;
    %pushi/vec4 0, 0, 1;
    %ix/load 4, 2, 0;
    %ix/load 5, 0, 0;
    %flag_set/imm 4, 0;
    %assign/vec4/off/d v0x556d42c08640_0, 4, 5;
T_10.27 ;
T_10.25 ;
T_10.23 ;
T_10.21 ;
    %load/vec4 v0x556d42c08300_0;
    %parti/s 4, 0, 2;
    %load/vec4 v0x556d42c08a60_0;
    %parti/s 4, 0, 2;
    %cmp/e;
    %jmp/0xz  T_10.28, 4;
    %pushi/vec4 1, 0, 1;
    %ix/load 4, 3, 0;
    %ix/load 5, 0, 0;
    %flag_set/imm 4, 0;
    %assign/vec4/off/d v0x556d42c08fe0_0, 4, 5;
    %pushi/vec4 0, 0, 1;
    %ix/load 4, 3, 0;
    %ix/load 5, 0, 0;
    %flag_set/imm 4, 0;
    %assign/vec4/off/d v0x556d42c08640_0, 4, 5;
    %jmp T_10.29;
T_10.28 ;
    %load/vec4 v0x556d42c08300_0;
    %parti/s 4, 12, 5;
    %load/vec4 v0x556d42c08a60_0;
    %parti/s 4, 0, 2;
    %cmp/e;
    %jmp/0xz  T_10.30, 4;
    %pushi/vec4 0, 0, 1;
    %ix/load 4, 3, 0;
    %ix/load 5, 0, 0;
    %flag_set/imm 4, 0;
    %assign/vec4/off/d v0x556d42c08fe0_0, 4, 5;
    %pushi/vec4 1, 0, 1;
    %ix/load 4, 3, 0;
    %ix/load 5, 0, 0;
    %flag_set/imm 4, 0;
    %assign/vec4/off/d v0x556d42c08640_0, 4, 5;
    %jmp T_10.31;
T_10.30 ;
    %load/vec4 v0x556d42c08300_0;
    %parti/s 4, 8, 5;
    %load/vec4 v0x556d42c08a60_0;
    %parti/s 4, 0, 2;
    %cmp/e;
    %jmp/0xz  T_10.32, 4;
    %pushi/vec4 0, 0, 1;
    %ix/load 4, 3, 0;
    %ix/load 5, 0, 0;
    %flag_set/imm 4, 0;
    %assign/vec4/off/d v0x556d42c08fe0_0, 4, 5;
    %pushi/vec4 1, 0, 1;
    %ix/load 4, 3, 0;
    %ix/load 5, 0, 0;
    %flag_set/imm 4, 0;
    %assign/vec4/off/d v0x556d42c08640_0, 4, 5;
    %jmp T_10.33;
T_10.32 ;
    %load/vec4 v0x556d42c08300_0;
    %parti/s 4, 4, 4;
    %load/vec4 v0x556d42c08a60_0;
    %parti/s 4, 0, 2;
    %cmp/e;
    %jmp/0xz  T_10.34, 4;
    %pushi/vec4 0, 0, 1;
    %ix/load 4, 3, 0;
    %ix/load 5, 0, 0;
    %flag_set/imm 4, 0;
    %assign/vec4/off/d v0x556d42c08fe0_0, 4, 5;
    %pushi/vec4 1, 0, 1;
    %ix/load 4, 3, 0;
    %ix/load 5, 0, 0;
    %flag_set/imm 4, 0;
    %assign/vec4/off/d v0x556d42c08640_0, 4, 5;
    %jmp T_10.35;
T_10.34 ;
    %pushi/vec4 0, 0, 1;
    %ix/load 4, 3, 0;
    %ix/load 5, 0, 0;
    %flag_set/imm 4, 0;
    %assign/vec4/off/d v0x556d42c08fe0_0, 4, 5;
    %pushi/vec4 0, 0, 1;
    %ix/load 4, 3, 0;
    %ix/load 5, 0, 0;
    %flag_set/imm 4, 0;
    %assign/vec4/off/d v0x556d42c08640_0, 4, 5;
T_10.35 ;
T_10.33 ;
T_10.31 ;
T_10.29 ;
T_10.2 ;
T_10.1 ;
    %jmp T_10;
    .thread T_10;
    .scope S_0x556d42b3ecc0;
T_11 ;
    %vpi_call 2 53 "$dumpfile", "dumpfile.vcd" {0 0 0};
    %vpi_call 2 54 "$dumpvars" {0 0 0};
    %end;
    .thread T_11;
    .scope S_0x556d42b3ecc0;
T_12 ;
    %pushi/vec4 0, 0, 1;
    %store/vec4 v0x556d42c0b260_0, 0, 1;
    %end;
    .thread T_12;
    .scope S_0x556d42b3ecc0;
T_13 ;
    %delay 5000, 0;
    %load/vec4 v0x556d42c0b260_0;
    %inv;
    %store/vec4 v0x556d42c0b260_0, 0, 1;
    %jmp T_13;
    .thread T_13;
    .scope S_0x556d42b3ecc0;
T_14 ;
    %vpi_call 2 63 "$timeformat", 32'sb11111111111111111111111111110111, 32'sb00000000000000000000000000000000, "ns", 32'sb00000000000000000000000000000000 {0 0 0};
    %vpi_func 2 64 "$fopen" 32, "../logs/2017-11405.log", "w" {0 0 0};
    %store/vec4 v0x556d42c0b550_0, 0, 32;
    %vpi_call 2 65 "$readmemh", "../data/answers.txt", v0x556d42c0ada0, 32'sb00000000000000000000000000000000, 32'sb00000000000000000000001111111111 {0 0 0};
    %pushi/vec4 0, 0, 32;
    %store/vec4 v0x556d42c0b630_0, 0, 32;
T_14.0 ;
    %load/vec4 v0x556d42c0b630_0;
    %cmpi/s 1024, 0, 32;
    %jmp/0xz T_14.1, 5;
    %pushi/vec4 0, 0, 1;
    %store/vec4 v0x556d42c0bb10_0, 0, 1;
    %ix/getv/s 4, v0x556d42c0b630_0;
    %load/vec4a v0x556d42c0ada0, 4;
    %store/vec4 v0x556d42c0ace0_0, 0, 16;
    %wait E_0x556d42b8d2c0;
    %delay 1, 0;
    %pushi/vec4 1, 0, 1;
    %store/vec4 v0x556d42c0bb10_0, 0, 1;
    %wait E_0x556d42b8f8c0;
    %delay 1, 0;
    %load/vec4 v0x556d42c0b350_0;
    %pad/u 64;
    %ix/getv/s 4, v0x556d42c0b630_0;
    %store/vec4a v0x556d42c0b1a0, 4, 0;
    %vpi_call 2 78 "$fwrite", v0x556d42c0b550_0, "%4t round : %4d, answer : %4h, ccnt : %4d\012", $time, v0x556d42c0b630_0, &A<v0x556d42c0ada0, v0x556d42c0b630_0 >, &A<v0x556d42c0b1a0, v0x556d42c0b630_0 > {0 0 0};
    %vpi_call 2 79 "$display", "%4t round : %4d, answer : %4h, ccnt : %4d\012", $time, v0x556d42c0b630_0, &A<v0x556d42c0ada0, v0x556d42c0b630_0 >, &A<v0x556d42c0b1a0, v0x556d42c0b630_0 > {0 0 0};
    %load/vec4 v0x556d42c0b630_0;
    %addi 1, 0, 32;
    %store/vec4 v0x556d42c0b630_0, 0, 32;
    %jmp T_14.0;
T_14.1 ;
    %pushi/real 0, 4065; load=0.00000
    %store/real v0x556d42c0b020_0;
    %pushi/vec4 0, 0, 32;
    %store/vec4 v0x556d42c0b630_0, 0, 32;
T_14.2 ;
    %load/vec4 v0x556d42c0b630_0;
    %cmpi/s 1024, 0, 32;
    %jmp/0xz T_14.3, 5;
    %load/real v0x556d42c0b020_0;
    %ix/getv/s 4, v0x556d42c0b630_0;
    %load/vec4a v0x556d42c0b1a0, 4;
    %ix/vec4 4;
    %cvt/ru 4;
    %add/wr;
    %store/real v0x556d42c0b020_0;
    %load/vec4 v0x556d42c0b630_0;
    %addi 1, 0, 32;
    %store/vec4 v0x556d42c0b630_0, 0, 32;
    %jmp T_14.2;
T_14.3 ;
    %load/real v0x556d42c0b020_0;
    %pushi/vec4 1024, 0, 32;
    %ix/vec4/s 4;
    %cvt/rs 4;
    %div/wr;
    %store/real v0x556d42c0b020_0;
    %vpi_call 2 87 "$fwrite", v0x556d42c0b550_0, "avg ccnt : %f\012", v0x556d42c0b020_0 {0 0 0};
    %delay 10000, 0;
    %vpi_call 2 90 "$fclose", v0x556d42c0b550_0 {0 0 0};
    %vpi_call 2 91 "$stop" {0 0 0};
    %end;
    .thread T_14;
# The file index is used to find the file name in the following table.
:file_names 5;
    "N/A";
    "<interactive>";
    "tb_nba.v";
    "grader.v";
    "solver.v";
