#! /usr/bin/vvp
:ivl_version "10.3 (stable)";
:ivl_delay_selection "TYPICAL";
:vpi_time_precision - 12;
:vpi_module "system";
:vpi_module "vhdl_sys";
:vpi_module "v2005_math";
:vpi_module "va_math";
S_0x557b58e50cc0 .scope module, "tb_nba" "tb_nba" 2 3;
 .timescale -9 -12;
P_0x557b58e51360 .param/l "NUM_ROUND" 1 2 5, +C4<00000000000000000000010000000000>;
P_0x557b58e513a0 .param/real "delta" 1 2 7, Cr<m4189374bc6a7f000gfb8>; value=0.00100000
P_0x557b58e513e0 .param/l "period" 1 2 6, +C4<00000000000000000000000000001010>;
v0x557b58f1a5a0_0 .var "answer", 15 0;
v0x557b58f1a6b0 .array "answers", 0 1023, 15 0;
v0x557b58f1a750_0 .net "ask_ready", 0 0, L_0x557b58e5f1f0;  1 drivers
v0x557b58f1a820_0 .net "ask_valid", 0 0, L_0x557b58e5f100;  1 drivers
v0x557b58f1a910_0 .var/real "avg_ccnt", 0 0;
v0x557b58f1aa00_0 .net "ball", 2 0, L_0x557b58f1cf20;  1 drivers
v0x557b58f1ab10 .array "ccnt", 0 1023, 63 0;
v0x557b58f1abd0_0 .var "clk", 0 0;
v0x557b58f1acc0_0 .net "cnt", 15 0, v0x557b58f18430_0;  1 drivers
v0x557b58f1ad80_0 .net "correct", 0 0, L_0x557b58ea0a40;  1 drivers
v0x557b58f1ae70_0 .var/i "fd", 31 0;
v0x557b58f1af50_0 .var/i "i", 31 0;
v0x557b58f1b030_0 .net "question", 15 0, L_0x557b58e5ef20;  1 drivers
v0x557b58f1b140_0 .net "reply_ready", 0 0, L_0x557b58edc8c0;  1 drivers
v0x557b58f1b230_0 .net "reply_valid", 0 0, L_0x557b58f1d880;  1 drivers
v0x557b58f1b320_0 .var "reset", 0 0;
v0x557b58f1b410_0 .net "strike", 2 0, L_0x557b58f1c1b0;  1 drivers
E_0x557b58ea1050 .event posedge, v0x557b58f185f0_0;
S_0x557b58e28030 .scope module, "grader" "grader" 2 31, 3 1 0, S_0x557b58e50cc0;
 .timescale 0 0;
    .port_info 0 /INPUT 1 "reset"
    .port_info 1 /INPUT 1 "clk"
    .port_info 2 /INPUT 16 "answer"
    .port_info 3 /INPUT 16 "question"
    .port_info 4 /INPUT 1 "ask_valid"
    .port_info 5 /INPUT 1 "ask_ready"
    .port_info 6 /OUTPUT 3 "strike"
    .port_info 7 /OUTPUT 3 "ball"
    .port_info 8 /OUTPUT 16 "cnt"
    .port_info 9 /OUTPUT 1 "reply_ready"
    .port_info 10 /OUTPUT 1 "reply_valid"
    .port_info 11 /OUTPUT 1 "correct"
L_0x557b58f1c340 .functor AND 1, L_0x557b58f1d160, L_0x557b58f1d200, C4<1>, C4<1>;
L_0x557b58e5f2e0 .functor AND 1, L_0x557b58f1c340, L_0x557b58f1d410, C4<1>, C4<1>;
L_0x557b58ea0a40 .functor AND 1, L_0x557b58e5f2e0, L_0x557b58f1d550, C4<1>, C4<1>;
L_0x557b58edc8c0 .functor BUFZ 1, v0x557b58f18850_0, C4<0>, C4<0>, C4<0>;
L_0x557b58f1d880 .functor BUFZ 1, v0x557b58f189d0_0, C4<0>, C4<0>, C4<0>;
v0x557b58ef56a0_0 .net *"_s1", 0 0, L_0x557b58f1b710;  1 drivers
L_0x7f1e097b4060 .functor BUFT 1, C4<00>, C4<0>, C4<0>, C4<0>;
v0x557b58edc5d0_0 .net *"_s11", 1 0, L_0x7f1e097b4060;  1 drivers
v0x557b58ee7290_0 .net *"_s12", 2 0, L_0x557b58f1bb20;  1 drivers
v0x557b58ee7c90_0 .net *"_s15", 0 0, L_0x557b58f1bc60;  1 drivers
v0x557b58ee88f0_0 .net *"_s16", 2 0, L_0x557b58f1bd40;  1 drivers
L_0x7f1e097b40a8 .functor BUFT 1, C4<00>, C4<0>, C4<0>, C4<0>;
v0x557b58ee93c0_0 .net *"_s19", 1 0, L_0x7f1e097b40a8;  1 drivers
v0x557b58f166d0_0 .net *"_s2", 2 0, L_0x557b58f1b7b0;  1 drivers
v0x557b58f167b0_0 .net *"_s20", 2 0, L_0x557b58f1be80;  1 drivers
v0x557b58f16890_0 .net *"_s23", 0 0, L_0x557b58f1c010;  1 drivers
v0x557b58f16970_0 .net *"_s24", 2 0, L_0x557b58f1c0b0;  1 drivers
L_0x7f1e097b40f0 .functor BUFT 1, C4<00>, C4<0>, C4<0>, C4<0>;
v0x557b58f16a50_0 .net *"_s27", 1 0, L_0x7f1e097b40f0;  1 drivers
v0x557b58f16b30_0 .net *"_s31", 0 0, L_0x557b58f1c2a0;  1 drivers
v0x557b58f16c10_0 .net *"_s32", 2 0, L_0x557b58f1c3b0;  1 drivers
L_0x7f1e097b4138 .functor BUFT 1, C4<00>, C4<0>, C4<0>, C4<0>;
v0x557b58f16cf0_0 .net *"_s35", 1 0, L_0x7f1e097b4138;  1 drivers
v0x557b58f16dd0_0 .net *"_s37", 0 0, L_0x557b58f1c540;  1 drivers
v0x557b58f16eb0_0 .net *"_s38", 2 0, L_0x557b58f1c6b0;  1 drivers
L_0x7f1e097b4180 .functor BUFT 1, C4<00>, C4<0>, C4<0>, C4<0>;
v0x557b58f16f90_0 .net *"_s41", 1 0, L_0x7f1e097b4180;  1 drivers
v0x557b58f17070_0 .net *"_s42", 2 0, L_0x557b58f1c7f0;  1 drivers
v0x557b58f17150_0 .net *"_s45", 0 0, L_0x557b58f1c9c0;  1 drivers
v0x557b58f17230_0 .net *"_s46", 2 0, L_0x557b58f1ca60;  1 drivers
L_0x7f1e097b41c8 .functor BUFT 1, C4<00>, C4<0>, C4<0>, C4<0>;
v0x557b58f17310_0 .net *"_s49", 1 0, L_0x7f1e097b41c8;  1 drivers
L_0x7f1e097b4018 .functor BUFT 1, C4<00>, C4<0>, C4<0>, C4<0>;
v0x557b58f173f0_0 .net *"_s5", 1 0, L_0x7f1e097b4018;  1 drivers
v0x557b58f174d0_0 .net *"_s50", 2 0, L_0x557b58f1cc40;  1 drivers
v0x557b58f175b0_0 .net *"_s53", 0 0, L_0x557b58f1cd80;  1 drivers
v0x557b58f17690_0 .net *"_s54", 2 0, L_0x557b58f1cb50;  1 drivers
L_0x7f1e097b4210 .functor BUFT 1, C4<00>, C4<0>, C4<0>, C4<0>;
v0x557b58f17770_0 .net *"_s57", 1 0, L_0x7f1e097b4210;  1 drivers
v0x557b58f17850_0 .net *"_s61", 0 0, L_0x557b58f1d160;  1 drivers
v0x557b58f17930_0 .net *"_s63", 0 0, L_0x557b58f1d200;  1 drivers
v0x557b58f17a10_0 .net *"_s64", 0 0, L_0x557b58f1c340;  1 drivers
v0x557b58f17af0_0 .net *"_s67", 0 0, L_0x557b58f1d410;  1 drivers
v0x557b58f17bd0_0 .net *"_s68", 0 0, L_0x557b58e5f2e0;  1 drivers
v0x557b58f17cb0_0 .net *"_s7", 0 0, L_0x557b58f1b8f0;  1 drivers
v0x557b58f17d90_0 .net *"_s71", 0 0, L_0x557b58f1d550;  1 drivers
v0x557b58f17e70_0 .net *"_s8", 2 0, L_0x557b58f1b9e0;  1 drivers
v0x557b58f17f50_0 .net "answer", 15 0, v0x557b58f1a5a0_0;  1 drivers
v0x557b58f18030_0 .net "ask_ready", 0 0, L_0x557b58e5f1f0;  alias, 1 drivers
v0x557b58f180f0_0 .net "ask_valid", 0 0, L_0x557b58e5f100;  alias, 1 drivers
v0x557b58f181b0_0 .net "ball", 2 0, L_0x557b58f1cf20;  alias, 1 drivers
v0x557b58f18290_0 .var "ball_reg", 3 0;
v0x557b58f18370_0 .net "clk", 0 0, v0x557b58f1abd0_0;  1 drivers
v0x557b58f18430_0 .var "cnt", 15 0;
v0x557b58f18510_0 .var "cnt_deadlock", 15 0;
v0x557b58f185f0_0 .net "correct", 0 0, L_0x557b58ea0a40;  alias, 1 drivers
v0x557b58f186b0_0 .net "question", 15 0, L_0x557b58e5ef20;  alias, 1 drivers
v0x557b58f18790_0 .net "reply_ready", 0 0, L_0x557b58edc8c0;  alias, 1 drivers
v0x557b58f18850_0 .var "reply_ready_int", 0 0;
v0x557b58f18910_0 .net "reply_valid", 0 0, L_0x557b58f1d880;  alias, 1 drivers
v0x557b58f189d0_0 .var "reply_valid_int", 0 0;
v0x557b58f18a90_0 .net "reset", 0 0, v0x557b58f1b320_0;  1 drivers
v0x557b58f18b50_0 .net "strike", 2 0, L_0x557b58f1c1b0;  alias, 1 drivers
v0x557b58f18c30_0 .var "strike_reg", 3 0;
E_0x557b58e9ea50 .event posedge, v0x557b58f18370_0;
L_0x557b58f1b710 .part v0x557b58f18c30_0, 3, 1;
L_0x557b58f1b7b0 .concat [ 1 2 0 0], L_0x557b58f1b710, L_0x7f1e097b4018;
L_0x557b58f1b8f0 .part v0x557b58f18c30_0, 2, 1;
L_0x557b58f1b9e0 .concat [ 1 2 0 0], L_0x557b58f1b8f0, L_0x7f1e097b4060;
L_0x557b58f1bb20 .arith/sum 3, L_0x557b58f1b7b0, L_0x557b58f1b9e0;
L_0x557b58f1bc60 .part v0x557b58f18c30_0, 1, 1;
L_0x557b58f1bd40 .concat [ 1 2 0 0], L_0x557b58f1bc60, L_0x7f1e097b40a8;
L_0x557b58f1be80 .arith/sum 3, L_0x557b58f1bb20, L_0x557b58f1bd40;
L_0x557b58f1c010 .part v0x557b58f18c30_0, 0, 1;
L_0x557b58f1c0b0 .concat [ 1 2 0 0], L_0x557b58f1c010, L_0x7f1e097b40f0;
L_0x557b58f1c1b0 .arith/sum 3, L_0x557b58f1be80, L_0x557b58f1c0b0;
L_0x557b58f1c2a0 .part v0x557b58f18290_0, 3, 1;
L_0x557b58f1c3b0 .concat [ 1 2 0 0], L_0x557b58f1c2a0, L_0x7f1e097b4138;
L_0x557b58f1c540 .part v0x557b58f18290_0, 2, 1;
L_0x557b58f1c6b0 .concat [ 1 2 0 0], L_0x557b58f1c540, L_0x7f1e097b4180;
L_0x557b58f1c7f0 .arith/sum 3, L_0x557b58f1c3b0, L_0x557b58f1c6b0;
L_0x557b58f1c9c0 .part v0x557b58f18290_0, 1, 1;
L_0x557b58f1ca60 .concat [ 1 2 0 0], L_0x557b58f1c9c0, L_0x7f1e097b41c8;
L_0x557b58f1cc40 .arith/sum 3, L_0x557b58f1c7f0, L_0x557b58f1ca60;
L_0x557b58f1cd80 .part v0x557b58f18290_0, 0, 1;
L_0x557b58f1cb50 .concat [ 1 2 0 0], L_0x557b58f1cd80, L_0x7f1e097b4210;
L_0x557b58f1cf20 .arith/sum 3, L_0x557b58f1cc40, L_0x557b58f1cb50;
L_0x557b58f1d160 .part v0x557b58f18c30_0, 3, 1;
L_0x557b58f1d200 .part v0x557b58f18c30_0, 2, 1;
L_0x557b58f1d410 .part v0x557b58f18c30_0, 1, 1;
L_0x557b58f1d550 .part v0x557b58f18c30_0, 0, 1;
S_0x557b58f18e90 .scope module, "solver" "solver" 2 17, 4 1 0, S_0x557b58e50cc0;
 .timescale 0 0;
    .port_info 0 /INPUT 1 "reset"
    .port_info 1 /INPUT 1 "clk"
    .port_info 2 /INPUT 1 "reply_valid"
    .port_info 3 /INPUT 1 "reply_ready"
    .port_info 4 /INPUT 1 "correct"
    .port_info 5 /INPUT 16 "cnt"
    .port_info 6 /INPUT 3 "strike"
    .port_info 7 /INPUT 3 "ball"
    .port_info 8 /OUTPUT 16 "question"
    .port_info 9 /OUTPUT 1 "ask_valid"
    .port_info 10 /OUTPUT 1 "ask_ready"
P_0x557b58ef7bd0 .param/l "INITIAL_QUESTION" 1 4 15, C4<0000000100100011>;
P_0x557b58ef7c10 .param/l "S0" 1 4 16, C4<000>;
P_0x557b58ef7c50 .param/l "S1" 1 4 17, C4<001>;
P_0x557b58ef7c90 .param/l "S2" 1 4 18, C4<010>;
P_0x557b58ef7cd0 .param/l "S3" 1 4 19, C4<011>;
P_0x557b58ef7d10 .param/l "S4" 1 4 20, C4<100>;
P_0x557b58ef7d50 .param/l "S5" 1 4 21, C4<101>;
L_0x557b58e5ef20 .functor BUFZ 16, v0x557b58f1a360_0, C4<0000000000000000>, C4<0000000000000000>, C4<0000000000000000>;
L_0x557b58e5f100 .functor BUFZ 1, v0x557b58f196d0_0, C4<0>, C4<0>, C4<0>;
L_0x557b58e5f1f0 .functor BUFZ 1, v0x557b58f194b0_0, C4<0>, C4<0>, C4<0>;
v0x557b58f194b0_0 .var "ar", 0 0;
v0x557b58f19570_0 .net "ask_ready", 0 0, L_0x557b58e5f1f0;  alias, 1 drivers
v0x557b58f19630_0 .net "ask_valid", 0 0, L_0x557b58e5f100;  alias, 1 drivers
v0x557b58f196d0_0 .var "av", 0 0;
v0x557b58f19770_0 .net "ball", 2 0, L_0x557b58f1cf20;  alias, 1 drivers
v0x557b58f19810_0 .net "clk", 0 0, v0x557b58f1abd0_0;  alias, 1 drivers
v0x557b58f198e0_0 .net "cnt", 15 0, v0x557b58f18430_0;  alias, 1 drivers
v0x557b58f199b0_0 .var "comb_state", 4 0;
v0x557b58f19a50_0 .net "correct", 0 0, L_0x557b58ea0a40;  alias, 1 drivers
v0x557b58f19b20_0 .var "counter", 3 0;
v0x557b58f19bc0_0 .net "question", 15 0, L_0x557b58e5ef20;  alias, 1 drivers
v0x557b58f19c90 .array "ref_question", 0 3, 3 0;
v0x557b58f19de0_0 .var "ref_sum", 2 0;
v0x557b58f19ec0_0 .net "reply_ready", 0 0, L_0x557b58edc8c0;  alias, 1 drivers
v0x557b58f19f90_0 .net "reply_valid", 0 0, L_0x557b58f1d880;  alias, 1 drivers
v0x557b58f1a060_0 .net "reset", 0 0, v0x557b58f1b320_0;  alias, 1 drivers
v0x557b58f1a130_0 .var "state", 2 0;
v0x557b58f1a1d0_0 .net "strike", 2 0, L_0x557b58f1c1b0;  alias, 1 drivers
v0x557b58f1a2a0_0 .net "sum", 2 0, L_0x557b58f1b630;  1 drivers
v0x557b58f1a360_0 .var "temp_question", 15 0;
E_0x557b58e9fc10 .event edge, v0x557b58f186b0_0;
v0x557b58f19c90_0 .array/port v0x557b58f19c90, 0;
v0x557b58f19c90_1 .array/port v0x557b58f19c90, 1;
v0x557b58f19c90_2 .array/port v0x557b58f19c90, 2;
v0x557b58f19c90_3 .array/port v0x557b58f19c90, 3;
E_0x557b58ea0d10 .event edge, v0x557b58f19c90_0, v0x557b58f19c90_1, v0x557b58f19c90_2, v0x557b58f19c90_3;
E_0x557b58ef7b40 .event edge, v0x557b58f1a130_0;
E_0x557b58ef7f70 .event edge, v0x557b58f19de0_0;
E_0x557b58f19450 .event edge, v0x557b58f1a2a0_0;
L_0x557b58f1b630 .arith/sum 3, L_0x557b58f1cf20, L_0x557b58f1c1b0;
    .scope S_0x557b58f18e90;
T_0 ;
    %wait E_0x557b58f19450;
    %vpi_call 4 41 "$display", "sum : %d", v0x557b58f1a2a0_0 {0 0 0};
    %jmp T_0;
    .thread T_0, $push;
    .scope S_0x557b58f18e90;
T_1 ;
    %wait E_0x557b58ef7f70;
    %vpi_call 4 42 "$display", "ref_sum : %d", v0x557b58f19de0_0 {0 0 0};
    %jmp T_1;
    .thread T_1, $push;
    .scope S_0x557b58f18e90;
T_2 ;
    %wait E_0x557b58ef7b40;
    %vpi_call 4 43 "$display", "state : %d", v0x557b58f1a130_0 {0 0 0};
    %jmp T_2;
    .thread T_2, $push;
    .scope S_0x557b58f18e90;
T_3 ;
    %wait E_0x557b58ea0d10;
    %vpi_call 4 45 "$display", "ref_q : %d%d%d%d", &A<v0x557b58f19c90, 3>, &A<v0x557b58f19c90, 2>, &A<v0x557b58f19c90, 1>, &A<v0x557b58f19c90, 0> {0 0 0};
    %jmp T_3;
    .thread T_3, $push;
    .scope S_0x557b58f18e90;
T_4 ;
    %wait E_0x557b58e9fc10;
    %vpi_call 4 46 "$display", "quest : %h", v0x557b58f19bc0_0 {0 0 0};
    %jmp T_4;
    .thread T_4, $push;
    .scope S_0x557b58f18e90;
T_5 ;
    %wait E_0x557b58e9ea50;
    %load/vec4 v0x557b58f1a060_0;
    %nor/r;
    %flag_set/vec4 8;
    %jmp/0xz  T_5.0, 8;
    %pushi/vec4 0, 0, 16;
    %assign/vec4 v0x557b58f1a360_0, 0;
    %pushi/vec4 0, 0, 1;
    %assign/vec4 v0x557b58f196d0_0, 0;
    %pushi/vec4 1, 0, 1;
    %assign/vec4 v0x557b58f194b0_0, 0;
    %pushi/vec4 0, 0, 4;
    %assign/vec4 v0x557b58f19b20_0, 0;
    %pushi/vec4 0, 0, 3;
    %assign/vec4 v0x557b58f19de0_0, 0;
    %pushi/vec4 0, 0, 3;
    %assign/vec4 v0x557b58f1a130_0, 0;
    %pushi/vec4 1, 0, 5;
    %assign/vec4 v0x557b58f199b0_0, 0;
    %pushi/vec4 0, 0, 16;
    %assign/vec4 v0x557b58f1a360_0, 0;
    %pushi/vec4 0, 0, 4;
    %ix/load 3, 0, 0;
    %flag_set/imm 4, 0;
    %ix/load 4, 0, 0; Constant delay
    %assign/vec4/a/d v0x557b58f19c90, 0, 4;
    %pushi/vec4 0, 0, 4;
    %ix/load 3, 1, 0;
    %flag_set/imm 4, 0;
    %ix/load 4, 0, 0; Constant delay
    %assign/vec4/a/d v0x557b58f19c90, 0, 4;
    %pushi/vec4 0, 0, 4;
    %ix/load 3, 2, 0;
    %flag_set/imm 4, 0;
    %ix/load 4, 0, 0; Constant delay
    %assign/vec4/a/d v0x557b58f19c90, 0, 4;
    %pushi/vec4 0, 0, 4;
    %ix/load 3, 3, 0;
    %flag_set/imm 4, 0;
    %ix/load 4, 0, 0; Constant delay
    %assign/vec4/a/d v0x557b58f19c90, 0, 4;
    %jmp T_5.1;
T_5.0 ;
    %load/vec4 v0x557b58f1a130_0;
    %dup/vec4;
    %pushi/vec4 0, 0, 3;
    %cmp/u;
    %jmp/1 T_5.2, 6;
    %dup/vec4;
    %pushi/vec4 1, 0, 3;
    %cmp/u;
    %jmp/1 T_5.3, 6;
    %dup/vec4;
    %pushi/vec4 2, 0, 3;
    %cmp/u;
    %jmp/1 T_5.4, 6;
    %dup/vec4;
    %pushi/vec4 3, 0, 3;
    %cmp/u;
    %jmp/1 T_5.5, 6;
    %dup/vec4;
    %pushi/vec4 4, 0, 3;
    %cmp/u;
    %jmp/1 T_5.6, 6;
    %dup/vec4;
    %pushi/vec4 5, 0, 3;
    %cmp/u;
    %jmp/1 T_5.7, 6;
    %jmp T_5.8;
T_5.2 ;
    %load/vec4 v0x557b58f19f90_0;
    %nor/r;
    %load/vec4 v0x557b58f19630_0;
    %nor/r;
    %and;
    %flag_set/vec4 8;
    %jmp/0xz  T_5.9, 8;
    %pushi/vec4 1, 0, 1;
    %assign/vec4 v0x557b58f196d0_0, 0;
    %pushi/vec4 0, 0, 1;
    %assign/vec4 v0x557b58f194b0_0, 0;
    %pushi/vec4 291, 0, 16;
    %assign/vec4 v0x557b58f1a360_0, 0;
T_5.9 ;
    %load/vec4 v0x557b58f19ec0_0;
    %load/vec4 v0x557b58f19f90_0;
    %nor/r;
    %and;
    %flag_set/vec4 8;
    %jmp/0xz  T_5.11, 8;
    %pushi/vec4 0, 0, 1;
    %assign/vec4 v0x557b58f196d0_0, 0;
    %pushi/vec4 1, 0, 1;
    %assign/vec4 v0x557b58f194b0_0, 0;
T_5.11 ;
    %load/vec4 v0x557b58f19f90_0;
    %flag_set/vec4 8;
    %jmp/0xz  T_5.13, 8;
    %load/vec4 v0x557b58f1a2a0_0;
    %assign/vec4 v0x557b58f19de0_0, 0;
    %load/vec4 v0x557b58f19bc0_0;
    %parti/s 4, 12, 5;
    %ix/load 3, 3, 0;
    %flag_set/imm 4, 0;
    %ix/load 4, 0, 0; Constant delay
    %assign/vec4/a/d v0x557b58f19c90, 0, 4;
    %load/vec4 v0x557b58f19bc0_0;
    %parti/s 4, 8, 5;
    %ix/load 3, 2, 0;
    %flag_set/imm 4, 0;
    %ix/load 4, 0, 0; Constant delay
    %assign/vec4/a/d v0x557b58f19c90, 0, 4;
    %load/vec4 v0x557b58f19bc0_0;
    %parti/s 4, 4, 4;
    %ix/load 3, 1, 0;
    %flag_set/imm 4, 0;
    %ix/load 4, 0, 0; Constant delay
    %assign/vec4/a/d v0x557b58f19c90, 0, 4;
    %load/vec4 v0x557b58f19bc0_0;
    %parti/s 4, 0, 2;
    %ix/load 3, 0, 0;
    %flag_set/imm 4, 0;
    %ix/load 4, 0, 0; Constant delay
    %assign/vec4/a/d v0x557b58f19c90, 0, 4;
    %load/vec4 v0x557b58f1a2a0_0;
    %cmpi/e 4, 0, 3;
    %jmp/0xz  T_5.15, 4;
    %pushi/vec4 5, 0, 3;
    %assign/vec4 v0x557b58f1a130_0, 0;
    %jmp T_5.16;
T_5.15 ;
    %pushi/vec4 1, 0, 3;
    %assign/vec4 v0x557b58f1a130_0, 0;
T_5.16 ;
T_5.13 ;
    %jmp T_5.8;
T_5.3 ;
    %load/vec4 v0x557b58f19f90_0;
    %nor/r;
    %load/vec4 v0x557b58f19630_0;
    %nor/r;
    %and;
    %flag_set/vec4 8;
    %jmp/0xz  T_5.17, 8;
    %load/vec4 v0x557b58f19b20_0;
    %cmpi/u 10, 0, 4;
    %jmp/0xz  T_5.19, 5;
    %load/vec4 v0x557b58f19b20_0;
    %addi 1, 0, 4;
    %store/vec4 v0x557b58f19b20_0, 0, 4;
T_5.21 ;
    %load/vec4 v0x557b58f19b20_0;
    %ix/load 4, 3, 0;
    %flag_set/imm 4, 0;
    %load/vec4a v0x557b58f19c90, 4;
    %cmp/e;
    %flag_mov 8, 4;
    %load/vec4 v0x557b58f19b20_0;
    %ix/load 4, 2, 0;
    %flag_set/imm 4, 0;
    %load/vec4a v0x557b58f19c90, 4;
    %cmp/e;
    %flag_or 4, 8;
    %flag_mov 8, 4;
    %load/vec4 v0x557b58f19b20_0;
    %ix/load 4, 1, 0;
    %flag_set/imm 4, 0;
    %load/vec4a v0x557b58f19c90, 4;
    %cmp/e;
    %flag_or 4, 8;
    %flag_mov 8, 4;
    %load/vec4 v0x557b58f19b20_0;
    %ix/load 4, 0, 0;
    %flag_set/imm 4, 0;
    %load/vec4a v0x557b58f19c90, 4;
    %cmp/e;
    %flag_or 4, 8;
    %jmp/0xz T_5.22, 4;
    %load/vec4 v0x557b58f19b20_0;
    %addi 1, 0, 4;
    %store/vec4 v0x557b58f19b20_0, 0, 4;
    %jmp T_5.21;
T_5.22 ;
    %pushi/vec4 1, 0, 1;
    %assign/vec4 v0x557b58f196d0_0, 0;
    %pushi/vec4 0, 0, 1;
    %assign/vec4 v0x557b58f194b0_0, 0;
    %load/vec4 v0x557b58f19b20_0;
    %ix/load 4, 2, 0;
    %flag_set/imm 4, 0;
    %load/vec4a v0x557b58f19c90, 4;
    %concat/vec4; draw_concat_vec4
    %ix/load 4, 1, 0;
    %flag_set/imm 4, 0;
    %load/vec4a v0x557b58f19c90, 4;
    %concat/vec4; draw_concat_vec4
    %ix/load 4, 0, 0;
    %flag_set/imm 4, 0;
    %load/vec4a v0x557b58f19c90, 4;
    %concat/vec4; draw_concat_vec4
    %assign/vec4 v0x557b58f1a360_0, 0;
T_5.19 ;
T_5.17 ;
    %load/vec4 v0x557b58f19ec0_0;
    %load/vec4 v0x557b58f19f90_0;
    %nor/r;
    %and;
    %flag_set/vec4 8;
    %jmp/0xz  T_5.23, 8;
    %pushi/vec4 0, 0, 1;
    %assign/vec4 v0x557b58f196d0_0, 0;
    %pushi/vec4 1, 0, 1;
    %assign/vec4 v0x557b58f194b0_0, 0;
T_5.23 ;
    %load/vec4 v0x557b58f19f90_0;
    %flag_set/vec4 8;
    %jmp/0xz  T_5.25, 8;
    %load/vec4 v0x557b58f1a2a0_0;
    %cmpi/e 4, 0, 3;
    %jmp/0xz  T_5.27, 4;
    %load/vec4 v0x557b58f19bc0_0;
    %parti/s 4, 12, 5;
    %ix/load 3, 3, 0;
    %flag_set/imm 4, 0;
    %ix/load 4, 0, 0; Constant delay
    %assign/vec4/a/d v0x557b58f19c90, 0, 4;
    %load/vec4 v0x557b58f19bc0_0;
    %parti/s 4, 8, 5;
    %ix/load 3, 2, 0;
    %flag_set/imm 4, 0;
    %ix/load 4, 0, 0; Constant delay
    %assign/vec4/a/d v0x557b58f19c90, 0, 4;
    %load/vec4 v0x557b58f19bc0_0;
    %parti/s 4, 4, 4;
    %ix/load 3, 1, 0;
    %flag_set/imm 4, 0;
    %ix/load 4, 0, 0; Constant delay
    %assign/vec4/a/d v0x557b58f19c90, 0, 4;
    %load/vec4 v0x557b58f19bc0_0;
    %parti/s 4, 0, 2;
    %ix/load 3, 0, 0;
    %flag_set/imm 4, 0;
    %ix/load 4, 0, 0; Constant delay
    %assign/vec4/a/d v0x557b58f19c90, 0, 4;
    %pushi/vec4 5, 0, 3;
    %assign/vec4 v0x557b58f1a130_0, 0;
    %load/vec4 v0x557b58f1a2a0_0;
    %assign/vec4 v0x557b58f19de0_0, 0;
    %pushi/vec4 0, 0, 4;
    %assign/vec4 v0x557b58f19b20_0, 0;
    %jmp T_5.28;
T_5.27 ;
    %load/vec4 v0x557b58f19de0_0;
    %load/vec4 v0x557b58f1a2a0_0;
    %cmp/u;
    %jmp/0xz  T_5.29, 5;
    %load/vec4 v0x557b58f19bc0_0;
    %parti/s 4, 12, 5;
    %ix/load 3, 3, 0;
    %flag_set/imm 4, 0;
    %ix/load 4, 0, 0; Constant delay
    %assign/vec4/a/d v0x557b58f19c90, 0, 4;
    %load/vec4 v0x557b58f19bc0_0;
    %parti/s 4, 8, 5;
    %ix/load 3, 2, 0;
    %flag_set/imm 4, 0;
    %ix/load 4, 0, 0; Constant delay
    %assign/vec4/a/d v0x557b58f19c90, 0, 4;
    %load/vec4 v0x557b58f19bc0_0;
    %parti/s 4, 4, 4;
    %ix/load 3, 1, 0;
    %flag_set/imm 4, 0;
    %ix/load 4, 0, 0; Constant delay
    %assign/vec4/a/d v0x557b58f19c90, 0, 4;
    %load/vec4 v0x557b58f19bc0_0;
    %parti/s 4, 0, 2;
    %ix/load 3, 0, 0;
    %flag_set/imm 4, 0;
    %ix/load 4, 0, 0; Constant delay
    %assign/vec4/a/d v0x557b58f19c90, 0, 4;
    %pushi/vec4 2, 0, 3;
    %assign/vec4 v0x557b58f1a130_0, 0;
    %load/vec4 v0x557b58f1a2a0_0;
    %assign/vec4 v0x557b58f19de0_0, 0;
    %pushi/vec4 0, 0, 4;
    %assign/vec4 v0x557b58f19b20_0, 0;
    %jmp T_5.30;
T_5.29 ;
    %load/vec4 v0x557b58f19b20_0;
    %cmpi/e 9, 0, 4;
    %jmp/0xz  T_5.31, 4;
    %pushi/vec4 2, 0, 3;
    %assign/vec4 v0x557b58f1a130_0, 0;
    %pushi/vec4 0, 0, 4;
    %assign/vec4 v0x557b58f19b20_0, 0;
    %jmp T_5.32;
T_5.31 ;
    %pushi/vec4 1, 0, 3;
    %assign/vec4 v0x557b58f1a130_0, 0;
T_5.32 ;
T_5.30 ;
T_5.28 ;
T_5.25 ;
    %jmp T_5.8;
T_5.4 ;
    %load/vec4 v0x557b58f19f90_0;
    %nor/r;
    %load/vec4 v0x557b58f19630_0;
    %nor/r;
    %and;
    %flag_set/vec4 8;
    %jmp/0xz  T_5.33, 8;
    %load/vec4 v0x557b58f19b20_0;
    %cmpi/u 10, 0, 4;
    %jmp/0xz  T_5.35, 5;
    %load/vec4 v0x557b58f19b20_0;
    %addi 1, 0, 4;
    %store/vec4 v0x557b58f19b20_0, 0, 4;
T_5.37 ;
    %load/vec4 v0x557b58f19b20_0;
    %ix/load 4, 3, 0;
    %flag_set/imm 4, 0;
    %load/vec4a v0x557b58f19c90, 4;
    %cmp/e;
    %flag_mov 8, 4;
    %load/vec4 v0x557b58f19b20_0;
    %ix/load 4, 2, 0;
    %flag_set/imm 4, 0;
    %load/vec4a v0x557b58f19c90, 4;
    %cmp/e;
    %flag_or 4, 8;
    %flag_mov 8, 4;
    %load/vec4 v0x557b58f19b20_0;
    %ix/load 4, 1, 0;
    %flag_set/imm 4, 0;
    %load/vec4a v0x557b58f19c90, 4;
    %cmp/e;
    %flag_or 4, 8;
    %flag_mov 8, 4;
    %load/vec4 v0x557b58f19b20_0;
    %ix/load 4, 0, 0;
    %flag_set/imm 4, 0;
    %load/vec4a v0x557b58f19c90, 4;
    %cmp/e;
    %flag_or 4, 8;
    %jmp/0xz T_5.38, 4;
    %load/vec4 v0x557b58f19b20_0;
    %addi 1, 0, 4;
    %store/vec4 v0x557b58f19b20_0, 0, 4;
    %jmp T_5.37;
T_5.38 ;
    %pushi/vec4 1, 0, 1;
    %assign/vec4 v0x557b58f196d0_0, 0;
    %pushi/vec4 0, 0, 1;
    %assign/vec4 v0x557b58f194b0_0, 0;
    %ix/load 4, 3, 0;
    %flag_set/imm 4, 0;
    %load/vec4a v0x557b58f19c90, 4;
    %load/vec4 v0x557b58f19b20_0;
    %concat/vec4; draw_concat_vec4
    %ix/load 4, 1, 0;
    %flag_set/imm 4, 0;
    %load/vec4a v0x557b58f19c90, 4;
    %concat/vec4; draw_concat_vec4
    %ix/load 4, 0, 0;
    %flag_set/imm 4, 0;
    %load/vec4a v0x557b58f19c90, 4;
    %concat/vec4; draw_concat_vec4
    %assign/vec4 v0x557b58f1a360_0, 0;
T_5.35 ;
T_5.33 ;
    %load/vec4 v0x557b58f19ec0_0;
    %load/vec4 v0x557b58f19f90_0;
    %nor/r;
    %and;
    %flag_set/vec4 8;
    %jmp/0xz  T_5.39, 8;
    %pushi/vec4 0, 0, 1;
    %assign/vec4 v0x557b58f196d0_0, 0;
    %pushi/vec4 1, 0, 1;
    %assign/vec4 v0x557b58f194b0_0, 0;
T_5.39 ;
    %load/vec4 v0x557b58f19f90_0;
    %flag_set/vec4 8;
    %jmp/0xz  T_5.41, 8;
    %load/vec4 v0x557b58f1a2a0_0;
    %cmpi/e 4, 0, 3;
    %jmp/0xz  T_5.43, 4;
    %load/vec4 v0x557b58f19bc0_0;
    %parti/s 4, 12, 5;
    %ix/load 3, 3, 0;
    %flag_set/imm 4, 0;
    %ix/load 4, 0, 0; Constant delay
    %assign/vec4/a/d v0x557b58f19c90, 0, 4;
    %load/vec4 v0x557b58f19bc0_0;
    %parti/s 4, 8, 5;
    %ix/load 3, 2, 0;
    %flag_set/imm 4, 0;
    %ix/load 4, 0, 0; Constant delay
    %assign/vec4/a/d v0x557b58f19c90, 0, 4;
    %load/vec4 v0x557b58f19bc0_0;
    %parti/s 4, 4, 4;
    %ix/load 3, 1, 0;
    %flag_set/imm 4, 0;
    %ix/load 4, 0, 0; Constant delay
    %assign/vec4/a/d v0x557b58f19c90, 0, 4;
    %load/vec4 v0x557b58f19bc0_0;
    %parti/s 4, 0, 2;
    %ix/load 3, 0, 0;
    %flag_set/imm 4, 0;
    %ix/load 4, 0, 0; Constant delay
    %assign/vec4/a/d v0x557b58f19c90, 0, 4;
    %pushi/vec4 5, 0, 3;
    %assign/vec4 v0x557b58f1a130_0, 0;
    %load/vec4 v0x557b58f1a2a0_0;
    %assign/vec4 v0x557b58f19de0_0, 0;
    %pushi/vec4 0, 0, 4;
    %assign/vec4 v0x557b58f19b20_0, 0;
    %jmp T_5.44;
T_5.43 ;
    %load/vec4 v0x557b58f19de0_0;
    %load/vec4 v0x557b58f1a2a0_0;
    %cmp/u;
    %jmp/0xz  T_5.45, 5;
    %load/vec4 v0x557b58f19bc0_0;
    %parti/s 4, 12, 5;
    %ix/load 3, 3, 0;
    %flag_set/imm 4, 0;
    %ix/load 4, 0, 0; Constant delay
    %assign/vec4/a/d v0x557b58f19c90, 0, 4;
    %load/vec4 v0x557b58f19bc0_0;
    %parti/s 4, 8, 5;
    %ix/load 3, 2, 0;
    %flag_set/imm 4, 0;
    %ix/load 4, 0, 0; Constant delay
    %assign/vec4/a/d v0x557b58f19c90, 0, 4;
    %load/vec4 v0x557b58f19bc0_0;
    %parti/s 4, 4, 4;
    %ix/load 3, 1, 0;
    %flag_set/imm 4, 0;
    %ix/load 4, 0, 0; Constant delay
    %assign/vec4/a/d v0x557b58f19c90, 0, 4;
    %load/vec4 v0x557b58f19bc0_0;
    %parti/s 4, 0, 2;
    %ix/load 3, 0, 0;
    %flag_set/imm 4, 0;
    %ix/load 4, 0, 0; Constant delay
    %assign/vec4/a/d v0x557b58f19c90, 0, 4;
    %pushi/vec4 3, 0, 3;
    %assign/vec4 v0x557b58f1a130_0, 0;
    %load/vec4 v0x557b58f1a2a0_0;
    %assign/vec4 v0x557b58f19de0_0, 0;
    %pushi/vec4 0, 0, 4;
    %assign/vec4 v0x557b58f19b20_0, 0;
    %jmp T_5.46;
T_5.45 ;
    %load/vec4 v0x557b58f19b20_0;
    %cmpi/e 9, 0, 4;
    %jmp/0xz  T_5.47, 4;
    %pushi/vec4 3, 0, 3;
    %assign/vec4 v0x557b58f1a130_0, 0;
    %pushi/vec4 0, 0, 4;
    %assign/vec4 v0x557b58f19b20_0, 0;
    %jmp T_5.48;
T_5.47 ;
    %pushi/vec4 2, 0, 3;
    %assign/vec4 v0x557b58f1a130_0, 0;
T_5.48 ;
T_5.46 ;
T_5.44 ;
T_5.41 ;
    %jmp T_5.8;
T_5.5 ;
    %load/vec4 v0x557b58f19f90_0;
    %nor/r;
    %load/vec4 v0x557b58f19630_0;
    %nor/r;
    %and;
    %flag_set/vec4 8;
    %jmp/0xz  T_5.49, 8;
    %load/vec4 v0x557b58f19b20_0;
    %cmpi/u 10, 0, 4;
    %jmp/0xz  T_5.51, 5;
    %load/vec4 v0x557b58f19b20_0;
    %addi 1, 0, 4;
    %store/vec4 v0x557b58f19b20_0, 0, 4;
T_5.53 ;
    %load/vec4 v0x557b58f19b20_0;
    %ix/load 4, 3, 0;
    %flag_set/imm 4, 0;
    %load/vec4a v0x557b58f19c90, 4;
    %cmp/e;
    %flag_mov 8, 4;
    %load/vec4 v0x557b58f19b20_0;
    %ix/load 4, 2, 0;
    %flag_set/imm 4, 0;
    %load/vec4a v0x557b58f19c90, 4;
    %cmp/e;
    %flag_or 4, 8;
    %flag_mov 8, 4;
    %load/vec4 v0x557b58f19b20_0;
    %ix/load 4, 1, 0;
    %flag_set/imm 4, 0;
    %load/vec4a v0x557b58f19c90, 4;
    %cmp/e;
    %flag_or 4, 8;
    %flag_mov 8, 4;
    %load/vec4 v0x557b58f19b20_0;
    %ix/load 4, 0, 0;
    %flag_set/imm 4, 0;
    %load/vec4a v0x557b58f19c90, 4;
    %cmp/e;
    %flag_or 4, 8;
    %jmp/0xz T_5.54, 4;
    %load/vec4 v0x557b58f19b20_0;
    %addi 1, 0, 4;
    %store/vec4 v0x557b58f19b20_0, 0, 4;
    %jmp T_5.53;
T_5.54 ;
    %pushi/vec4 1, 0, 1;
    %assign/vec4 v0x557b58f196d0_0, 0;
    %pushi/vec4 0, 0, 1;
    %assign/vec4 v0x557b58f194b0_0, 0;
    %ix/load 4, 3, 0;
    %flag_set/imm 4, 0;
    %load/vec4a v0x557b58f19c90, 4;
    %ix/load 4, 2, 0;
    %flag_set/imm 4, 0;
    %load/vec4a v0x557b58f19c90, 4;
    %concat/vec4; draw_concat_vec4
    %ix/load 4, 1, 0;
    %flag_set/imm 4, 0;
    %load/vec4a v0x557b58f19c90, 4;
    %concat/vec4; draw_concat_vec4
    %load/vec4 v0x557b58f19b20_0;
    %concat/vec4; draw_concat_vec4
    %ix/load 4, 0, 0;
    %flag_set/imm 4, 0;
    %load/vec4a v0x557b58f19c90, 4;
    %concat/vec4; draw_concat_vec4
    %pad/u 16;
    %assign/vec4 v0x557b58f1a360_0, 0;
T_5.51 ;
T_5.49 ;
    %load/vec4 v0x557b58f19ec0_0;
    %load/vec4 v0x557b58f19f90_0;
    %nor/r;
    %and;
    %flag_set/vec4 8;
    %jmp/0xz  T_5.55, 8;
    %pushi/vec4 0, 0, 1;
    %assign/vec4 v0x557b58f196d0_0, 0;
    %pushi/vec4 1, 0, 1;
    %assign/vec4 v0x557b58f194b0_0, 0;
T_5.55 ;
    %load/vec4 v0x557b58f19f90_0;
    %flag_set/vec4 8;
    %jmp/0xz  T_5.57, 8;
    %load/vec4 v0x557b58f1a2a0_0;
    %cmpi/e 4, 0, 3;
    %jmp/0xz  T_5.59, 4;
    %load/vec4 v0x557b58f19bc0_0;
    %parti/s 4, 12, 5;
    %ix/load 3, 3, 0;
    %flag_set/imm 4, 0;
    %ix/load 4, 0, 0; Constant delay
    %assign/vec4/a/d v0x557b58f19c90, 0, 4;
    %load/vec4 v0x557b58f19bc0_0;
    %parti/s 4, 8, 5;
    %ix/load 3, 2, 0;
    %flag_set/imm 4, 0;
    %ix/load 4, 0, 0; Constant delay
    %assign/vec4/a/d v0x557b58f19c90, 0, 4;
    %load/vec4 v0x557b58f19bc0_0;
    %parti/s 4, 4, 4;
    %ix/load 3, 1, 0;
    %flag_set/imm 4, 0;
    %ix/load 4, 0, 0; Constant delay
    %assign/vec4/a/d v0x557b58f19c90, 0, 4;
    %load/vec4 v0x557b58f19bc0_0;
    %parti/s 4, 0, 2;
    %ix/load 3, 0, 0;
    %flag_set/imm 4, 0;
    %ix/load 4, 0, 0; Constant delay
    %assign/vec4/a/d v0x557b58f19c90, 0, 4;
    %pushi/vec4 5, 0, 3;
    %assign/vec4 v0x557b58f1a130_0, 0;
    %load/vec4 v0x557b58f1a2a0_0;
    %assign/vec4 v0x557b58f19de0_0, 0;
    %pushi/vec4 0, 0, 4;
    %assign/vec4 v0x557b58f19b20_0, 0;
    %jmp T_5.60;
T_5.59 ;
    %load/vec4 v0x557b58f19de0_0;
    %load/vec4 v0x557b58f1a2a0_0;
    %cmp/u;
    %jmp/0xz  T_5.61, 5;
    %load/vec4 v0x557b58f19bc0_0;
    %parti/s 4, 12, 5;
    %ix/load 3, 3, 0;
    %flag_set/imm 4, 0;
    %ix/load 4, 0, 0; Constant delay
    %assign/vec4/a/d v0x557b58f19c90, 0, 4;
    %load/vec4 v0x557b58f19bc0_0;
    %parti/s 4, 8, 5;
    %ix/load 3, 2, 0;
    %flag_set/imm 4, 0;
    %ix/load 4, 0, 0; Constant delay
    %assign/vec4/a/d v0x557b58f19c90, 0, 4;
    %load/vec4 v0x557b58f19bc0_0;
    %parti/s 4, 4, 4;
    %ix/load 3, 1, 0;
    %flag_set/imm 4, 0;
    %ix/load 4, 0, 0; Constant delay
    %assign/vec4/a/d v0x557b58f19c90, 0, 4;
    %load/vec4 v0x557b58f19bc0_0;
    %parti/s 4, 0, 2;
    %ix/load 3, 0, 0;
    %flag_set/imm 4, 0;
    %ix/load 4, 0, 0; Constant delay
    %assign/vec4/a/d v0x557b58f19c90, 0, 4;
    %pushi/vec4 4, 0, 3;
    %assign/vec4 v0x557b58f1a130_0, 0;
    %load/vec4 v0x557b58f1a2a0_0;
    %assign/vec4 v0x557b58f19de0_0, 0;
    %pushi/vec4 0, 0, 4;
    %assign/vec4 v0x557b58f19b20_0, 0;
    %jmp T_5.62;
T_5.61 ;
    %load/vec4 v0x557b58f19b20_0;
    %cmpi/e 9, 0, 4;
    %jmp/0xz  T_5.63, 4;
    %pushi/vec4 4, 0, 3;
    %assign/vec4 v0x557b58f1a130_0, 0;
    %pushi/vec4 0, 0, 4;
    %assign/vec4 v0x557b58f19b20_0, 0;
    %jmp T_5.64;
T_5.63 ;
    %pushi/vec4 3, 0, 3;
    %assign/vec4 v0x557b58f1a130_0, 0;
T_5.64 ;
T_5.62 ;
T_5.60 ;
T_5.57 ;
    %jmp T_5.8;
T_5.6 ;
    %load/vec4 v0x557b58f19f90_0;
    %nor/r;
    %load/vec4 v0x557b58f19630_0;
    %nor/r;
    %and;
    %flag_set/vec4 8;
    %jmp/0xz  T_5.65, 8;
    %load/vec4 v0x557b58f19b20_0;
    %cmpi/u 10, 0, 4;
    %jmp/0xz  T_5.67, 5;
    %load/vec4 v0x557b58f19b20_0;
    %addi 1, 0, 4;
    %store/vec4 v0x557b58f19b20_0, 0, 4;
T_5.69 ;
    %load/vec4 v0x557b58f19b20_0;
    %ix/load 4, 3, 0;
    %flag_set/imm 4, 0;
    %load/vec4a v0x557b58f19c90, 4;
    %cmp/e;
    %flag_mov 8, 4;
    %load/vec4 v0x557b58f19b20_0;
    %ix/load 4, 2, 0;
    %flag_set/imm 4, 0;
    %load/vec4a v0x557b58f19c90, 4;
    %cmp/e;
    %flag_or 4, 8;
    %flag_mov 8, 4;
    %load/vec4 v0x557b58f19b20_0;
    %ix/load 4, 1, 0;
    %flag_set/imm 4, 0;
    %load/vec4a v0x557b58f19c90, 4;
    %cmp/e;
    %flag_or 4, 8;
    %flag_mov 8, 4;
    %load/vec4 v0x557b58f19b20_0;
    %ix/load 4, 0, 0;
    %flag_set/imm 4, 0;
    %load/vec4a v0x557b58f19c90, 4;
    %cmp/e;
    %flag_or 4, 8;
    %jmp/0xz T_5.70, 4;
    %load/vec4 v0x557b58f19b20_0;
    %addi 1, 0, 4;
    %store/vec4 v0x557b58f19b20_0, 0, 4;
    %jmp T_5.69;
T_5.70 ;
    %pushi/vec4 1, 0, 1;
    %assign/vec4 v0x557b58f196d0_0, 0;
    %pushi/vec4 0, 0, 1;
    %assign/vec4 v0x557b58f194b0_0, 0;
    %ix/load 4, 3, 0;
    %flag_set/imm 4, 0;
    %load/vec4a v0x557b58f19c90, 4;
    %ix/load 4, 2, 0;
    %flag_set/imm 4, 0;
    %load/vec4a v0x557b58f19c90, 4;
    %concat/vec4; draw_concat_vec4
    %ix/load 4, 1, 0;
    %flag_set/imm 4, 0;
    %load/vec4a v0x557b58f19c90, 4;
    %concat/vec4; draw_concat_vec4
    %load/vec4 v0x557b58f19b20_0;
    %concat/vec4; draw_concat_vec4
    %assign/vec4 v0x557b58f1a360_0, 0;
T_5.67 ;
T_5.65 ;
    %load/vec4 v0x557b58f19ec0_0;
    %load/vec4 v0x557b58f19f90_0;
    %nor/r;
    %and;
    %flag_set/vec4 8;
    %jmp/0xz  T_5.71, 8;
    %pushi/vec4 0, 0, 1;
    %assign/vec4 v0x557b58f196d0_0, 0;
    %pushi/vec4 1, 0, 1;
    %assign/vec4 v0x557b58f194b0_0, 0;
T_5.71 ;
    %load/vec4 v0x557b58f19f90_0;
    %flag_set/vec4 8;
    %jmp/0xz  T_5.73, 8;
    %load/vec4 v0x557b58f1a2a0_0;
    %cmpi/e 4, 0, 3;
    %jmp/0xz  T_5.75, 4;
    %load/vec4 v0x557b58f19bc0_0;
    %parti/s 4, 12, 5;
    %ix/load 3, 3, 0;
    %flag_set/imm 4, 0;
    %ix/load 4, 0, 0; Constant delay
    %assign/vec4/a/d v0x557b58f19c90, 0, 4;
    %load/vec4 v0x557b58f19bc0_0;
    %parti/s 4, 8, 5;
    %ix/load 3, 2, 0;
    %flag_set/imm 4, 0;
    %ix/load 4, 0, 0; Constant delay
    %assign/vec4/a/d v0x557b58f19c90, 0, 4;
    %load/vec4 v0x557b58f19bc0_0;
    %parti/s 4, 4, 4;
    %ix/load 3, 1, 0;
    %flag_set/imm 4, 0;
    %ix/load 4, 0, 0; Constant delay
    %assign/vec4/a/d v0x557b58f19c90, 0, 4;
    %load/vec4 v0x557b58f19bc0_0;
    %parti/s 4, 0, 2;
    %ix/load 3, 0, 0;
    %flag_set/imm 4, 0;
    %ix/load 4, 0, 0; Constant delay
    %assign/vec4/a/d v0x557b58f19c90, 0, 4;
    %pushi/vec4 5, 0, 3;
    %assign/vec4 v0x557b58f1a130_0, 0;
    %load/vec4 v0x557b58f1a2a0_0;
    %assign/vec4 v0x557b58f19de0_0, 0;
    %pushi/vec4 0, 0, 4;
    %assign/vec4 v0x557b58f19b20_0, 0;
    %jmp T_5.76;
T_5.75 ;
    %pushi/vec4 4, 0, 3;
    %assign/vec4 v0x557b58f1a130_0, 0;
T_5.76 ;
T_5.73 ;
    %jmp T_5.8;
T_5.7 ;
    %load/vec4 v0x557b58f19f90_0;
    %nor/r;
    %load/vec4 v0x557b58f19630_0;
    %nor/r;
    %and;
    %flag_set/vec4 8;
    %jmp/0xz  T_5.77, 8;
    %pushi/vec4 1, 0, 1;
    %assign/vec4 v0x557b58f196d0_0, 0;
    %pushi/vec4 0, 0, 1;
    %assign/vec4 v0x557b58f194b0_0, 0;
    %load/vec4 v0x557b58f199b0_0;
    %dup/vec4;
    %pushi/vec4 1, 0, 5;
    %cmp/u;
    %jmp/1 T_5.79, 6;
    %dup/vec4;
    %pushi/vec4 2, 0, 5;
    %cmp/u;
    %jmp/1 T_5.80, 6;
    %dup/vec4;
    %pushi/vec4 3, 0, 5;
    %cmp/u;
    %jmp/1 T_5.81, 6;
    %dup/vec4;
    %pushi/vec4 4, 0, 5;
    %cmp/u;
    %jmp/1 T_5.82, 6;
    %dup/vec4;
    %pushi/vec4 5, 0, 5;
    %cmp/u;
    %jmp/1 T_5.83, 6;
    %dup/vec4;
    %pushi/vec4 6, 0, 5;
    %cmp/u;
    %jmp/1 T_5.84, 6;
    %dup/vec4;
    %pushi/vec4 7, 0, 5;
    %cmp/u;
    %jmp/1 T_5.85, 6;
    %dup/vec4;
    %pushi/vec4 8, 0, 5;
    %cmp/u;
    %jmp/1 T_5.86, 6;
    %dup/vec4;
    %pushi/vec4 9, 0, 5;
    %cmp/u;
    %jmp/1 T_5.87, 6;
    %dup/vec4;
    %pushi/vec4 10, 0, 5;
    %cmp/u;
    %jmp/1 T_5.88, 6;
    %dup/vec4;
    %pushi/vec4 11, 0, 5;
    %cmp/u;
    %jmp/1 T_5.89, 6;
    %dup/vec4;
    %pushi/vec4 12, 0, 5;
    %cmp/u;
    %jmp/1 T_5.90, 6;
    %dup/vec4;
    %pushi/vec4 13, 0, 5;
    %cmp/u;
    %jmp/1 T_5.91, 6;
    %dup/vec4;
    %pushi/vec4 14, 0, 5;
    %cmp/u;
    %jmp/1 T_5.92, 6;
    %dup/vec4;
    %pushi/vec4 15, 0, 5;
    %cmp/u;
    %jmp/1 T_5.93, 6;
    %dup/vec4;
    %pushi/vec4 16, 0, 5;
    %cmp/u;
    %jmp/1 T_5.94, 6;
    %dup/vec4;
    %pushi/vec4 17, 0, 5;
    %cmp/u;
    %jmp/1 T_5.95, 6;
    %dup/vec4;
    %pushi/vec4 18, 0, 5;
    %cmp/u;
    %jmp/1 T_5.96, 6;
    %dup/vec4;
    %pushi/vec4 19, 0, 5;
    %cmp/u;
    %jmp/1 T_5.97, 6;
    %dup/vec4;
    %pushi/vec4 20, 0, 5;
    %cmp/u;
    %jmp/1 T_5.98, 6;
    %dup/vec4;
    %pushi/vec4 21, 0, 5;
    %cmp/u;
    %jmp/1 T_5.99, 6;
    %dup/vec4;
    %pushi/vec4 22, 0, 5;
    %cmp/u;
    %jmp/1 T_5.100, 6;
    %dup/vec4;
    %pushi/vec4 23, 0, 5;
    %cmp/u;
    %jmp/1 T_5.101, 6;
    %dup/vec4;
    %pushi/vec4 24, 0, 5;
    %cmp/u;
    %jmp/1 T_5.102, 6;
    %jmp T_5.103;
T_5.79 ;
    %ix/load 4, 3, 0;
    %flag_set/imm 4, 0;
    %load/vec4a v0x557b58f19c90, 4;
    %ix/load 4, 12, 0;
    %ix/load 5, 0, 0;
    %flag_set/imm 4, 0;
    %assign/vec4/off/d v0x557b58f1a360_0, 4, 5;
    %ix/load 4, 2, 0;
    %flag_set/imm 4, 0;
    %load/vec4a v0x557b58f19c90, 4;
    %ix/load 4, 8, 0;
    %ix/load 5, 0, 0;
    %flag_set/imm 4, 0;
    %assign/vec4/off/d v0x557b58f1a360_0, 4, 5;
    %ix/load 4, 1, 0;
    %flag_set/imm 4, 0;
    %load/vec4a v0x557b58f19c90, 4;
    %ix/load 4, 4, 0;
    %ix/load 5, 0, 0;
    %flag_set/imm 4, 0;
    %assign/vec4/off/d v0x557b58f1a360_0, 4, 5;
    %ix/load 4, 0, 0;
    %flag_set/imm 4, 0;
    %load/vec4a v0x557b58f19c90, 4;
    %ix/load 4, 0, 0;
    %ix/load 5, 0, 0;
    %flag_set/imm 4, 0;
    %assign/vec4/off/d v0x557b58f1a360_0, 4, 5;
    %jmp T_5.103;
T_5.80 ;
    %ix/load 4, 3, 0;
    %flag_set/imm 4, 0;
    %load/vec4a v0x557b58f19c90, 4;
    %ix/load 4, 12, 0;
    %ix/load 5, 0, 0;
    %flag_set/imm 4, 0;
    %assign/vec4/off/d v0x557b58f1a360_0, 4, 5;
    %ix/load 4, 2, 0;
    %flag_set/imm 4, 0;
    %load/vec4a v0x557b58f19c90, 4;
    %ix/load 4, 8, 0;
    %ix/load 5, 0, 0;
    %flag_set/imm 4, 0;
    %assign/vec4/off/d v0x557b58f1a360_0, 4, 5;
    %ix/load 4, 0, 0;
    %flag_set/imm 4, 0;
    %load/vec4a v0x557b58f19c90, 4;
    %ix/load 4, 4, 0;
    %ix/load 5, 0, 0;
    %flag_set/imm 4, 0;
    %assign/vec4/off/d v0x557b58f1a360_0, 4, 5;
    %ix/load 4, 1, 0;
    %flag_set/imm 4, 0;
    %load/vec4a v0x557b58f19c90, 4;
    %ix/load 4, 0, 0;
    %ix/load 5, 0, 0;
    %flag_set/imm 4, 0;
    %assign/vec4/off/d v0x557b58f1a360_0, 4, 5;
    %jmp T_5.103;
T_5.81 ;
    %ix/load 4, 3, 0;
    %flag_set/imm 4, 0;
    %load/vec4a v0x557b58f19c90, 4;
    %ix/load 4, 12, 0;
    %ix/load 5, 0, 0;
    %flag_set/imm 4, 0;
    %assign/vec4/off/d v0x557b58f1a360_0, 4, 5;
    %ix/load 4, 1, 0;
    %flag_set/imm 4, 0;
    %load/vec4a v0x557b58f19c90, 4;
    %ix/load 4, 8, 0;
    %ix/load 5, 0, 0;
    %flag_set/imm 4, 0;
    %assign/vec4/off/d v0x557b58f1a360_0, 4, 5;
    %ix/load 4, 2, 0;
    %flag_set/imm 4, 0;
    %load/vec4a v0x557b58f19c90, 4;
    %ix/load 4, 4, 0;
    %ix/load 5, 0, 0;
    %flag_set/imm 4, 0;
    %assign/vec4/off/d v0x557b58f1a360_0, 4, 5;
    %ix/load 4, 0, 0;
    %flag_set/imm 4, 0;
    %load/vec4a v0x557b58f19c90, 4;
    %ix/load 4, 0, 0;
    %ix/load 5, 0, 0;
    %flag_set/imm 4, 0;
    %assign/vec4/off/d v0x557b58f1a360_0, 4, 5;
    %jmp T_5.103;
T_5.82 ;
    %ix/load 4, 3, 0;
    %flag_set/imm 4, 0;
    %load/vec4a v0x557b58f19c90, 4;
    %ix/load 4, 12, 0;
    %ix/load 5, 0, 0;
    %flag_set/imm 4, 0;
    %assign/vec4/off/d v0x557b58f1a360_0, 4, 5;
    %ix/load 4, 1, 0;
    %flag_set/imm 4, 0;
    %load/vec4a v0x557b58f19c90, 4;
    %ix/load 4, 8, 0;
    %ix/load 5, 0, 0;
    %flag_set/imm 4, 0;
    %assign/vec4/off/d v0x557b58f1a360_0, 4, 5;
    %ix/load 4, 0, 0;
    %flag_set/imm 4, 0;
    %load/vec4a v0x557b58f19c90, 4;
    %ix/load 4, 4, 0;
    %ix/load 5, 0, 0;
    %flag_set/imm 4, 0;
    %assign/vec4/off/d v0x557b58f1a360_0, 4, 5;
    %ix/load 4, 2, 0;
    %flag_set/imm 4, 0;
    %load/vec4a v0x557b58f19c90, 4;
    %ix/load 4, 0, 0;
    %ix/load 5, 0, 0;
    %flag_set/imm 4, 0;
    %assign/vec4/off/d v0x557b58f1a360_0, 4, 5;
    %jmp T_5.103;
T_5.83 ;
    %ix/load 4, 3, 0;
    %flag_set/imm 4, 0;
    %load/vec4a v0x557b58f19c90, 4;
    %ix/load 4, 12, 0;
    %ix/load 5, 0, 0;
    %flag_set/imm 4, 0;
    %assign/vec4/off/d v0x557b58f1a360_0, 4, 5;
    %ix/load 4, 0, 0;
    %flag_set/imm 4, 0;
    %load/vec4a v0x557b58f19c90, 4;
    %ix/load 4, 8, 0;
    %ix/load 5, 0, 0;
    %flag_set/imm 4, 0;
    %assign/vec4/off/d v0x557b58f1a360_0, 4, 5;
    %ix/load 4, 2, 0;
    %flag_set/imm 4, 0;
    %load/vec4a v0x557b58f19c90, 4;
    %ix/load 4, 4, 0;
    %ix/load 5, 0, 0;
    %flag_set/imm 4, 0;
    %assign/vec4/off/d v0x557b58f1a360_0, 4, 5;
    %ix/load 4, 1, 0;
    %flag_set/imm 4, 0;
    %load/vec4a v0x557b58f19c90, 4;
    %ix/load 4, 0, 0;
    %ix/load 5, 0, 0;
    %flag_set/imm 4, 0;
    %assign/vec4/off/d v0x557b58f1a360_0, 4, 5;
    %jmp T_5.103;
T_5.84 ;
    %ix/load 4, 3, 0;
    %flag_set/imm 4, 0;
    %load/vec4a v0x557b58f19c90, 4;
    %ix/load 4, 12, 0;
    %ix/load 5, 0, 0;
    %flag_set/imm 4, 0;
    %assign/vec4/off/d v0x557b58f1a360_0, 4, 5;
    %ix/load 4, 0, 0;
    %flag_set/imm 4, 0;
    %load/vec4a v0x557b58f19c90, 4;
    %ix/load 4, 8, 0;
    %ix/load 5, 0, 0;
    %flag_set/imm 4, 0;
    %assign/vec4/off/d v0x557b58f1a360_0, 4, 5;
    %ix/load 4, 1, 0;
    %flag_set/imm 4, 0;
    %load/vec4a v0x557b58f19c90, 4;
    %ix/load 4, 4, 0;
    %ix/load 5, 0, 0;
    %flag_set/imm 4, 0;
    %assign/vec4/off/d v0x557b58f1a360_0, 4, 5;
    %ix/load 4, 2, 0;
    %flag_set/imm 4, 0;
    %load/vec4a v0x557b58f19c90, 4;
    %ix/load 4, 0, 0;
    %ix/load 5, 0, 0;
    %flag_set/imm 4, 0;
    %assign/vec4/off/d v0x557b58f1a360_0, 4, 5;
    %jmp T_5.103;
T_5.85 ;
    %ix/load 4, 2, 0;
    %flag_set/imm 4, 0;
    %load/vec4a v0x557b58f19c90, 4;
    %ix/load 4, 12, 0;
    %ix/load 5, 0, 0;
    %flag_set/imm 4, 0;
    %assign/vec4/off/d v0x557b58f1a360_0, 4, 5;
    %ix/load 4, 3, 0;
    %flag_set/imm 4, 0;
    %load/vec4a v0x557b58f19c90, 4;
    %ix/load 4, 8, 0;
    %ix/load 5, 0, 0;
    %flag_set/imm 4, 0;
    %assign/vec4/off/d v0x557b58f1a360_0, 4, 5;
    %ix/load 4, 1, 0;
    %flag_set/imm 4, 0;
    %load/vec4a v0x557b58f19c90, 4;
    %ix/load 4, 4, 0;
    %ix/load 5, 0, 0;
    %flag_set/imm 4, 0;
    %assign/vec4/off/d v0x557b58f1a360_0, 4, 5;
    %ix/load 4, 0, 0;
    %flag_set/imm 4, 0;
    %load/vec4a v0x557b58f19c90, 4;
    %ix/load 4, 0, 0;
    %ix/load 5, 0, 0;
    %flag_set/imm 4, 0;
    %assign/vec4/off/d v0x557b58f1a360_0, 4, 5;
    %jmp T_5.103;
T_5.86 ;
    %ix/load 4, 2, 0;
    %flag_set/imm 4, 0;
    %load/vec4a v0x557b58f19c90, 4;
    %ix/load 4, 12, 0;
    %ix/load 5, 0, 0;
    %flag_set/imm 4, 0;
    %assign/vec4/off/d v0x557b58f1a360_0, 4, 5;
    %ix/load 4, 3, 0;
    %flag_set/imm 4, 0;
    %load/vec4a v0x557b58f19c90, 4;
    %ix/load 4, 8, 0;
    %ix/load 5, 0, 0;
    %flag_set/imm 4, 0;
    %assign/vec4/off/d v0x557b58f1a360_0, 4, 5;
    %ix/load 4, 0, 0;
    %flag_set/imm 4, 0;
    %load/vec4a v0x557b58f19c90, 4;
    %ix/load 4, 4, 0;
    %ix/load 5, 0, 0;
    %flag_set/imm 4, 0;
    %assign/vec4/off/d v0x557b58f1a360_0, 4, 5;
    %ix/load 4, 1, 0;
    %flag_set/imm 4, 0;
    %load/vec4a v0x557b58f19c90, 4;
    %ix/load 4, 0, 0;
    %ix/load 5, 0, 0;
    %flag_set/imm 4, 0;
    %assign/vec4/off/d v0x557b58f1a360_0, 4, 5;
    %jmp T_5.103;
T_5.87 ;
    %ix/load 4, 2, 0;
    %flag_set/imm 4, 0;
    %load/vec4a v0x557b58f19c90, 4;
    %ix/load 4, 12, 0;
    %ix/load 5, 0, 0;
    %flag_set/imm 4, 0;
    %assign/vec4/off/d v0x557b58f1a360_0, 4, 5;
    %ix/load 4, 1, 0;
    %flag_set/imm 4, 0;
    %load/vec4a v0x557b58f19c90, 4;
    %ix/load 4, 8, 0;
    %ix/load 5, 0, 0;
    %flag_set/imm 4, 0;
    %assign/vec4/off/d v0x557b58f1a360_0, 4, 5;
    %ix/load 4, 3, 0;
    %flag_set/imm 4, 0;
    %load/vec4a v0x557b58f19c90, 4;
    %ix/load 4, 4, 0;
    %ix/load 5, 0, 0;
    %flag_set/imm 4, 0;
    %assign/vec4/off/d v0x557b58f1a360_0, 4, 5;
    %ix/load 4, 0, 0;
    %flag_set/imm 4, 0;
    %load/vec4a v0x557b58f19c90, 4;
    %ix/load 4, 0, 0;
    %ix/load 5, 0, 0;
    %flag_set/imm 4, 0;
    %assign/vec4/off/d v0x557b58f1a360_0, 4, 5;
    %jmp T_5.103;
T_5.88 ;
    %ix/load 4, 2, 0;
    %flag_set/imm 4, 0;
    %load/vec4a v0x557b58f19c90, 4;
    %ix/load 4, 12, 0;
    %ix/load 5, 0, 0;
    %flag_set/imm 4, 0;
    %assign/vec4/off/d v0x557b58f1a360_0, 4, 5;
    %ix/load 4, 1, 0;
    %flag_set/imm 4, 0;
    %load/vec4a v0x557b58f19c90, 4;
    %ix/load 4, 8, 0;
    %ix/load 5, 0, 0;
    %flag_set/imm 4, 0;
    %assign/vec4/off/d v0x557b58f1a360_0, 4, 5;
    %ix/load 4, 0, 0;
    %flag_set/imm 4, 0;
    %load/vec4a v0x557b58f19c90, 4;
    %ix/load 4, 4, 0;
    %ix/load 5, 0, 0;
    %flag_set/imm 4, 0;
    %assign/vec4/off/d v0x557b58f1a360_0, 4, 5;
    %ix/load 4, 3, 0;
    %flag_set/imm 4, 0;
    %load/vec4a v0x557b58f19c90, 4;
    %ix/load 4, 0, 0;
    %ix/load 5, 0, 0;
    %flag_set/imm 4, 0;
    %assign/vec4/off/d v0x557b58f1a360_0, 4, 5;
    %jmp T_5.103;
T_5.89 ;
    %ix/load 4, 2, 0;
    %flag_set/imm 4, 0;
    %load/vec4a v0x557b58f19c90, 4;
    %ix/load 4, 12, 0;
    %ix/load 5, 0, 0;
    %flag_set/imm 4, 0;
    %assign/vec4/off/d v0x557b58f1a360_0, 4, 5;
    %ix/load 4, 0, 0;
    %flag_set/imm 4, 0;
    %load/vec4a v0x557b58f19c90, 4;
    %ix/load 4, 8, 0;
    %ix/load 5, 0, 0;
    %flag_set/imm 4, 0;
    %assign/vec4/off/d v0x557b58f1a360_0, 4, 5;
    %ix/load 4, 3, 0;
    %flag_set/imm 4, 0;
    %load/vec4a v0x557b58f19c90, 4;
    %ix/load 4, 4, 0;
    %ix/load 5, 0, 0;
    %flag_set/imm 4, 0;
    %assign/vec4/off/d v0x557b58f1a360_0, 4, 5;
    %ix/load 4, 1, 0;
    %flag_set/imm 4, 0;
    %load/vec4a v0x557b58f19c90, 4;
    %ix/load 4, 0, 0;
    %ix/load 5, 0, 0;
    %flag_set/imm 4, 0;
    %assign/vec4/off/d v0x557b58f1a360_0, 4, 5;
    %jmp T_5.103;
T_5.90 ;
    %ix/load 4, 2, 0;
    %flag_set/imm 4, 0;
    %load/vec4a v0x557b58f19c90, 4;
    %ix/load 4, 12, 0;
    %ix/load 5, 0, 0;
    %flag_set/imm 4, 0;
    %assign/vec4/off/d v0x557b58f1a360_0, 4, 5;
    %ix/load 4, 0, 0;
    %flag_set/imm 4, 0;
    %load/vec4a v0x557b58f19c90, 4;
    %ix/load 4, 8, 0;
    %ix/load 5, 0, 0;
    %flag_set/imm 4, 0;
    %assign/vec4/off/d v0x557b58f1a360_0, 4, 5;
    %ix/load 4, 1, 0;
    %flag_set/imm 4, 0;
    %load/vec4a v0x557b58f19c90, 4;
    %ix/load 4, 4, 0;
    %ix/load 5, 0, 0;
    %flag_set/imm 4, 0;
    %assign/vec4/off/d v0x557b58f1a360_0, 4, 5;
    %ix/load 4, 3, 0;
    %flag_set/imm 4, 0;
    %load/vec4a v0x557b58f19c90, 4;
    %ix/load 4, 0, 0;
    %ix/load 5, 0, 0;
    %flag_set/imm 4, 0;
    %assign/vec4/off/d v0x557b58f1a360_0, 4, 5;
    %jmp T_5.103;
T_5.91 ;
    %ix/load 4, 1, 0;
    %flag_set/imm 4, 0;
    %load/vec4a v0x557b58f19c90, 4;
    %ix/load 4, 12, 0;
    %ix/load 5, 0, 0;
    %flag_set/imm 4, 0;
    %assign/vec4/off/d v0x557b58f1a360_0, 4, 5;
    %ix/load 4, 3, 0;
    %flag_set/imm 4, 0;
    %load/vec4a v0x557b58f19c90, 4;
    %ix/load 4, 8, 0;
    %ix/load 5, 0, 0;
    %flag_set/imm 4, 0;
    %assign/vec4/off/d v0x557b58f1a360_0, 4, 5;
    %ix/load 4, 2, 0;
    %flag_set/imm 4, 0;
    %load/vec4a v0x557b58f19c90, 4;
    %ix/load 4, 4, 0;
    %ix/load 5, 0, 0;
    %flag_set/imm 4, 0;
    %assign/vec4/off/d v0x557b58f1a360_0, 4, 5;
    %ix/load 4, 0, 0;
    %flag_set/imm 4, 0;
    %load/vec4a v0x557b58f19c90, 4;
    %ix/load 4, 0, 0;
    %ix/load 5, 0, 0;
    %flag_set/imm 4, 0;
    %assign/vec4/off/d v0x557b58f1a360_0, 4, 5;
    %jmp T_5.103;
T_5.92 ;
    %ix/load 4, 1, 0;
    %flag_set/imm 4, 0;
    %load/vec4a v0x557b58f19c90, 4;
    %ix/load 4, 12, 0;
    %ix/load 5, 0, 0;
    %flag_set/imm 4, 0;
    %assign/vec4/off/d v0x557b58f1a360_0, 4, 5;
    %ix/load 4, 3, 0;
    %flag_set/imm 4, 0;
    %load/vec4a v0x557b58f19c90, 4;
    %ix/load 4, 8, 0;
    %ix/load 5, 0, 0;
    %flag_set/imm 4, 0;
    %assign/vec4/off/d v0x557b58f1a360_0, 4, 5;
    %ix/load 4, 0, 0;
    %flag_set/imm 4, 0;
    %load/vec4a v0x557b58f19c90, 4;
    %ix/load 4, 4, 0;
    %ix/load 5, 0, 0;
    %flag_set/imm 4, 0;
    %assign/vec4/off/d v0x557b58f1a360_0, 4, 5;
    %ix/load 4, 2, 0;
    %flag_set/imm 4, 0;
    %load/vec4a v0x557b58f19c90, 4;
    %ix/load 4, 0, 0;
    %ix/load 5, 0, 0;
    %flag_set/imm 4, 0;
    %assign/vec4/off/d v0x557b58f1a360_0, 4, 5;
    %jmp T_5.103;
T_5.93 ;
    %ix/load 4, 1, 0;
    %flag_set/imm 4, 0;
    %load/vec4a v0x557b58f19c90, 4;
    %ix/load 4, 12, 0;
    %ix/load 5, 0, 0;
    %flag_set/imm 4, 0;
    %assign/vec4/off/d v0x557b58f1a360_0, 4, 5;
    %ix/load 4, 2, 0;
    %flag_set/imm 4, 0;
    %load/vec4a v0x557b58f19c90, 4;
    %ix/load 4, 8, 0;
    %ix/load 5, 0, 0;
    %flag_set/imm 4, 0;
    %assign/vec4/off/d v0x557b58f1a360_0, 4, 5;
    %ix/load 4, 3, 0;
    %flag_set/imm 4, 0;
    %load/vec4a v0x557b58f19c90, 4;
    %ix/load 4, 4, 0;
    %ix/load 5, 0, 0;
    %flag_set/imm 4, 0;
    %assign/vec4/off/d v0x557b58f1a360_0, 4, 5;
    %ix/load 4, 0, 0;
    %flag_set/imm 4, 0;
    %load/vec4a v0x557b58f19c90, 4;
    %ix/load 4, 0, 0;
    %ix/load 5, 0, 0;
    %flag_set/imm 4, 0;
    %assign/vec4/off/d v0x557b58f1a360_0, 4, 5;
    %jmp T_5.103;
T_5.94 ;
    %ix/load 4, 1, 0;
    %flag_set/imm 4, 0;
    %load/vec4a v0x557b58f19c90, 4;
    %ix/load 4, 12, 0;
    %ix/load 5, 0, 0;
    %flag_set/imm 4, 0;
    %assign/vec4/off/d v0x557b58f1a360_0, 4, 5;
    %ix/load 4, 2, 0;
    %flag_set/imm 4, 0;
    %load/vec4a v0x557b58f19c90, 4;
    %ix/load 4, 8, 0;
    %ix/load 5, 0, 0;
    %flag_set/imm 4, 0;
    %assign/vec4/off/d v0x557b58f1a360_0, 4, 5;
    %ix/load 4, 0, 0;
    %flag_set/imm 4, 0;
    %load/vec4a v0x557b58f19c90, 4;
    %ix/load 4, 4, 0;
    %ix/load 5, 0, 0;
    %flag_set/imm 4, 0;
    %assign/vec4/off/d v0x557b58f1a360_0, 4, 5;
    %ix/load 4, 3, 0;
    %flag_set/imm 4, 0;
    %load/vec4a v0x557b58f19c90, 4;
    %ix/load 4, 0, 0;
    %ix/load 5, 0, 0;
    %flag_set/imm 4, 0;
    %assign/vec4/off/d v0x557b58f1a360_0, 4, 5;
    %jmp T_5.103;
T_5.95 ;
    %ix/load 4, 1, 0;
    %flag_set/imm 4, 0;
    %load/vec4a v0x557b58f19c90, 4;
    %ix/load 4, 12, 0;
    %ix/load 5, 0, 0;
    %flag_set/imm 4, 0;
    %assign/vec4/off/d v0x557b58f1a360_0, 4, 5;
    %ix/load 4, 0, 0;
    %flag_set/imm 4, 0;
    %load/vec4a v0x557b58f19c90, 4;
    %ix/load 4, 8, 0;
    %ix/load 5, 0, 0;
    %flag_set/imm 4, 0;
    %assign/vec4/off/d v0x557b58f1a360_0, 4, 5;
    %ix/load 4, 3, 0;
    %flag_set/imm 4, 0;
    %load/vec4a v0x557b58f19c90, 4;
    %ix/load 4, 4, 0;
    %ix/load 5, 0, 0;
    %flag_set/imm 4, 0;
    %assign/vec4/off/d v0x557b58f1a360_0, 4, 5;
    %ix/load 4, 2, 0;
    %flag_set/imm 4, 0;
    %load/vec4a v0x557b58f19c90, 4;
    %ix/load 4, 0, 0;
    %ix/load 5, 0, 0;
    %flag_set/imm 4, 0;
    %assign/vec4/off/d v0x557b58f1a360_0, 4, 5;
    %jmp T_5.103;
T_5.96 ;
    %ix/load 4, 1, 0;
    %flag_set/imm 4, 0;
    %load/vec4a v0x557b58f19c90, 4;
    %ix/load 4, 12, 0;
    %ix/load 5, 0, 0;
    %flag_set/imm 4, 0;
    %assign/vec4/off/d v0x557b58f1a360_0, 4, 5;
    %ix/load 4, 0, 0;
    %flag_set/imm 4, 0;
    %load/vec4a v0x557b58f19c90, 4;
    %ix/load 4, 8, 0;
    %ix/load 5, 0, 0;
    %flag_set/imm 4, 0;
    %assign/vec4/off/d v0x557b58f1a360_0, 4, 5;
    %ix/load 4, 2, 0;
    %flag_set/imm 4, 0;
    %load/vec4a v0x557b58f19c90, 4;
    %ix/load 4, 4, 0;
    %ix/load 5, 0, 0;
    %flag_set/imm 4, 0;
    %assign/vec4/off/d v0x557b58f1a360_0, 4, 5;
    %ix/load 4, 3, 0;
    %flag_set/imm 4, 0;
    %load/vec4a v0x557b58f19c90, 4;
    %ix/load 4, 0, 0;
    %ix/load 5, 0, 0;
    %flag_set/imm 4, 0;
    %assign/vec4/off/d v0x557b58f1a360_0, 4, 5;
    %jmp T_5.103;
T_5.97 ;
    %ix/load 4, 0, 0;
    %flag_set/imm 4, 0;
    %load/vec4a v0x557b58f19c90, 4;
    %ix/load 4, 12, 0;
    %ix/load 5, 0, 0;
    %flag_set/imm 4, 0;
    %assign/vec4/off/d v0x557b58f1a360_0, 4, 5;
    %ix/load 4, 3, 0;
    %flag_set/imm 4, 0;
    %load/vec4a v0x557b58f19c90, 4;
    %ix/load 4, 8, 0;
    %ix/load 5, 0, 0;
    %flag_set/imm 4, 0;
    %assign/vec4/off/d v0x557b58f1a360_0, 4, 5;
    %ix/load 4, 2, 0;
    %flag_set/imm 4, 0;
    %load/vec4a v0x557b58f19c90, 4;
    %ix/load 4, 4, 0;
    %ix/load 5, 0, 0;
    %flag_set/imm 4, 0;
    %assign/vec4/off/d v0x557b58f1a360_0, 4, 5;
    %ix/load 4, 1, 0;
    %flag_set/imm 4, 0;
    %load/vec4a v0x557b58f19c90, 4;
    %ix/load 4, 0, 0;
    %ix/load 5, 0, 0;
    %flag_set/imm 4, 0;
    %assign/vec4/off/d v0x557b58f1a360_0, 4, 5;
    %jmp T_5.103;
T_5.98 ;
    %ix/load 4, 0, 0;
    %flag_set/imm 4, 0;
    %load/vec4a v0x557b58f19c90, 4;
    %ix/load 4, 12, 0;
    %ix/load 5, 0, 0;
    %flag_set/imm 4, 0;
    %assign/vec4/off/d v0x557b58f1a360_0, 4, 5;
    %ix/load 4, 3, 0;
    %flag_set/imm 4, 0;
    %load/vec4a v0x557b58f19c90, 4;
    %ix/load 4, 8, 0;
    %ix/load 5, 0, 0;
    %flag_set/imm 4, 0;
    %assign/vec4/off/d v0x557b58f1a360_0, 4, 5;
    %ix/load 4, 1, 0;
    %flag_set/imm 4, 0;
    %load/vec4a v0x557b58f19c90, 4;
    %ix/load 4, 4, 0;
    %ix/load 5, 0, 0;
    %flag_set/imm 4, 0;
    %assign/vec4/off/d v0x557b58f1a360_0, 4, 5;
    %ix/load 4, 2, 0;
    %flag_set/imm 4, 0;
    %load/vec4a v0x557b58f19c90, 4;
    %ix/load 4, 0, 0;
    %ix/load 5, 0, 0;
    %flag_set/imm 4, 0;
    %assign/vec4/off/d v0x557b58f1a360_0, 4, 5;
    %jmp T_5.103;
T_5.99 ;
    %ix/load 4, 0, 0;
    %flag_set/imm 4, 0;
    %load/vec4a v0x557b58f19c90, 4;
    %ix/load 4, 12, 0;
    %ix/load 5, 0, 0;
    %flag_set/imm 4, 0;
    %assign/vec4/off/d v0x557b58f1a360_0, 4, 5;
    %ix/load 4, 2, 0;
    %flag_set/imm 4, 0;
    %load/vec4a v0x557b58f19c90, 4;
    %ix/load 4, 8, 0;
    %ix/load 5, 0, 0;
    %flag_set/imm 4, 0;
    %assign/vec4/off/d v0x557b58f1a360_0, 4, 5;
    %ix/load 4, 3, 0;
    %flag_set/imm 4, 0;
    %load/vec4a v0x557b58f19c90, 4;
    %ix/load 4, 4, 0;
    %ix/load 5, 0, 0;
    %flag_set/imm 4, 0;
    %assign/vec4/off/d v0x557b58f1a360_0, 4, 5;
    %ix/load 4, 1, 0;
    %flag_set/imm 4, 0;
    %load/vec4a v0x557b58f19c90, 4;
    %ix/load 4, 0, 0;
    %ix/load 5, 0, 0;
    %flag_set/imm 4, 0;
    %assign/vec4/off/d v0x557b58f1a360_0, 4, 5;
    %jmp T_5.103;
T_5.100 ;
    %ix/load 4, 0, 0;
    %flag_set/imm 4, 0;
    %load/vec4a v0x557b58f19c90, 4;
    %ix/load 4, 12, 0;
    %ix/load 5, 0, 0;
    %flag_set/imm 4, 0;
    %assign/vec4/off/d v0x557b58f1a360_0, 4, 5;
    %ix/load 4, 2, 0;
    %flag_set/imm 4, 0;
    %load/vec4a v0x557b58f19c90, 4;
    %ix/load 4, 8, 0;
    %ix/load 5, 0, 0;
    %flag_set/imm 4, 0;
    %assign/vec4/off/d v0x557b58f1a360_0, 4, 5;
    %ix/load 4, 1, 0;
    %flag_set/imm 4, 0;
    %load/vec4a v0x557b58f19c90, 4;
    %ix/load 4, 4, 0;
    %ix/load 5, 0, 0;
    %flag_set/imm 4, 0;
    %assign/vec4/off/d v0x557b58f1a360_0, 4, 5;
    %ix/load 4, 3, 0;
    %flag_set/imm 4, 0;
    %load/vec4a v0x557b58f19c90, 4;
    %ix/load 4, 0, 0;
    %ix/load 5, 0, 0;
    %flag_set/imm 4, 0;
    %assign/vec4/off/d v0x557b58f1a360_0, 4, 5;
    %jmp T_5.103;
T_5.101 ;
    %ix/load 4, 0, 0;
    %flag_set/imm 4, 0;
    %load/vec4a v0x557b58f19c90, 4;
    %ix/load 4, 12, 0;
    %ix/load 5, 0, 0;
    %flag_set/imm 4, 0;
    %assign/vec4/off/d v0x557b58f1a360_0, 4, 5;
    %ix/load 4, 1, 0;
    %flag_set/imm 4, 0;
    %load/vec4a v0x557b58f19c90, 4;
    %ix/load 4, 8, 0;
    %ix/load 5, 0, 0;
    %flag_set/imm 4, 0;
    %assign/vec4/off/d v0x557b58f1a360_0, 4, 5;
    %ix/load 4, 3, 0;
    %flag_set/imm 4, 0;
    %load/vec4a v0x557b58f19c90, 4;
    %ix/load 4, 4, 0;
    %ix/load 5, 0, 0;
    %flag_set/imm 4, 0;
    %assign/vec4/off/d v0x557b58f1a360_0, 4, 5;
    %ix/load 4, 2, 0;
    %flag_set/imm 4, 0;
    %load/vec4a v0x557b58f19c90, 4;
    %ix/load 4, 0, 0;
    %ix/load 5, 0, 0;
    %flag_set/imm 4, 0;
    %assign/vec4/off/d v0x557b58f1a360_0, 4, 5;
    %jmp T_5.103;
T_5.102 ;
    %ix/load 4, 0, 0;
    %flag_set/imm 4, 0;
    %load/vec4a v0x557b58f19c90, 4;
    %ix/load 4, 12, 0;
    %ix/load 5, 0, 0;
    %flag_set/imm 4, 0;
    %assign/vec4/off/d v0x557b58f1a360_0, 4, 5;
    %ix/load 4, 1, 0;
    %flag_set/imm 4, 0;
    %load/vec4a v0x557b58f19c90, 4;
    %ix/load 4, 8, 0;
    %ix/load 5, 0, 0;
    %flag_set/imm 4, 0;
    %assign/vec4/off/d v0x557b58f1a360_0, 4, 5;
    %ix/load 4, 2, 0;
    %flag_set/imm 4, 0;
    %load/vec4a v0x557b58f19c90, 4;
    %ix/load 4, 4, 0;
    %ix/load 5, 0, 0;
    %flag_set/imm 4, 0;
    %assign/vec4/off/d v0x557b58f1a360_0, 4, 5;
    %ix/load 4, 3, 0;
    %flag_set/imm 4, 0;
    %load/vec4a v0x557b58f19c90, 4;
    %ix/load 4, 0, 0;
    %ix/load 5, 0, 0;
    %flag_set/imm 4, 0;
    %assign/vec4/off/d v0x557b58f1a360_0, 4, 5;
    %jmp T_5.103;
T_5.103 ;
    %pop/vec4 1;
T_5.77 ;
    %load/vec4 v0x557b58f19ec0_0;
    %load/vec4 v0x557b58f19f90_0;
    %nor/r;
    %and;
    %flag_set/vec4 8;
    %jmp/0xz  T_5.104, 8;
    %pushi/vec4 0, 0, 1;
    %assign/vec4 v0x557b58f196d0_0, 0;
    %pushi/vec4 1, 0, 1;
    %assign/vec4 v0x557b58f194b0_0, 0;
T_5.104 ;
    %load/vec4 v0x557b58f19f90_0;
    %flag_set/vec4 8;
    %jmp/0xz  T_5.106, 8;
    %load/vec4 v0x557b58f19a50_0;
    %nor/r;
    %flag_set/vec4 8;
    %jmp/0xz  T_5.108, 8;
    %load/vec4 v0x557b58f199b0_0;
    %pad/u 32;
    %cmpi/u 24, 0, 32;
    %jmp/0xz  T_5.110, 5;
    %load/vec4 v0x557b58f199b0_0;
    %addi 1, 0, 5;
    %assign/vec4 v0x557b58f199b0_0, 0;
T_5.110 ;
T_5.108 ;
T_5.106 ;
    %jmp T_5.8;
T_5.8 ;
    %pop/vec4 1;
T_5.1 ;
    %jmp T_5;
    .thread T_5;
    .scope S_0x557b58e28030;
T_6 ;
    %wait E_0x557b58e9ea50;
    %load/vec4 v0x557b58f18a90_0;
    %nor/r;
    %flag_set/vec4 8;
    %jmp/0xz  T_6.0, 8;
    %pushi/vec4 0, 0, 1;
    %assign/vec4 v0x557b58f18850_0, 0;
    %jmp T_6.1;
T_6.0 ;
    %load/vec4 v0x557b58f18910_0;
    %load/vec4 v0x557b58f18030_0;
    %inv;
    %and;
    %flag_set/vec4 8;
    %jmp/0xz  T_6.2, 8;
    %pushi/vec4 0, 0, 1;
    %assign/vec4 v0x557b58f18850_0, 0;
    %jmp T_6.3;
T_6.2 ;
    %load/vec4 v0x557b58f180f0_0;
    %flag_set/vec4 8;
    %jmp/0xz  T_6.4, 8;
    %pushi/vec4 1, 0, 1;
    %assign/vec4 v0x557b58f18850_0, 0;
    %jmp T_6.5;
T_6.4 ;
    %pushi/vec4 0, 0, 1;
    %assign/vec4 v0x557b58f18850_0, 0;
T_6.5 ;
T_6.3 ;
T_6.1 ;
    %jmp T_6;
    .thread T_6;
    .scope S_0x557b58e28030;
T_7 ;
    %wait E_0x557b58e9ea50;
    %load/vec4 v0x557b58f18a90_0;
    %nor/r;
    %flag_set/vec4 8;
    %jmp/0xz  T_7.0, 8;
    %pushi/vec4 0, 0, 1;
    %assign/vec4 v0x557b58f189d0_0, 0;
    %jmp T_7.1;
T_7.0 ;
    %load/vec4 v0x557b58f180f0_0;
    %load/vec4 v0x557b58f18790_0;
    %and;
    %flag_set/vec4 8;
    %jmp/0xz  T_7.2, 8;
    %pushi/vec4 1, 0, 1;
    %assign/vec4 v0x557b58f189d0_0, 0;
    %jmp T_7.3;
T_7.2 ;
    %load/vec4 v0x557b58f18030_0;
    %load/vec4 v0x557b58f18910_0;
    %and;
    %flag_set/vec4 8;
    %jmp/0xz  T_7.4, 8;
    %pushi/vec4 0, 0, 1;
    %assign/vec4 v0x557b58f189d0_0, 0;
T_7.4 ;
T_7.3 ;
T_7.1 ;
    %jmp T_7;
    .thread T_7;
    .scope S_0x557b58e28030;
T_8 ;
    %wait E_0x557b58e9ea50;
    %load/vec4 v0x557b58f18a90_0;
    %nor/r;
    %flag_set/vec4 8;
    %jmp/0xz  T_8.0, 8;
    %pushi/vec4 0, 0, 16;
    %assign/vec4 v0x557b58f18430_0, 0;
    %jmp T_8.1;
T_8.0 ;
    %load/vec4 v0x557b58f180f0_0;
    %load/vec4 v0x557b58f18790_0;
    %and;
    %flag_set/vec4 8;
    %jmp/0xz  T_8.2, 8;
    %load/vec4 v0x557b58f18430_0;
    %addi 1, 0, 16;
    %assign/vec4 v0x557b58f18430_0, 0;
    %jmp T_8.3;
T_8.2 ;
    %load/vec4 v0x557b58f18510_0;
    %pad/u 32;
    %cmpi/e 200, 0, 32;
    %jmp/0xz  T_8.4, 4;
    %pushi/vec4 200, 0, 16;
    %assign/vec4 v0x557b58f18430_0, 0;
T_8.4 ;
T_8.3 ;
T_8.1 ;
    %jmp T_8;
    .thread T_8;
    .scope S_0x557b58e28030;
T_9 ;
    %wait E_0x557b58e9ea50;
    %load/vec4 v0x557b58f18a90_0;
    %nor/r;
    %flag_set/vec4 8;
    %jmp/0xz  T_9.0, 8;
    %pushi/vec4 0, 0, 16;
    %assign/vec4 v0x557b58f18510_0, 0;
    %jmp T_9.1;
T_9.0 ;
    %load/vec4 v0x557b58f180f0_0;
    %load/vec4 v0x557b58f18790_0;
    %and;
    %load/vec4 v0x557b58f18030_0;
    %load/vec4 v0x557b58f18910_0;
    %and;
    %or;
    %flag_set/vec4 8;
    %jmp/0xz  T_9.2, 8;
    %pushi/vec4 0, 0, 16;
    %assign/vec4 v0x557b58f18510_0, 0;
    %jmp T_9.3;
T_9.2 ;
    %load/vec4 v0x557b58f18510_0;
    %addi 1, 0, 16;
    %assign/vec4 v0x557b58f18510_0, 0;
T_9.3 ;
T_9.1 ;
    %jmp T_9;
    .thread T_9;
    .scope S_0x557b58e28030;
T_10 ;
    %wait E_0x557b58e9ea50;
    %load/vec4 v0x557b58f18a90_0;
    %nor/r;
    %flag_set/vec4 8;
    %jmp/0xz  T_10.0, 8;
    %pushi/vec4 0, 0, 16;
    %assign/vec4 v0x557b58f18430_0, 0;
    %pushi/vec4 0, 0, 4;
    %assign/vec4 v0x557b58f18c30_0, 0;
    %pushi/vec4 0, 0, 4;
    %assign/vec4 v0x557b58f18290_0, 0;
    %jmp T_10.1;
T_10.0 ;
    %load/vec4 v0x557b58f180f0_0;
    %load/vec4 v0x557b58f18790_0;
    %and;
    %flag_set/vec4 8;
    %jmp/0xz  T_10.2, 8;
    %load/vec4 v0x557b58f17f50_0;
    %parti/s 4, 12, 5;
    %load/vec4 v0x557b58f186b0_0;
    %parti/s 4, 12, 5;
    %cmp/e;
    %jmp/0xz  T_10.4, 4;
    %pushi/vec4 1, 0, 1;
    %ix/load 4, 0, 0;
    %ix/load 5, 0, 0;
    %flag_set/imm 4, 0;
    %assign/vec4/off/d v0x557b58f18c30_0, 4, 5;
    %pushi/vec4 0, 0, 1;
    %ix/load 4, 0, 0;
    %ix/load 5, 0, 0;
    %flag_set/imm 4, 0;
    %assign/vec4/off/d v0x557b58f18290_0, 4, 5;
    %jmp T_10.5;
T_10.4 ;
    %load/vec4 v0x557b58f17f50_0;
    %parti/s 4, 8, 5;
    %load/vec4 v0x557b58f186b0_0;
    %parti/s 4, 12, 5;
    %cmp/e;
    %jmp/0xz  T_10.6, 4;
    %pushi/vec4 0, 0, 1;
    %ix/load 4, 0, 0;
    %ix/load 5, 0, 0;
    %flag_set/imm 4, 0;
    %assign/vec4/off/d v0x557b58f18c30_0, 4, 5;
    %pushi/vec4 1, 0, 1;
    %ix/load 4, 0, 0;
    %ix/load 5, 0, 0;
    %flag_set/imm 4, 0;
    %assign/vec4/off/d v0x557b58f18290_0, 4, 5;
    %jmp T_10.7;
T_10.6 ;
    %load/vec4 v0x557b58f17f50_0;
    %parti/s 4, 4, 4;
    %load/vec4 v0x557b58f186b0_0;
    %parti/s 4, 12, 5;
    %cmp/e;
    %jmp/0xz  T_10.8, 4;
    %pushi/vec4 0, 0, 1;
    %ix/load 4, 0, 0;
    %ix/load 5, 0, 0;
    %flag_set/imm 4, 0;
    %assign/vec4/off/d v0x557b58f18c30_0, 4, 5;
    %pushi/vec4 1, 0, 1;
    %ix/load 4, 0, 0;
    %ix/load 5, 0, 0;
    %flag_set/imm 4, 0;
    %assign/vec4/off/d v0x557b58f18290_0, 4, 5;
    %jmp T_10.9;
T_10.8 ;
    %load/vec4 v0x557b58f17f50_0;
    %parti/s 4, 0, 2;
    %load/vec4 v0x557b58f186b0_0;
    %parti/s 4, 12, 5;
    %cmp/e;
    %jmp/0xz  T_10.10, 4;
    %pushi/vec4 0, 0, 1;
    %ix/load 4, 0, 0;
    %ix/load 5, 0, 0;
    %flag_set/imm 4, 0;
    %assign/vec4/off/d v0x557b58f18c30_0, 4, 5;
    %pushi/vec4 1, 0, 1;
    %ix/load 4, 0, 0;
    %ix/load 5, 0, 0;
    %flag_set/imm 4, 0;
    %assign/vec4/off/d v0x557b58f18290_0, 4, 5;
    %jmp T_10.11;
T_10.10 ;
    %pushi/vec4 0, 0, 1;
    %ix/load 4, 0, 0;
    %ix/load 5, 0, 0;
    %flag_set/imm 4, 0;
    %assign/vec4/off/d v0x557b58f18c30_0, 4, 5;
    %pushi/vec4 0, 0, 1;
    %ix/load 4, 0, 0;
    %ix/load 5, 0, 0;
    %flag_set/imm 4, 0;
    %assign/vec4/off/d v0x557b58f18290_0, 4, 5;
T_10.11 ;
T_10.9 ;
T_10.7 ;
T_10.5 ;
    %load/vec4 v0x557b58f17f50_0;
    %parti/s 4, 8, 5;
    %load/vec4 v0x557b58f186b0_0;
    %parti/s 4, 8, 5;
    %cmp/e;
    %jmp/0xz  T_10.12, 4;
    %pushi/vec4 1, 0, 1;
    %ix/load 4, 1, 0;
    %ix/load 5, 0, 0;
    %flag_set/imm 4, 0;
    %assign/vec4/off/d v0x557b58f18c30_0, 4, 5;
    %pushi/vec4 0, 0, 1;
    %ix/load 4, 1, 0;
    %ix/load 5, 0, 0;
    %flag_set/imm 4, 0;
    %assign/vec4/off/d v0x557b58f18290_0, 4, 5;
    %jmp T_10.13;
T_10.12 ;
    %load/vec4 v0x557b58f17f50_0;
    %parti/s 4, 12, 5;
    %load/vec4 v0x557b58f186b0_0;
    %parti/s 4, 8, 5;
    %cmp/e;
    %jmp/0xz  T_10.14, 4;
    %pushi/vec4 0, 0, 1;
    %ix/load 4, 1, 0;
    %ix/load 5, 0, 0;
    %flag_set/imm 4, 0;
    %assign/vec4/off/d v0x557b58f18c30_0, 4, 5;
    %pushi/vec4 1, 0, 1;
    %ix/load 4, 1, 0;
    %ix/load 5, 0, 0;
    %flag_set/imm 4, 0;
    %assign/vec4/off/d v0x557b58f18290_0, 4, 5;
    %jmp T_10.15;
T_10.14 ;
    %load/vec4 v0x557b58f17f50_0;
    %parti/s 4, 4, 4;
    %load/vec4 v0x557b58f186b0_0;
    %parti/s 4, 8, 5;
    %cmp/e;
    %jmp/0xz  T_10.16, 4;
    %pushi/vec4 0, 0, 1;
    %ix/load 4, 1, 0;
    %ix/load 5, 0, 0;
    %flag_set/imm 4, 0;
    %assign/vec4/off/d v0x557b58f18c30_0, 4, 5;
    %pushi/vec4 1, 0, 1;
    %ix/load 4, 1, 0;
    %ix/load 5, 0, 0;
    %flag_set/imm 4, 0;
    %assign/vec4/off/d v0x557b58f18290_0, 4, 5;
    %jmp T_10.17;
T_10.16 ;
    %load/vec4 v0x557b58f17f50_0;
    %parti/s 4, 0, 2;
    %load/vec4 v0x557b58f186b0_0;
    %parti/s 4, 8, 5;
    %cmp/e;
    %jmp/0xz  T_10.18, 4;
    %pushi/vec4 0, 0, 1;
    %ix/load 4, 1, 0;
    %ix/load 5, 0, 0;
    %flag_set/imm 4, 0;
    %assign/vec4/off/d v0x557b58f18c30_0, 4, 5;
    %pushi/vec4 1, 0, 1;
    %ix/load 4, 1, 0;
    %ix/load 5, 0, 0;
    %flag_set/imm 4, 0;
    %assign/vec4/off/d v0x557b58f18290_0, 4, 5;
    %jmp T_10.19;
T_10.18 ;
    %pushi/vec4 0, 0, 1;
    %ix/load 4, 1, 0;
    %ix/load 5, 0, 0;
    %flag_set/imm 4, 0;
    %assign/vec4/off/d v0x557b58f18c30_0, 4, 5;
    %pushi/vec4 0, 0, 1;
    %ix/load 4, 1, 0;
    %ix/load 5, 0, 0;
    %flag_set/imm 4, 0;
    %assign/vec4/off/d v0x557b58f18290_0, 4, 5;
T_10.19 ;
T_10.17 ;
T_10.15 ;
T_10.13 ;
    %load/vec4 v0x557b58f17f50_0;
    %parti/s 4, 4, 4;
    %load/vec4 v0x557b58f186b0_0;
    %parti/s 4, 4, 4;
    %cmp/e;
    %jmp/0xz  T_10.20, 4;
    %pushi/vec4 1, 0, 1;
    %ix/load 4, 2, 0;
    %ix/load 5, 0, 0;
    %flag_set/imm 4, 0;
    %assign/vec4/off/d v0x557b58f18c30_0, 4, 5;
    %pushi/vec4 0, 0, 1;
    %ix/load 4, 2, 0;
    %ix/load 5, 0, 0;
    %flag_set/imm 4, 0;
    %assign/vec4/off/d v0x557b58f18290_0, 4, 5;
    %jmp T_10.21;
T_10.20 ;
    %load/vec4 v0x557b58f17f50_0;
    %parti/s 4, 12, 5;
    %load/vec4 v0x557b58f186b0_0;
    %parti/s 4, 4, 4;
    %cmp/e;
    %jmp/0xz  T_10.22, 4;
    %pushi/vec4 0, 0, 1;
    %ix/load 4, 2, 0;
    %ix/load 5, 0, 0;
    %flag_set/imm 4, 0;
    %assign/vec4/off/d v0x557b58f18c30_0, 4, 5;
    %pushi/vec4 1, 0, 1;
    %ix/load 4, 2, 0;
    %ix/load 5, 0, 0;
    %flag_set/imm 4, 0;
    %assign/vec4/off/d v0x557b58f18290_0, 4, 5;
    %jmp T_10.23;
T_10.22 ;
    %load/vec4 v0x557b58f17f50_0;
    %parti/s 4, 8, 5;
    %load/vec4 v0x557b58f186b0_0;
    %parti/s 4, 4, 4;
    %cmp/e;
    %jmp/0xz  T_10.24, 4;
    %pushi/vec4 0, 0, 1;
    %ix/load 4, 2, 0;
    %ix/load 5, 0, 0;
    %flag_set/imm 4, 0;
    %assign/vec4/off/d v0x557b58f18c30_0, 4, 5;
    %pushi/vec4 1, 0, 1;
    %ix/load 4, 2, 0;
    %ix/load 5, 0, 0;
    %flag_set/imm 4, 0;
    %assign/vec4/off/d v0x557b58f18290_0, 4, 5;
    %jmp T_10.25;
T_10.24 ;
    %load/vec4 v0x557b58f17f50_0;
    %parti/s 4, 0, 2;
    %load/vec4 v0x557b58f186b0_0;
    %parti/s 4, 4, 4;
    %cmp/e;
    %jmp/0xz  T_10.26, 4;
    %pushi/vec4 0, 0, 1;
    %ix/load 4, 2, 0;
    %ix/load 5, 0, 0;
    %flag_set/imm 4, 0;
    %assign/vec4/off/d v0x557b58f18c30_0, 4, 5;
    %pushi/vec4 1, 0, 1;
    %ix/load 4, 2, 0;
    %ix/load 5, 0, 0;
    %flag_set/imm 4, 0;
    %assign/vec4/off/d v0x557b58f18290_0, 4, 5;
    %jmp T_10.27;
T_10.26 ;
    %pushi/vec4 0, 0, 1;
    %ix/load 4, 2, 0;
    %ix/load 5, 0, 0;
    %flag_set/imm 4, 0;
    %assign/vec4/off/d v0x557b58f18c30_0, 4, 5;
    %pushi/vec4 0, 0, 1;
    %ix/load 4, 2, 0;
    %ix/load 5, 0, 0;
    %flag_set/imm 4, 0;
    %assign/vec4/off/d v0x557b58f18290_0, 4, 5;
T_10.27 ;
T_10.25 ;
T_10.23 ;
T_10.21 ;
    %load/vec4 v0x557b58f17f50_0;
    %parti/s 4, 0, 2;
    %load/vec4 v0x557b58f186b0_0;
    %parti/s 4, 0, 2;
    %cmp/e;
    %jmp/0xz  T_10.28, 4;
    %pushi/vec4 1, 0, 1;
    %ix/load 4, 3, 0;
    %ix/load 5, 0, 0;
    %flag_set/imm 4, 0;
    %assign/vec4/off/d v0x557b58f18c30_0, 4, 5;
    %pushi/vec4 0, 0, 1;
    %ix/load 4, 3, 0;
    %ix/load 5, 0, 0;
    %flag_set/imm 4, 0;
    %assign/vec4/off/d v0x557b58f18290_0, 4, 5;
    %jmp T_10.29;
T_10.28 ;
    %load/vec4 v0x557b58f17f50_0;
    %parti/s 4, 12, 5;
    %load/vec4 v0x557b58f186b0_0;
    %parti/s 4, 0, 2;
    %cmp/e;
    %jmp/0xz  T_10.30, 4;
    %pushi/vec4 0, 0, 1;
    %ix/load 4, 3, 0;
    %ix/load 5, 0, 0;
    %flag_set/imm 4, 0;
    %assign/vec4/off/d v0x557b58f18c30_0, 4, 5;
    %pushi/vec4 1, 0, 1;
    %ix/load 4, 3, 0;
    %ix/load 5, 0, 0;
    %flag_set/imm 4, 0;
    %assign/vec4/off/d v0x557b58f18290_0, 4, 5;
    %jmp T_10.31;
T_10.30 ;
    %load/vec4 v0x557b58f17f50_0;
    %parti/s 4, 8, 5;
    %load/vec4 v0x557b58f186b0_0;
    %parti/s 4, 0, 2;
    %cmp/e;
    %jmp/0xz  T_10.32, 4;
    %pushi/vec4 0, 0, 1;
    %ix/load 4, 3, 0;
    %ix/load 5, 0, 0;
    %flag_set/imm 4, 0;
    %assign/vec4/off/d v0x557b58f18c30_0, 4, 5;
    %pushi/vec4 1, 0, 1;
    %ix/load 4, 3, 0;
    %ix/load 5, 0, 0;
    %flag_set/imm 4, 0;
    %assign/vec4/off/d v0x557b58f18290_0, 4, 5;
    %jmp T_10.33;
T_10.32 ;
    %load/vec4 v0x557b58f17f50_0;
    %parti/s 4, 4, 4;
    %load/vec4 v0x557b58f186b0_0;
    %parti/s 4, 0, 2;
    %cmp/e;
    %jmp/0xz  T_10.34, 4;
    %pushi/vec4 0, 0, 1;
    %ix/load 4, 3, 0;
    %ix/load 5, 0, 0;
    %flag_set/imm 4, 0;
    %assign/vec4/off/d v0x557b58f18c30_0, 4, 5;
    %pushi/vec4 1, 0, 1;
    %ix/load 4, 3, 0;
    %ix/load 5, 0, 0;
    %flag_set/imm 4, 0;
    %assign/vec4/off/d v0x557b58f18290_0, 4, 5;
    %jmp T_10.35;
T_10.34 ;
    %pushi/vec4 0, 0, 1;
    %ix/load 4, 3, 0;
    %ix/load 5, 0, 0;
    %flag_set/imm 4, 0;
    %assign/vec4/off/d v0x557b58f18c30_0, 4, 5;
    %pushi/vec4 0, 0, 1;
    %ix/load 4, 3, 0;
    %ix/load 5, 0, 0;
    %flag_set/imm 4, 0;
    %assign/vec4/off/d v0x557b58f18290_0, 4, 5;
T_10.35 ;
T_10.33 ;
T_10.31 ;
T_10.29 ;
T_10.2 ;
T_10.1 ;
    %jmp T_10;
    .thread T_10;
    .scope S_0x557b58e50cc0;
T_11 ;
    %vpi_call 2 53 "$dumpfile", "dumpfile.vcd" {0 0 0};
    %vpi_call 2 54 "$dumpvars" {0 0 0};
    %end;
    .thread T_11;
    .scope S_0x557b58e50cc0;
T_12 ;
    %pushi/vec4 0, 0, 1;
    %store/vec4 v0x557b58f1abd0_0, 0, 1;
    %end;
    .thread T_12;
    .scope S_0x557b58e50cc0;
T_13 ;
    %delay 5000, 0;
    %load/vec4 v0x557b58f1abd0_0;
    %inv;
    %store/vec4 v0x557b58f1abd0_0, 0, 1;
    %jmp T_13;
    .thread T_13;
    .scope S_0x557b58e50cc0;
T_14 ;
    %vpi_call 2 63 "$timeformat", 32'sb11111111111111111111111111110111, 32'sb00000000000000000000000000000000, "ns", 32'sb00000000000000000000000000000000 {0 0 0};
    %vpi_func 2 64 "$fopen" 32, "../logs/2017-11405.log", "w" {0 0 0};
    %store/vec4 v0x557b58f1ae70_0, 0, 32;
    %vpi_call 2 65 "$readmemh", "../data/answers.txt", v0x557b58f1a6b0, 32'sb00000000000000000000000000000000, 32'sb00000000000000000000001111111111 {0 0 0};
    %pushi/vec4 0, 0, 32;
    %store/vec4 v0x557b58f1af50_0, 0, 32;
T_14.0 ;
    %load/vec4 v0x557b58f1af50_0;
    %cmpi/s 2, 0, 32;
    %jmp/0xz T_14.1, 5;
    %pushi/vec4 0, 0, 1;
    %store/vec4 v0x557b58f1b320_0, 0, 1;
    %ix/getv/s 4, v0x557b58f1af50_0;
    %load/vec4a v0x557b58f1a6b0, 4;
    %store/vec4 v0x557b58f1a5a0_0, 0, 16;
    %wait E_0x557b58e9ea50;
    %delay 1, 0;
    %pushi/vec4 1, 0, 1;
    %store/vec4 v0x557b58f1b320_0, 0, 1;
    %wait E_0x557b58ea1050;
    %delay 1, 0;
    %load/vec4 v0x557b58f1acc0_0;
    %pad/u 64;
    %ix/getv/s 4, v0x557b58f1af50_0;
    %store/vec4a v0x557b58f1ab10, 4, 0;
    %vpi_call 2 78 "$fwrite", v0x557b58f1ae70_0, "%4t round : %4d, answer : %4h, ccnt : %4d\012", $time, v0x557b58f1af50_0, &A<v0x557b58f1a6b0, v0x557b58f1af50_0 >, &A<v0x557b58f1ab10, v0x557b58f1af50_0 > {0 0 0};
    %vpi_call 2 79 "$display", "%4t round : %4d, answer : %4h, ccnt : %4d\012", $time, v0x557b58f1af50_0, &A<v0x557b58f1a6b0, v0x557b58f1af50_0 >, &A<v0x557b58f1ab10, v0x557b58f1af50_0 > {0 0 0};
    %load/vec4 v0x557b58f1af50_0;
    %addi 1, 0, 32;
    %store/vec4 v0x557b58f1af50_0, 0, 32;
    %jmp T_14.0;
T_14.1 ;
    %pushi/real 0, 4065; load=0.00000
    %store/real v0x557b58f1a910_0;
    %pushi/vec4 0, 0, 32;
    %store/vec4 v0x557b58f1af50_0, 0, 32;
T_14.2 ;
    %load/vec4 v0x557b58f1af50_0;
    %cmpi/s 1024, 0, 32;
    %jmp/0xz T_14.3, 5;
    %load/real v0x557b58f1a910_0;
    %ix/getv/s 4, v0x557b58f1af50_0;
    %load/vec4a v0x557b58f1ab10, 4;
    %ix/vec4 4;
    %cvt/ru 4;
    %add/wr;
    %store/real v0x557b58f1a910_0;
    %load/vec4 v0x557b58f1af50_0;
    %addi 1, 0, 32;
    %store/vec4 v0x557b58f1af50_0, 0, 32;
    %jmp T_14.2;
T_14.3 ;
    %load/real v0x557b58f1a910_0;
    %pushi/vec4 1024, 0, 32;
    %ix/vec4/s 4;
    %cvt/rs 4;
    %div/wr;
    %store/real v0x557b58f1a910_0;
    %vpi_call 2 87 "$fwrite", v0x557b58f1ae70_0, "avg ccnt : %f\012", v0x557b58f1a910_0 {0 0 0};
    %delay 10000, 0;
    %vpi_call 2 90 "$fclose", v0x557b58f1ae70_0 {0 0 0};
    %vpi_call 2 91 "$stop" {0 0 0};
    %end;
    .thread T_14;
# The file index is used to find the file name in the following table.
:file_names 5;
    "N/A";
    "<interactive>";
    "./rtl/tb_nba.v";
    "./rtl/grader.v";
    "./rtl/solver.v";
