1315ns round :    0, answer : 1602, ccnt :   33
2515ns round :    1, answer : 3258, ccnt :   30
4075ns round :    2, answer : 9124, ccnt :   39
5195ns round :    3, answer : 9365, ccnt :   28
6035ns round :    4, answer : 8793, ccnt :   21
7715ns round :    5, answer : 9650, ccnt :   42
9035ns round :    6, answer : 4081, ccnt :   33
10035ns round :    7, answer : 1768, ccnt :   25
11355ns round :    8, answer : 8745, ccnt :   33
12435ns round :    9, answer : 4029, ccnt :   27
12915ns round :   10, answer : 1632, ccnt :   12
13795ns round :   11, answer : 5927, ccnt :   22
15075ns round :   12, answer : 4150, ccnt :   32
16195ns round :   13, answer : 3852, ccnt :   28
17315ns round :   14, answer : 8596, ccnt :   28
17835ns round :   15, answer : 0235, ccnt :   13
18715ns round :   16, answer : 0396, ccnt :   22
19435ns round :   17, answer : 9263, ccnt :   18
20595ns round :   18, answer : 5714, ccnt :   29
21595ns round :   19, answer : 0197, ccnt :   25
22235ns round :   20, answer : 4189, ccnt :   16
23395ns round :   21, answer : 7954, ccnt :   29
24235ns round :   22, answer : 4721, ccnt :   21
24755ns round :   23, answer : 5679, ccnt :   13
26275ns round :   24, answer : 9450, ccnt :   38
27195ns round :   25, answer : 0956, ccnt :   23
28035ns round :   26, answer : 2843, ccnt :   21
29395ns round :   27, answer : 3507, ccnt :   34
30795ns round :   28, answer : 9684, ccnt :   35
32235ns round :   29, answer : 4801, ccnt :   36
33355ns round :   30, answer : 3052, ccnt :   28
34555ns round :   31, answer : 1978, ccnt :   30
35555ns round :   32, answer : 9537, ccnt :   25
37235ns round :   33, answer : 8027, ccnt :   42
39075ns round :   34, answer : 9260, ccnt :   46
40555ns round :   35, answer : 2150, ccnt :   37
41995ns round :   36, answer : 8752, ccnt :   36
43555ns round :   37, answer : 2860, ccnt :   39
44915ns round :   38, answer : 3691, ccnt :   34
45515ns round :   39, answer : 7234, ccnt :   15
46715ns round :   40, answer : 6031, ccnt :   30
47875ns round :   41, answer : 3248, ccnt :   29
48635ns round :   42, answer : 4978, ccnt :   19
49515ns round :   43, answer : 0142, ccnt :   22
50915ns round :   44, answer : 9845, ccnt :   35
51955ns round :   45, answer : 0976, ccnt :   26
53155ns round :   46, answer : 5604, ccnt :   30
54355ns round :   47, answer : 9173, ccnt :   30
55755ns round :   48, answer : 9427, ccnt :   35
56515ns round :   49, answer : 0428, ccnt :   19
57475ns round :   50, answer : 9302, ccnt :   24
58755ns round :   51, answer : 6508, ccnt :   32
59675ns round :   52, answer : 1358, ccnt :   23
60635ns round :   53, answer : 8345, ccnt :   24
61315ns round :   54, answer : 0347, ccnt :   17
61795ns round :   55, answer : 0632, ccnt :   12
62995ns round :   56, answer : 9351, ccnt :   30
63795ns round :   57, answer : 2913, ccnt :   20
65155ns round :   58, answer : 8471, ccnt :   34
65675ns round :   59, answer : 4315, ccnt :   13
66315ns round :   60, answer : 5396, ccnt :   16
66915ns round :   61, answer : 8243, ccnt :   15
67435ns round :   62, answer : 4689, ccnt :   13
68355ns round :   63, answer : 2063, ccnt :   23
69435ns round :   64, answer : 4760, ccnt :   27
70235ns round :   65, answer : 5826, ccnt :   20
71715ns round :   66, answer : 8521, ccnt :   37
72995ns round :   67, answer : 6409, ccnt :   32
73835ns round :   68, answer : 5492, ccnt :   21
74635ns round :   69, answer : 0451, ccnt :   20
75555ns round :   70, answer : 8302, ccnt :   23
76595ns round :   71, answer : 6471, ccnt :   26
77275ns round :   72, answer : 9234, ccnt :   17
78315ns round :   73, answer : 1964, ccnt :   26
78955ns round :   74, answer : 4875, ccnt :   16
80315ns round :   75, answer : 2958, ccnt :   34
81875ns round :   76, answer : 6810, ccnt :   39
82715ns round :   77, answer : 6791, ccnt :   21
84155ns round :   78, answer : 3187, ccnt :   36
85035ns round :   79, answer : 3512, ccnt :   22
86035ns round :   80, answer : 9673, ccnt :   25
87235ns round :   81, answer : 8467, ccnt :   30
89035ns round :   82, answer : 6201, ccnt :   45
90475ns round :   83, answer : 3105, ccnt :   36
91475ns round :   84, answer : 8637, ccnt :   25
91955ns round :   85, answer : 6293, ccnt :   12
92275ns round :   86, answer : 6231, ccnt :    8
93635ns round :   87, answer : 8146, ccnt :   34
94795ns round :   88, answer : 2045, ccnt :   29
96555ns round :   89, answer : 9081, ccnt :   44
96875ns round :   90, answer : 4653, ccnt :    8
97995ns round :   91, answer : 8579, ccnt :   28
98955ns round :   92, answer : 1854, ccnt :   24
100035ns round :   93, answer : 4709, ccnt :   27
100635ns round :   94, answer : 5789, ccnt :   15
102315ns round :   95, answer : 6021, ccnt :   42
103315ns round :   96, answer : 8734, ccnt :   25
104715ns round :   97, answer : 8527, ccnt :   35
105795ns round :   98, answer : 2730, ccnt :   27
106435ns round :   99, answer : 4187, ccnt :   16
107635ns round :  100, answer : 7305, ccnt :   30
109275ns round :  101, answer : 3801, ccnt :   41
110715ns round :  102, answer : 1980, ccnt :   36
111795ns round :  103, answer : 6925, ccnt :   27
112835ns round :  104, answer : 9635, ccnt :   26
113995ns round :  105, answer : 3825, ccnt :   29
115235ns round :  106, answer : 1390, ccnt :   31
116235ns round :  107, answer : 5308, ccnt :   25
117515ns round :  108, answer : 8574, ccnt :   32
118995ns round :  109, answer : 8762, ccnt :   37
119835ns round :  110, answer : 1943, ccnt :   21
120635ns round :  111, answer : 0158, ccnt :   20
121395ns round :  112, answer : 0137, ccnt :   19
122675ns round :  113, answer : 7209, ccnt :   32
123795ns round :  114, answer : 0987, ccnt :   28
124355ns round :  115, answer : 8432, ccnt :   14
124915ns round :  116, answer : 7532, ccnt :   14
126155ns round :  117, answer : 6408, ccnt :   31
127715ns round :  118, answer : 8604, ccnt :   39
128835ns round :  119, answer : 4602, ccnt :   28
130555ns round :  120, answer : 9106, ccnt :   43
131235ns round :  121, answer : 0478, ccnt :   17
132555ns round :  122, answer : 6017, ccnt :   33
134355ns round :  123, answer : 9510, ccnt :   45
135115ns round :  124, answer : 0496, ccnt :   19
136035ns round :  125, answer : 1873, ccnt :   23
137035ns round :  126, answer : 0216, ccnt :   25
138355ns round :  127, answer : 8209, ccnt :   33
138995ns round :  128, answer : 1435, ccnt :   16
140355ns round :  129, answer : 1702, ccnt :   34
141195ns round :  130, answer : 5849, ccnt :   21
142195ns round :  131, answer : 8379, ccnt :   25
143715ns round :  132, answer : 3081, ccnt :   38
144875ns round :  133, answer : 9035, ccnt :   29
145835ns round :  134, answer : 6842, ccnt :   24
146835ns round :  135, answer : 6053, ccnt :   25
147515ns round :  136, answer : 4762, ccnt :   17
148155ns round :  137, answer : 6789, ccnt :   16
148795ns round :  138, answer : 4895, ccnt :   16
150235ns round :  139, answer : 9687, ccnt :   36
151195ns round :  140, answer : 7513, ccnt :   24
152035ns round :  141, answer : 7935, ccnt :   21
152675ns round :  142, answer : 0354, ccnt :   16
153355ns round :  143, answer : 6753, ccnt :   17
153995ns round :  144, answer : 5361, ccnt :   16
155275ns round :  145, answer : 2894, ccnt :   32
156035ns round :  146, answer : 5497, ccnt :   19
157515ns round :  147, answer : 5402, ccnt :   37
158955ns round :  148, answer : 4710, ccnt :   36
160555ns round :  149, answer : 2870, ccnt :   40
161475ns round :  150, answer : 2793, ccnt :   23
162035ns round :  151, answer : 0536, ccnt :   14
162955ns round :  152, answer : 3521, ccnt :   23
163275ns round :  153, answer : 4236, ccnt :    8
164235ns round :  154, answer : 2036, ccnt :   24
165555ns round :  155, answer : 7130, ccnt :   33
166195ns round :  156, answer : 4389, ccnt :   16
167715ns round :  157, answer : 3410, ccnt :   38
168795ns round :  158, answer : 2350, ccnt :   27
169875ns round :  159, answer : 5148, ccnt :   27
170595ns round :  160, answer : 0479, ccnt :   18
171955ns round :  161, answer : 3540, ccnt :   34
172555ns round :  162, answer : 6235, ccnt :   15
173475ns round :  163, answer : 6038, ccnt :   23
174715ns round :  164, answer : 3685, ccnt :   31
175475ns round :  165, answer : 6172, ccnt :   19
176435ns round :  166, answer : 1687, ccnt :   24
177315ns round :  167, answer : 5284, ccnt :   22
178715ns round :  168, answer : 6081, ccnt :   35
179715ns round :  169, answer : 5078, ccnt :   25
180355ns round :  170, answer : 6743, ccnt :   16
180915ns round :  171, answer : 4178, ccnt :   14
182355ns round :  172, answer : 7406, ccnt :   36
183275ns round :  173, answer : 1497, ccnt :   23
184715ns round :  174, answer : 3985, ccnt :   36
185115ns round :  175, answer : 4735, ccnt :   10
186275ns round :  176, answer : 8036, ccnt :   29
187195ns round :  177, answer : 1579, ccnt :   23
188955ns round :  178, answer : 7260, ccnt :   44
190315ns round :  179, answer : 8130, ccnt :   34
190955ns round :  180, answer : 7329, ccnt :   16
192155ns round :  181, answer : 5941, ccnt :   30
193275ns round :  182, answer : 8924, ccnt :   28
194635ns round :  183, answer : 9318, ccnt :   34
195995ns round :  184, answer : 2041, ccnt :   34
197155ns round :  185, answer : 3549, ccnt :   29
198355ns round :  186, answer : 7591, ccnt :   30
199595ns round :  187, answer : 7645, ccnt :   31
200875ns round :  188, answer : 2857, ccnt :   32
202035ns round :  189, answer : 3726, ccnt :   29
202515ns round :  190, answer : 1723, ccnt :   12
203275ns round :  191, answer : 6792, ccnt :   19
204275ns round :  192, answer : 8513, ccnt :   25
205675ns round :  193, answer : 3941, ccnt :   35
206995ns round :  194, answer : 9031, ccnt :   33
208275ns round :  195, answer : 8194, ccnt :   32
208875ns round :  196, answer : 4518, ccnt :   15
210195ns round :  197, answer : 3619, ccnt :   33
211475ns round :  198, answer : 8691, ccnt :   32
212635ns round :  199, answer : 1480, ccnt :   29
213355ns round :  200, answer : 0578, ccnt :   18
214195ns round :  201, answer : 9238, ccnt :   21
215355ns round :  202, answer : 3862, ccnt :   29
216275ns round :  203, answer : 2835, ccnt :   23
217595ns round :  204, answer : 6580, ccnt :   33
218595ns round :  205, answer : 8753, ccnt :   25
219075ns round :  206, answer : 5738, ccnt :   12
220755ns round :  207, answer : 8204, ccnt :   42
221955ns round :  208, answer : 9036, ccnt :   30
222875ns round :  209, answer : 1748, ccnt :   23
223995ns round :  210, answer : 3942, ccnt :   28
224675ns round :  211, answer : 5364, ccnt :   17
226075ns round :  212, answer : 3078, ccnt :   35
227075ns round :  213, answer : 8629, ccnt :   25
228475ns round :  214, answer : 8617, ccnt :   35
229635ns round :  215, answer : 1078, ccnt :   29
230395ns round :  216, answer : 0487, ccnt :   19
232355ns round :  217, answer : 9210, ccnt :   49
233435ns round :  218, answer : 6147, ccnt :   27
234995ns round :  219, answer : 4012, ccnt :   39
235675ns round :  220, answer : 0146, ccnt :   17
236475ns round :  221, answer : 1485, ccnt :   20
237595ns round :  222, answer : 2360, ccnt :   28
238515ns round :  223, answer : 8534, ccnt :   23
239395ns round :  224, answer : 1569, ccnt :   22
240635ns round :  225, answer : 1926, ccnt :   31
242035ns round :  226, answer : 3607, ccnt :   35
243155ns round :  227, answer : 3247, ccnt :   28
244275ns round :  228, answer : 3264, ccnt :   28
245235ns round :  229, answer : 4570, ccnt :   24
246115ns round :  230, answer : 2693, ccnt :   22
246675ns round :  231, answer : 4316, ccnt :   14
247395ns round :  232, answer : 6371, ccnt :   18
248115ns round :  233, answer : 4915, ccnt :   18
249635ns round :  234, answer : 8714, ccnt :   38
250835ns round :  235, answer : 6425, ccnt :   30
251435ns round :  236, answer : 5629, ccnt :   15
252475ns round :  237, answer : 7903, ccnt :   26
253795ns round :  238, answer : 2084, ccnt :   33
255355ns round :  239, answer : 8015, ccnt :   39
256355ns round :  240, answer : 8346, ccnt :   25
257355ns round :  241, answer : 7613, ccnt :   25
258955ns round :  242, answer : 9275, ccnt :   40
260395ns round :  243, answer : 7065, ccnt :   36
261875ns round :  244, answer : 7152, ccnt :   37
262515ns round :  245, answer : 5439, ccnt :   16
263475ns round :  246, answer : 1376, ccnt :   24
264515ns round :  247, answer : 3546, ccnt :   26
265635ns round :  248, answer : 8341, ccnt :   28
266475ns round :  249, answer : 5871, ccnt :   21
267795ns round :  250, answer : 8195, ccnt :   33
268315ns round :  251, answer : 0732, ccnt :   13
268955ns round :  252, answer : 1293, ccnt :   16
270475ns round :  253, answer : 7041, ccnt :   38
271475ns round :  254, answer : 5146, ccnt :   25
272955ns round :  255, answer : 2106, ccnt :   37
273875ns round :  256, answer : 7458, ccnt :   23
274595ns round :  257, answer : 5381, ccnt :   18
275195ns round :  258, answer : 4195, ccnt :   15
276035ns round :  259, answer : 1548, ccnt :   21
277355ns round :  260, answer : 7196, ccnt :   33
278235ns round :  261, answer : 7218, ccnt :   22
279715ns round :  262, answer : 9864, ccnt :   37
280435ns round :  263, answer : 2543, ccnt :   18
280595ns round :  264, answer : 6123, ccnt :    4
281595ns round :  265, answer : 6307, ccnt :   25
282555ns round :  266, answer : 3712, ccnt :   24
283195ns round :  267, answer : 0326, ccnt :   16
283795ns round :  268, answer : 8239, ccnt :   15
284515ns round :  269, answer : 1328, ccnt :   18
285875ns round :  270, answer : 2195, ccnt :   34
287075ns round :  271, answer : 3596, ccnt :   30
288115ns round :  272, answer : 7584, ccnt :   26
288795ns round :  273, answer : 9723, ccnt :   17
289195ns round :  274, answer : 7312, ccnt :   10
289875ns round :  275, answer : 1382, ccnt :   17
291515ns round :  276, answer : 3970, ccnt :   41
292515ns round :  277, answer : 0852, ccnt :   25
293635ns round :  278, answer : 0219, ccnt :   28
294435ns round :  279, answer : 1425, ccnt :   20
295395ns round :  280, answer : 0957, ccnt :   24
295875ns round :  281, answer : 6173, ccnt :   12
296715ns round :  282, answer : 5926, ccnt :   21
297595ns round :  283, answer : 0274, ccnt :   22
297995ns round :  284, answer : 1523, ccnt :   10
298755ns round :  285, answer : 6835, ccnt :   19
299435ns round :  286, answer : 2463, ccnt :   17
300915ns round :  287, answer : 7042, ccnt :   37
301475ns round :  288, answer : 4695, ccnt :   14
302795ns round :  289, answer : 9462, ccnt :   33
303635ns round :  290, answer : 1574, ccnt :   21
304395ns round :  291, answer : 9324, ccnt :   19
305555ns round :  292, answer : 4960, ccnt :   29
307195ns round :  293, answer : 6205, ccnt :   41
308915ns round :  294, answer : 8205, ccnt :   43
309515ns round :  295, answer : 5169, ccnt :   15
310115ns round :  296, answer : 4592, ccnt :   15
311715ns round :  297, answer : 9814, ccnt :   40
312635ns round :  298, answer : 1893, ccnt :   23
313675ns round :  299, answer : 4072, ccnt :   26
314755ns round :  300, answer : 2803, ccnt :   27
315875ns round :  301, answer : 1829, ccnt :   28
316715ns round :  302, answer : 0159, ccnt :   21
317755ns round :  303, answer : 0941, ccnt :   26
318875ns round :  304, answer : 4860, ccnt :   28
319995ns round :  305, answer : 7380, ccnt :   28
320795ns round :  306, answer : 5247, ccnt :   20
321715ns round :  307, answer : 1367, ccnt :   23
322715ns round :  308, answer : 1530, ccnt :   25
324235ns round :  309, answer : 9247, ccnt :   38
325275ns round :  310, answer : 0924, ccnt :   26
326355ns round :  311, answer : 9834, ccnt :   27
327875ns round :  312, answer : 9651, ccnt :   38
329075ns round :  313, answer : 3026, ccnt :   30
329835ns round :  314, answer : 2310, ccnt :   19
330835ns round :  315, answer : 9653, ccnt :   25
331875ns round :  316, answer : 7921, ccnt :   26
333555ns round :  317, answer : 2810, ccnt :   42
334355ns round :  318, answer : 2583, ccnt :   20
335355ns round :  319, answer : 4079, ccnt :   25
336635ns round :  320, answer : 7851, ccnt :   32
337355ns round :  321, answer : 0154, ccnt :   18
338395ns round :  322, answer : 9843, ccnt :   26
339395ns round :  323, answer : 6134, ccnt :   25
341115ns round :  324, answer : 7601, ccnt :   43
342835ns round :  325, answer : 8501, ccnt :   43
343355ns round :  326, answer : 5137, ccnt :   13
344875ns round :  327, answer : 2081, ccnt :   38
345915ns round :  328, answer : 2630, ccnt :   26
346915ns round :  329, answer : 4027, ccnt :   25
347835ns round :  330, answer : 0742, ccnt :   23
348595ns round :  331, answer : 5246, ccnt :   19
349675ns round :  332, answer : 9143, ccnt :   27
350035ns round :  333, answer : 5683, ccnt :    9
351075ns round :  334, answer : 1093, ccnt :   26
351755ns round :  335, answer : 0413, ccnt :   17
352755ns round :  336, answer : 7928, ccnt :   25
353955ns round :  337, answer : 1986, ccnt :   30
355355ns round :  338, answer : 9370, ccnt :   35
356595ns round :  339, answer : 4902, ccnt :   31
356875ns round :  340, answer : 4263, ccnt :    7
357875ns round :  341, answer : 0876, ccnt :   25
358875ns round :  342, answer : 4608, ccnt :   25
359595ns round :  343, answer : 5967, ccnt :   18
360875ns round :  344, answer : 8049, ccnt :   32
362395ns round :  345, answer : 2410, ccnt :   38
363595ns round :  346, answer : 1705, ccnt :   30
364555ns round :  347, answer : 0867, ccnt :   24
365195ns round :  348, answer : 9532, ccnt :   16
365955ns round :  349, answer : 5279, ccnt :   19
367195ns round :  350, answer : 7092, ccnt :   31
368275ns round :  351, answer : 1692, ccnt :   27
369835ns round :  352, answer : 9460, ccnt :   39
371075ns round :  353, answer : 3147, ccnt :   31
371755ns round :  354, answer : 7352, ccnt :   17
373155ns round :  355, answer : 2095, ccnt :   35
373395ns round :  356, answer : 4632, ccnt :    6
374395ns round :  357, answer : 3812, ccnt :   25
375435ns round :  358, answer : 7896, ccnt :   26
376115ns round :  359, answer : 6325, ccnt :   17
377315ns round :  360, answer : 9831, ccnt :   30
378235ns round :  361, answer : 5981, ccnt :   23
379235ns round :  362, answer : 4650, ccnt :   25
380395ns round :  363, answer : 8679, ccnt :   29
381915ns round :  364, answer : 3905, ccnt :   38
382475ns round :  365, answer : 4629, ccnt :   14
383755ns round :  366, answer : 9468, ccnt :   32
384875ns round :  367, answer : 6390, ccnt :   28
386115ns round :  368, answer : 3419, ccnt :   31
387195ns round :  369, answer : 6518, ccnt :   27
388395ns round :  370, answer : 7415, ccnt :   30
389195ns round :  371, answer : 5073, ccnt :   20
389875ns round :  372, answer : 4718, ccnt :   17
390555ns round :  373, answer : 6843, ccnt :   17
391635ns round :  374, answer : 2379, ccnt :   27
392955ns round :  375, answer : 9381, ccnt :   33
394835ns round :  376, answer : 9801, ccnt :   47
395955ns round :  377, answer : 6072, ccnt :   28
396875ns round :  378, answer : 5821, ccnt :   23
398555ns round :  379, answer : 5102, ccnt :   42
399235ns round :  380, answer : 5347, ccnt :   17
400275ns round :  381, answer : 8364, ccnt :   26
401035ns round :  382, answer : 8325, ccnt :   19
402435ns round :  383, answer : 2179, ccnt :   35
403195ns round :  384, answer : 4289, ccnt :   19
404275ns round :  385, answer : 3246, ccnt :   27
405915ns round :  386, answer : 9827, ccnt :   41
407555ns round :  387, answer : 7520, ccnt :   41
408755ns round :  388, answer : 3925, ccnt :   30
409915ns round :  389, answer : 1204, ccnt :   29
410915ns round :  390, answer : 7469, ccnt :   25
411835ns round :  391, answer : 1845, ccnt :   23
412395ns round :  392, answer : 4351, ccnt :   14
413875ns round :  393, answer : 9856, ccnt :   37
415155ns round :  394, answer : 1029, ccnt :   32
415875ns round :  395, answer : 6128, ccnt :   18
416915ns round :  396, answer : 3467, ccnt :   26
418035ns round :  397, answer : 1762, ccnt :   28
419155ns round :  398, answer : 4092, ccnt :   28
420355ns round :  399, answer : 7098, ccnt :   30
421555ns round :  400, answer : 3497, ccnt :   30
422795ns round :  401, answer : 7809, ccnt :   31
423555ns round :  402, answer : 0367, ccnt :   19
424355ns round :  403, answer : 5916, ccnt :   20
424795ns round :  404, answer : 5763, ccnt :   11
425755ns round :  405, answer : 5417, ccnt :   24
426715ns round :  406, answer : 6803, ccnt :   24
427595ns round :  407, answer : 6037, ccnt :   22
428595ns round :  408, answer : 6824, ccnt :   25
430195ns round :  409, answer : 7810, ccnt :   40
431355ns round :  410, answer : 1605, ccnt :   29
432595ns round :  411, answer : 1028, ccnt :   31
433395ns round :  412, answer : 6349, ccnt :   20
434195ns round :  413, answer : 7381, ccnt :   20
435315ns round :  414, answer : 2674, ccnt :   28
436195ns round :  415, answer : 1639, ccnt :   22
436475ns round :  416, answer : 0321, ccnt :    7
437395ns round :  417, answer : 8192, ccnt :   23
438155ns round :  418, answer : 0836, ccnt :   19
439395ns round :  419, answer : 5130, ccnt :   31
440235ns round :  420, answer : 5987, ccnt :   21
441035ns round :  421, answer : 0341, ccnt :   20
442475ns round :  422, answer : 8512, ccnt :   36
443435ns round :  423, answer : 0895, ccnt :   24
444675ns round :  424, answer : 8630, ccnt :   31
445275ns round :  425, answer : 7253, ccnt :   15
445635ns round :  426, answer : 8213, ccnt :    9
446555ns round :  427, answer : 5803, ccnt :   23
447475ns round :  428, answer : 1658, ccnt :   23
448195ns round :  429, answer : 5674, ccnt :   18
450115ns round :  430, answer : 9280, ccnt :   48
451155ns round :  431, answer : 3742, ccnt :   26
452075ns round :  432, answer : 1754, ccnt :   23
452995ns round :  433, answer : 5928, ccnt :   23
454195ns round :  434, answer : 8695, ccnt :   30
455075ns round :  435, answer : 1953, ccnt :   22
456435ns round :  436, answer : 9307, ccnt :   34
457275ns round :  437, answer : 0516, ccnt :   21
458435ns round :  438, answer : 1825, ccnt :   29
458955ns round :  439, answer : 5167, ccnt :   13
460315ns round :  440, answer : 4091, ccnt :   34
461315ns round :  441, answer : 1642, ccnt :   25
461995ns round :  442, answer : 4286, ccnt :   17
463035ns round :  443, answer : 1406, ccnt :   26
463915ns round :  444, answer : 4912, ccnt :   22
464675ns round :  445, answer : 7638, ccnt :   19
465435ns round :  446, answer : 0384, ccnt :   19
466075ns round :  447, answer : 0567, ccnt :   16
467635ns round :  448, answer : 6502, ccnt :   39
467915ns round :  449, answer : 4235, ccnt :    7
469035ns round :  450, answer : 1025, ccnt :   28
470355ns round :  451, answer : 3681, ccnt :   33
471235ns round :  452, answer : 5630, ccnt :   22
472275ns round :  453, answer : 6403, ccnt :   26
473075ns round :  454, answer : 8539, ccnt :   20
474555ns round :  455, answer : 2817, ccnt :   37
475915ns round :  456, answer : 4601, ccnt :   34
476435ns round :  457, answer : 5436, ccnt :   13
477115ns round :  458, answer : 4751, ccnt :   17
477915ns round :  459, answer : 6198, ccnt :   20
479235ns round :  460, answer : 8542, ccnt :   33
480235ns round :  461, answer : 7803, ccnt :   25
481195ns round :  462, answer : 4508, ccnt :   24
482195ns round :  463, answer : 1937, ccnt :   25
483715ns round :  464, answer : 5420, ccnt :   38
484915ns round :  465, answer : 7956, ccnt :   30
485795ns round :  466, answer : 7289, ccnt :   22
486955ns round :  467, answer : 9813, ccnt :   29
488355ns round :  468, answer : 9471, ccnt :   35
489555ns round :  469, answer : 3420, ccnt :   30
490795ns round :  470, answer : 1089, ccnt :   31
491875ns round :  471, answer : 0925, ccnt :   27
492955ns round :  472, answer : 1504, ccnt :   27
493635ns round :  473, answer : 7983, ccnt :   17
494035ns round :  474, answer : 0453, ccnt :   10
494555ns round :  475, answer : 6738, ccnt :   13
496075ns round :  476, answer : 3107, ccnt :   38
496795ns round :  477, answer : 1457, ccnt :   18
498075ns round :  478, answer : 1760, ccnt :   32
499355ns round :  479, answer : 2048, ccnt :   32
500475ns round :  480, answer : 1286, ccnt :   28
501355ns round :  481, answer : 1835, ccnt :   22
501875ns round :  482, answer : 7523, ccnt :   13
502715ns round :  483, answer : 1478, ccnt :   21
503515ns round :  484, answer : 5036, ccnt :   20
505155ns round :  485, answer : 9172, ccnt :   41
506195ns round :  486, answer : 7365, ccnt :   26
507555ns round :  487, answer : 5142, ccnt :   34
508395ns round :  488, answer : 0175, ccnt :   21
509395ns round :  489, answer : 7043, ccnt :   25
510235ns round :  490, answer : 0256, ccnt :   21
511675ns round :  491, answer : 2705, ccnt :   36
512195ns round :  492, answer : 6239, ccnt :   13
512995ns round :  493, answer : 2673, ccnt :   20
514475ns round :  494, answer : 2097, ccnt :   37
515835ns round :  495, answer : 9578, ccnt :   34
516875ns round :  496, answer : 8143, ccnt :   26
518275ns round :  497, answer : 2196, ccnt :   35
518795ns round :  498, answer : 4713, ccnt :   13
520075ns round :  499, answer : 1940, ccnt :   32
520995ns round :  500, answer : 6859, ccnt :   23
521955ns round :  501, answer : 1945, ccnt :   24
522835ns round :  502, answer : 7394, ccnt :   22
524355ns round :  503, answer : 8460, ccnt :   38
525035ns round :  504, answer : 1239, ccnt :   17
526235ns round :  505, answer : 7149, ccnt :   30
527075ns round :  506, answer : 5961, ccnt :   21
528395ns round :  507, answer : 1950, ccnt :   33
530035ns round :  508, answer : 9214, ccnt :   41
530835ns round :  509, answer : 1734, ccnt :   20
531795ns round :  510, answer : 1839, ccnt :   24
533115ns round :  511, answer : 2504, ccnt :   33
533835ns round :  512, answer : 2631, ccnt :   18
535195ns round :  513, answer : 8746, ccnt :   34
536435ns round :  514, answer : 2856, ccnt :   31
537515ns round :  515, answer : 1724, ccnt :   27
538395ns round :  516, answer : 2347, ccnt :   22
539875ns round :  517, answer : 8690, ccnt :   37
540955ns round :  518, answer : 1285, ccnt :   27
542195ns round :  519, answer : 9458, ccnt :   31
543555ns round :  520, answer : 3796, ccnt :   34
544515ns round :  521, answer : 7291, ccnt :   24
545955ns round :  522, answer : 6108, ccnt :   36
547115ns round :  523, answer : 3496, ccnt :   29
548235ns round :  524, answer : 6148, ccnt :   28
549635ns round :  525, answer : 8756, ccnt :   35
550915ns round :  526, answer : 3028, ccnt :   32
552675ns round :  527, answer : 9217, ccnt :   44
553315ns round :  528, answer : 7342, ccnt :   16
554275ns round :  529, answer : 0796, ccnt :   24
555235ns round :  530, answer : 7682, ccnt :   24
556515ns round :  531, answer : 3519, ccnt :   32
556995ns round :  532, answer : 6372, ccnt :   12
557595ns round :  533, answer : 4267, ccnt :   15
558515ns round :  534, answer : 1594, ccnt :   23
559435ns round :  535, answer : 7281, ccnt :   23
560675ns round :  536, answer : 1250, ccnt :   31
561515ns round :  537, answer : 6784, ccnt :   21
562915ns round :  538, answer : 3967, ccnt :   35
564555ns round :  539, answer : 8420, ccnt :   41
565195ns round :  540, answer : 6583, ccnt :   16
566235ns round :  541, answer : 5087, ccnt :   26
566795ns round :  542, answer : 0832, ccnt :   14
568275ns round :  543, answer : 3089, ccnt :   37
568995ns round :  544, answer : 0647, ccnt :   18
570235ns round :  545, answer : 2491, ccnt :   31
571275ns round :  546, answer : 3251, ccnt :   26
572435ns round :  547, answer : 2675, ccnt :   29
573915ns round :  548, answer : 3871, ccnt :   37
574395ns round :  549, answer : 4935, ccnt :   12
575555ns round :  550, answer : 8419, ccnt :   29
576075ns round :  551, answer : 5367, ccnt :   13
577355ns round :  552, answer : 4106, ccnt :   32
578635ns round :  553, answer : 3847, ccnt :   32
579475ns round :  554, answer : 2315, ccnt :   21
580075ns round :  555, answer : 0467, ccnt :   15
581435ns round :  556, answer : 8196, ccnt :   34
582395ns round :  557, answer : 1764, ccnt :   24
583235ns round :  558, answer : 8463, ccnt :   21
583915ns round :  559, answer : 7583, ccnt :   17
584675ns round :  560, answer : 2341, ccnt :   19
586355ns round :  561, answer : 8910, ccnt :   42
586595ns round :  562, answer : 4573, ccnt :    6
587955ns round :  563, answer : 7164, ccnt :   34
588515ns round :  564, answer : 0457, ccnt :   14
589675ns round :  565, answer : 8597, ccnt :   29
590555ns round :  566, answer : 0614, ccnt :   22
592075ns round :  567, answer : 9184, ccnt :   38
592675ns round :  568, answer : 0153, ccnt :   15
593595ns round :  569, answer : 2639, ccnt :   23
594715ns round :  570, answer : 1094, ccnt :   28
596235ns round :  571, answer : 7024, ccnt :   38
596995ns round :  572, answer : 2573, ccnt :   19
598795ns round :  573, answer : 8610, ccnt :   45
599475ns round :  574, answer : 0426, ccnt :   17
600195ns round :  575, answer : 0486, ccnt :   18
601235ns round :  576, answer : 1057, ccnt :   26
602355ns round :  577, answer : 3574, ccnt :   28
603955ns round :  578, answer : 7650, ccnt :   40
604435ns round :  579, answer : 4528, ccnt :   12
604795ns round :  580, answer : 6732, ccnt :    9
605955ns round :  581, answer : 9358, ccnt :   29
606795ns round :  582, answer : 6218, ccnt :   21
608235ns round :  583, answer : 9758, ccnt :   36
609915ns round :  584, answer : 8750, ccnt :   42
611075ns round :  585, answer : 3025, ccnt :   29
612235ns round :  586, answer : 5208, ccnt :   29
613595ns round :  587, answer : 2094, ccnt :   34
614595ns round :  588, answer : 0412, ccnt :   25
616155ns round :  589, answer : 7402, ccnt :   39
617595ns round :  590, answer : 2509, ccnt :   36
618395ns round :  591, answer : 0973, ccnt :   20
619395ns round :  592, answer : 1672, ccnt :   25
620235ns round :  593, answer : 0184, ccnt :   21
621715ns round :  594, answer : 7621, ccnt :   37
623035ns round :  595, answer : 8967, ccnt :   33
624195ns round :  596, answer : 2497, ccnt :   29
625075ns round :  597, answer : 1549, ccnt :   22
626035ns round :  598, answer : 1256, ccnt :   24
626875ns round :  599, answer : 7198, ccnt :   21
628435ns round :  600, answer : 8162, ccnt :   39
628795ns round :  601, answer : 4237, ccnt :    9
630115ns round :  602, answer : 3149, ccnt :   33
631115ns round :  603, answer : 1037, ccnt :   25
632275ns round :  604, answer : 9403, ccnt :   29
632955ns round :  605, answer : 9632, ccnt :   17
634195ns round :  606, answer : 3082, ccnt :   31
635635ns round :  607, answer : 7019, ccnt :   36
636435ns round :  608, answer : 2314, ccnt :   20
637635ns round :  609, answer : 9837, ccnt :   30
638715ns round :  610, answer : 4780, ccnt :   27
639795ns round :  611, answer : 7456, ccnt :   27
641355ns round :  612, answer : 8470, ccnt :   39
642835ns round :  613, answer : 3609, ccnt :   37
643875ns round :  614, answer : 3492, ccnt :   26
644995ns round :  615, answer : 8497, ccnt :   28
646035ns round :  616, answer : 5380, ccnt :   26
647235ns round :  617, answer : 1096, ccnt :   30
647715ns round :  618, answer : 4589, ccnt :   12
648235ns round :  619, answer : 1823, ccnt :   13
649795ns round :  620, answer : 2790, ccnt :   39
650635ns round :  621, answer : 0749, ccnt :   21
651915ns round :  622, answer : 7408, ccnt :   32
653155ns round :  623, answer : 3047, ccnt :   31
654315ns round :  624, answer : 3745, ccnt :   29
655235ns round :  625, answer : 4903, ccnt :   23
656195ns round :  626, answer : 6495, ccnt :   24
657315ns round :  627, answer : 2516, ccnt :   28
658715ns round :  628, answer : 7018, ccnt :   35
660195ns round :  629, answer : 3106, ccnt :   37
661475ns round :  630, answer : 7542, ccnt :   32
662995ns round :  631, answer : 9681, ccnt :   38
663635ns round :  632, answer : 8392, ccnt :   16
665075ns round :  633, answer : 7450, ccnt :   36
666395ns round :  634, answer : 7908, ccnt :   33
667755ns round :  635, answer : 3875, ccnt :   34
668075ns round :  636, answer : 4537, ccnt :    8
669875ns round :  637, answer : 7120, ccnt :   45
670635ns round :  638, answer : 5428, ccnt :   19
671115ns round :  639, answer : 5327, ccnt :   12
672235ns round :  640, answer : 3762, ccnt :   28
673235ns round :  641, answer : 1369, ccnt :   25
674555ns round :  642, answer : 8975, ccnt :   33
675195ns round :  643, answer : 0346, ccnt :   16
676275ns round :  644, answer : 8269, ccnt :   27
677195ns round :  645, answer : 0698, ccnt :   23
678635ns round :  646, answer : 8174, ccnt :   36
680035ns round :  647, answer : 2078, ccnt :   35
681235ns round :  648, answer : 3962, ccnt :   30
682595ns round :  649, answer : 1960, ccnt :   34
683675ns round :  650, answer : 4502, ccnt :   27
684715ns round :  651, answer : 5164, ccnt :   26
685675ns round :  652, answer : 6752, ccnt :   24
686675ns round :  653, answer : 5930, ccnt :   25
687475ns round :  654, answer : 6375, ccnt :   20
689155ns round :  655, answer : 7012, ccnt :   42
690355ns round :  656, answer : 3678, ccnt :   30
691035ns round :  657, answer : 6734, ccnt :   17
692155ns round :  658, answer : 1830, ccnt :   28
692755ns round :  659, answer : 4571, ccnt :   15
694075ns round :  660, answer : 5904, ccnt :   33
694955ns round :  661, answer : 0598, ccnt :   22
695395ns round :  662, answer : 1243, ccnt :   11
696315ns round :  663, answer : 0397, ccnt :   23
697275ns round :  664, answer : 0294, ccnt :   24
698115ns round :  665, answer : 5642, ccnt :   21
698675ns round :  666, answer : 0324, ccnt :   14
698875ns round :  667, answer : 4213, ccnt :    5
699395ns round :  668, answer : 4159, ccnt :   13
700875ns round :  669, answer : 9047, ccnt :   37
701635ns round :  670, answer : 5862, ccnt :   19
702155ns round :  671, answer : 4685, ccnt :   13
703315ns round :  672, answer : 6452, ccnt :   29
704515ns round :  673, answer : 9503, ccnt :   30
704755ns round :  674, answer : 5213, ccnt :    6
705115ns round :  675, answer : 4635, ccnt :    9
706195ns round :  676, answer : 3567, ccnt :   27
707475ns round :  677, answer : 6095, ccnt :   32
708395ns round :  678, answer : 1678, ccnt :   23
709555ns round :  679, answer : 6175, ccnt :   29
710635ns round :  680, answer : 5680, ccnt :   27
711795ns round :  681, answer : 1892, ccnt :   29
712635ns round :  682, answer : 5847, ccnt :   21
713435ns round :  683, answer : 4987, ccnt :   20
714635ns round :  684, answer : 2147, ccnt :   30
715155ns round :  685, answer : 4572, ccnt :   13
716595ns round :  686, answer : 9764, ccnt :   36
717675ns round :  687, answer : 5064, ccnt :   27
718435ns round :  688, answer : 5198, ccnt :   19
719595ns round :  689, answer : 3657, ccnt :   29
721035ns round :  690, answer : 3861, ccnt :   36
722115ns round :  691, answer : 4098, ccnt :   27
723235ns round :  692, answer : 7503, ccnt :   28
724715ns round :  693, answer : 3197, ccnt :   37
725515ns round :  694, answer : 1459, ccnt :   20
726635ns round :  695, answer : 3486, ccnt :   28
727315ns round :  696, answer : 5187, ccnt :   17
727955ns round :  697, answer : 0468, ccnt :   16
729435ns round :  698, answer : 9405, ccnt :   37
730515ns round :  699, answer : 5641, ccnt :   27
731555ns round :  700, answer : 8043, ccnt :   26
732275ns round :  701, answer : 6397, ccnt :   18
733315ns round :  702, answer : 7496, ccnt :   26
734915ns round :  703, answer : 8251, ccnt :   40
736155ns round :  704, answer : 8964, ccnt :   31
737555ns round :  705, answer : 5091, ccnt :   35
739035ns round :  706, answer : 2609, ccnt :   37
739635ns round :  707, answer : 5467, ccnt :   15
740235ns round :  708, answer : 6713, ccnt :   15
741515ns round :  709, answer : 8306, ccnt :   32
742395ns round :  710, answer : 2539, ccnt :   22
743875ns round :  711, answer : 2987, ccnt :   37
745395ns round :  712, answer : 9725, ccnt :   38
746635ns round :  713, answer : 8769, ccnt :   31
747395ns round :  714, answer : 7943, ccnt :   19
748195ns round :  715, answer : 0649, ccnt :   20
748715ns round :  716, answer : 0263, ccnt :   13
750395ns round :  717, answer : 9670, ccnt :   42
751515ns round :  718, answer : 0298, ccnt :   28
752595ns round :  719, answer : 2306, ccnt :   27
754075ns round :  720, answer : 3978, ccnt :   37
755315ns round :  721, answer : 9546, ccnt :   31
756315ns round :  722, answer : 2936, ccnt :   25
756835ns round :  723, answer : 4687, ccnt :   13
757795ns round :  724, answer : 0671, ccnt :   24
759075ns round :  725, answer : 1260, ccnt :   32
760315ns round :  726, answer : 2794, ccnt :   31
761395ns round :  727, answer : 0819, ccnt :   27
762955ns round :  728, answer : 9265, ccnt :   39
764155ns round :  729, answer : 7619, ccnt :   30
765235ns round :  730, answer : 0297, ccnt :   27
766795ns round :  731, answer : 7605, ccnt :   39
768075ns round :  732, answer : 6480, ccnt :   32
769395ns round :  733, answer : 2841, ccnt :   33
770435ns round :  734, answer : 0985, ccnt :   26
772115ns round :  735, answer : 8401, ccnt :   42
772795ns round :  736, answer : 4251, ccnt :   17
774195ns round :  737, answer : 3051, ccnt :   35
775155ns round :  738, answer : 5830, ccnt :   24
776315ns round :  739, answer : 0291, ccnt :   29
776915ns round :  740, answer : 5369, ccnt :   15
778035ns round :  741, answer : 7945, ccnt :   28
778915ns round :  742, answer : 5947, ccnt :   22
779475ns round :  743, answer : 4386, ccnt :   14
780315ns round :  744, answer : 2683, ccnt :   21
780595ns round :  745, answer : 4732, ccnt :    7
781915ns round :  746, answer : 1928, ccnt :   33
783275ns round :  747, answer : 2408, ccnt :   34
784195ns round :  748, answer : 0592, ccnt :   23
785955ns round :  749, answer : 4210, ccnt :   44
787075ns round :  750, answer : 2830, ccnt :   28
788555ns round :  751, answer : 4901, ccnt :   37
789395ns round :  752, answer : 1364, ccnt :   21
790755ns round :  753, answer : 6840, ccnt :   34
791515ns round :  754, answer : 0489, ccnt :   19
792155ns round :  755, answer : 5317, ccnt :   16
792675ns round :  756, answer : 4839, ccnt :   13
793675ns round :  757, answer : 2359, ccnt :   25
794595ns round :  758, answer : 5842, ccnt :   23
795475ns round :  759, answer : 0582, ccnt :   22
796155ns round :  760, answer : 0364, ccnt :   17
797595ns round :  761, answer : 3951, ccnt :   36
799195ns round :  762, answer : 8172, ccnt :   40
800075ns round :  763, answer : 7192, ccnt :   22
800635ns round :  764, answer : 4785, ccnt :   14
800875ns round :  765, answer : 5723, ccnt :    6
801675ns round :  766, answer : 6897, ccnt :   20
802995ns round :  767, answer : 1906, ccnt :   33
803995ns round :  768, answer : 1598, ccnt :   25
805035ns round :  769, answer : 0512, ccnt :   26
806235ns round :  770, answer : 7184, ccnt :   30
806915ns round :  771, answer : 4398, ccnt :   17
807435ns round :  772, answer : 4659, ccnt :   13
808235ns round :  773, answer : 8693, ccnt :   20
809115ns round :  774, answer : 5918, ccnt :   22
810515ns round :  775, answer : 8624, ccnt :   35
811235ns round :  776, answer : 0835, ccnt :   18
811995ns round :  777, answer : 2731, ccnt :   19
812635ns round :  778, answer : 6813, ccnt :   16
814155ns round :  779, answer : 5901, ccnt :   38
815115ns round :  780, answer : 3562, ccnt :   24
815595ns round :  781, answer : 0253, ccnt :   12
816835ns round :  782, answer : 2581, ccnt :   31
817275ns round :  783, answer : 7832, ccnt :   11
818515ns round :  784, answer : 6814, ccnt :   31
819555ns round :  785, answer : 0952, ccnt :   26
820675ns round :  786, answer : 8035, ccnt :   28
822435ns round :  787, answer : 8510, ccnt :   44
823155ns round :  788, answer : 4182, ccnt :   18
823715ns round :  789, answer : 5368, ccnt :   14
824635ns round :  790, answer : 4921, ccnt :   23
825195ns round :  791, answer : 7243, ccnt :   14
826435ns round :  792, answer : 6702, ccnt :   31
827595ns round :  793, answer : 3629, ccnt :   29
828075ns round :  794, answer : 6432, ccnt :   12
828995ns round :  795, answer : 0865, ccnt :   23
829875ns round :  796, answer : 4821, ccnt :   22
830955ns round :  797, answer : 5708, ccnt :   27
831835ns round :  798, answer : 1654, ccnt :   22
832395ns round :  799, answer : 7239, ccnt :   14
833195ns round :  800, answer : 5264, ccnt :   20
834075ns round :  801, answer : 2783, ccnt :   22
835395ns round :  802, answer : 9486, ccnt :   33
836595ns round :  803, answer : 1087, ccnt :   30
838195ns round :  804, answer : 8570, ccnt :   40
839195ns round :  805, answer : 1954, ccnt :   25
839995ns round :  806, answer : 4320, ccnt :   20
840915ns round :  807, answer : 1349, ccnt :   23
841795ns round :  808, answer : 4039, ccnt :   22
842755ns round :  809, answer : 1498, ccnt :   24
844315ns round :  810, answer : 9841, ccnt :   39
845955ns round :  811, answer : 9025, ccnt :   41
846995ns round :  812, answer : 4750, ccnt :   26
847755ns round :  813, answer : 5489, ccnt :   19
849275ns round :  814, answer : 7241, ccnt :   38
850195ns round :  815, answer : 6258, ccnt :   23
851035ns round :  816, answer : 1486, ccnt :   21
852235ns round :  817, answer : 4290, ccnt :   30
853075ns round :  818, answer : 8129, ccnt :   21
854515ns round :  819, answer : 2061, ccnt :   36
855875ns round :  820, answer : 7412, ccnt :   34
857315ns round :  821, answer : 9164, ccnt :   36
858075ns round :  822, answer : 6129, ccnt :   19
858635ns round :  823, answer : 5138, ccnt :   14
859715ns round :  824, answer : 7684, ccnt :   27
861595ns round :  825, answer : 9270, ccnt :   47
862035ns round :  826, answer : 4239, ccnt :   11
863755ns round :  827, answer : 9271, ccnt :   43
864795ns round :  828, answer : 5027, ccnt :   26
865915ns round :  829, answer : 5690, ccnt :   28
867235ns round :  830, answer : 3206, ccnt :   33
868115ns round :  831, answer : 2316, ccnt :   22
869315ns round :  832, answer : 3845, ccnt :   30
870675ns round :  833, answer : 3798, ccnt :   34
872115ns round :  834, answer : 3179, ccnt :   36
872635ns round :  835, answer : 1342, ccnt :   13
873515ns round :  836, answer : 8230, ccnt :   22
874275ns round :  837, answer : 5968, ccnt :   19
875435ns round :  838, answer : 7491, ccnt :   29
876515ns round :  839, answer : 3459, ccnt :   27
877955ns round :  840, answer : 9245, ccnt :   36
878675ns round :  841, answer : 5718, ccnt :   18
879715ns round :  842, answer : 1742, ccnt :   26
881115ns round :  843, answer : 3270, ccnt :   35
882435ns round :  844, answer : 3789, ccnt :   33
883995ns round :  845, answer : 9621, ccnt :   39
884795ns round :  846, answer : 0679, ccnt :   20
885995ns round :  847, answer : 2419, ccnt :   30
887355ns round :  848, answer : 6514, ccnt :   34
888715ns round :  849, answer : 3719, ccnt :   34
889315ns round :  850, answer : 5731, ccnt :   15
889955ns round :  851, answer : 7483, ccnt :   16
891635ns round :  852, answer : 7501, ccnt :   42
892435ns round :  853, answer : 0631, ccnt :   20
893555ns round :  854, answer : 4809, ccnt :   28
894675ns round :  855, answer : 6530, ccnt :   28
895955ns round :  856, answer : 4071, ccnt :   32
897475ns round :  857, answer : 3850, ccnt :   38
898755ns round :  858, answer : 1420, ccnt :   32
900115ns round :  859, answer : 1890, ccnt :   34
901475ns round :  860, answer : 2715, ccnt :   34
902595ns round :  861, answer : 3568, ccnt :   28
904075ns round :  862, answer : 2805, ccnt :   37
905195ns round :  863, answer : 9053, ccnt :   28
906195ns round :  864, answer : 1695, ccnt :   25
907875ns round :  865, answer : 9804, ccnt :   42
908955ns round :  866, answer : 0916, ccnt :   27
909915ns round :  867, answer : 7894, ccnt :   24
910835ns round :  868, answer : 3120, ccnt :   23
912075ns round :  869, answer : 8316, ccnt :   31
913075ns round :  870, answer : 0896, ccnt :   25
913995ns round :  871, answer : 4560, ccnt :   23
915515ns round :  872, answer : 9614, ccnt :   38
915955ns round :  873, answer : 4513, ccnt :   11
916875ns round :  874, answer : 1428, ccnt :   23
917515ns round :  875, answer : 6983, ccnt :   16
919155ns round :  876, answer : 9268, ccnt :   41
920595ns round :  877, answer : 7264, ccnt :   36
921555ns round :  878, answer : 2873, ccnt :   24
922555ns round :  879, answer : 6295, ccnt :   25
923275ns round :  880, answer : 0569, ccnt :   18
924275ns round :  881, answer : 7495, ccnt :   25
925075ns round :  882, answer : 1637, ccnt :   20
926275ns round :  883, answer : 2046, ccnt :   30
927995ns round :  884, answer : 5120, ccnt :   43
929075ns round :  885, answer : 1460, ccnt :   27
930275ns round :  886, answer : 7964, ccnt :   30
931875ns round :  887, answer : 9258, ccnt :   40
933355ns round :  888, answer : 6041, ccnt :   37
934635ns round :  889, answer : 5902, ccnt :   32
935755ns round :  890, answer : 3128, ccnt :   28
936475ns round :  891, answer : 4391, ccnt :   18
937955ns round :  892, answer : 9310, ccnt :   37
939155ns round :  893, answer : 9376, ccnt :   30
940275ns round :  894, answer : 2479, ccnt :   28
941915ns round :  895, answer : 6012, ccnt :   41
943515ns round :  896, answer : 9876, ccnt :   40
944795ns round :  897, answer : 8159, ccnt :   32
946315ns round :  898, answer : 8265, ccnt :   38
947155ns round :  899, answer : 8327, ccnt :   21
948395ns round :  900, answer : 9467, ccnt :   31
949355ns round :  901, answer : 7698, ccnt :   24
950075ns round :  902, answer : 4761, ccnt :   18
950555ns round :  903, answer : 4158, ccnt :   12
951875ns round :  904, answer : 1092, ccnt :   33
953035ns round :  905, answer : 1508, ccnt :   29
953995ns round :  906, answer : 6895, ccnt :   24
955355ns round :  907, answer : 8045, ccnt :   34
956195ns round :  908, answer : 5298, ccnt :   21
957475ns round :  909, answer : 3491, ccnt :   32
958195ns round :  910, answer : 6189, ccnt :   18
959275ns round :  911, answer : 0791, ccnt :   27
960355ns round :  912, answer : 2645, ccnt :   27
961795ns round :  913, answer : 7940, ccnt :   36
963395ns round :  914, answer : 8126, ccnt :   40
964755ns round :  915, answer : 6421, ccnt :   34
966395ns round :  916, answer : 9480, ccnt :   41
967075ns round :  917, answer : 5276, ccnt :   17
967875ns round :  918, answer : 0124, ccnt :   20
968595ns round :  919, answer : 1643, ccnt :   18
969635ns round :  920, answer : 4706, ccnt :   26
971075ns round :  921, answer : 9672, ccnt :   36
971515ns round :  922, answer : 4736, ccnt :   11
972355ns round :  923, answer : 5891, ccnt :   21
972995ns round :  924, answer : 4581, ccnt :   16
973675ns round :  925, answer : 4792, ccnt :   17
974635ns round :  926, answer : 3621, ccnt :   24
975395ns round :  927, answer : 5217, ccnt :   19
976835ns round :  928, answer : 3897, ccnt :   36
978275ns round :  929, answer : 8254, ccnt :   36
979195ns round :  930, answer : 0127, ccnt :   23
980315ns round :  931, answer : 5149, ccnt :   28
981115ns round :  932, answer : 0839, ccnt :   20
982795ns round :  933, answer : 9140, ccnt :   42
983955ns round :  934, answer : 8376, ccnt :   29
985315ns round :  935, answer : 3194, ccnt :   34
986035ns round :  936, answer : 5896, ccnt :   18
986795ns round :  937, answer : 1345, ccnt :   19
987395ns round :  938, answer : 6837, ccnt :   15
988755ns round :  939, answer : 7245, ccnt :   34
989635ns round :  940, answer : 0387, ccnt :   22
990755ns round :  941, answer : 5048, ccnt :   28
992355ns round :  942, answer : 3907, ccnt :   40
992755ns round :  943, answer : 5783, ccnt :   10
993955ns round :  944, answer : 8926, ccnt :   30
994755ns round :  945, answer : 6287, ccnt :   20
995315ns round :  946, answer : 7893, ccnt :   14
996995ns round :  947, answer : 2980, ccnt :   42
998355ns round :  948, answer : 9586, ccnt :   34
999355ns round :  949, answer : 1849, ccnt :   25
1000555ns round :  950, answer : 5814, ccnt :   30
1001875ns round :  951, answer : 3250, ccnt :   33
1002475ns round :  952, answer : 4361, ccnt :   15
1003595ns round :  953, answer : 9348, ccnt :   28
1004875ns round :  954, answer : 6130, ccnt :   32
1005715ns round :  955, answer : 6749, ccnt :   21
1006835ns round :  956, answer : 2496, ccnt :   28
1008275ns round :  957, answer : 3891, ccnt :   36
1009515ns round :  958, answer : 1827, ccnt :   31
1011115ns round :  959, answer : 9085, ccnt :   40
1012555ns round :  960, answer : 8609, ccnt :   36
1013395ns round :  961, answer : 9453, ccnt :   21
1014675ns round :  962, answer : 9485, ccnt :   32
1015595ns round :  963, answer : 0186, ccnt :   23
1016555ns round :  964, answer : 2503, ccnt :   24
1018315ns round :  965, answer : 7102, ccnt :   44
1019235ns round :  966, answer : 0214, ccnt :   23
1020315ns round :  967, answer : 6503, ccnt :   27
1021995ns round :  968, answer : 3810, ccnt :   42
1022955ns round :  969, answer : 7812, ccnt :   24
1024075ns round :  970, answer : 0281, ccnt :   28
1025195ns round :  971, answer : 0827, ccnt :   28
1026395ns round :  972, answer : 6407, ccnt :   30
1027875ns round :  973, answer : 8917, ccnt :   37
1028515ns round :  974, answer : 5698, ccnt :   16
1029235ns round :  975, answer : 5648, ccnt :   18
1030395ns round :  976, answer : 2471, ccnt :   29
1031155ns round :  977, answer : 4826, ccnt :   19
1031995ns round :  978, answer : 6385, ccnt :   21
1033075ns round :  979, answer : 3682, ccnt :   27
1034355ns round :  980, answer : 8451, ccnt :   32
1035635ns round :  981, answer : 8031, ccnt :   32
1036955ns round :  982, answer : 1860, ccnt :   33
1037835ns round :  983, answer : 1053, ccnt :   22
1038595ns round :  984, answer : 7032, ccnt :   19
1039755ns round :  985, answer : 0918, ccnt :   29
1041235ns round :  986, answer : 9064, ccnt :   37
1042315ns round :  987, answer : 6571, ccnt :   27
1043275ns round :  988, answer : 8937, ccnt :   24
1043835ns round :  989, answer : 4768, ccnt :   14
1044835ns round :  990, answer : 5607, ccnt :   25
1045515ns round :  991, answer : 4319, ccnt :   17
1046995ns round :  992, answer : 3590, ccnt :   37
1047995ns round :  993, answer : 1847, ccnt :   25
1048875ns round :  994, answer : 0169, ccnt :   22
1050635ns round :  995, answer : 9410, ccnt :   44
1051555ns round :  996, answer : 2863, ccnt :   23
1052275ns round :  997, answer : 1536, ccnt :   18
1053315ns round :  998, answer : 1938, ccnt :   26
1054275ns round :  999, answer : 1679, ccnt :   24
1055155ns round : 1000, answer : 1584, ccnt :   22
1056635ns round : 1001, answer : 9056, ccnt :   37
1057435ns round : 1002, answer : 1683, ccnt :   20
1058875ns round : 1003, answer : 7690, ccnt :   36
1060315ns round : 1004, answer : 2986, ccnt :   36
1061595ns round : 1005, answer : 2789, ccnt :   32
1063115ns round : 1006, answer : 9521, ccnt :   38
1063915ns round : 1007, answer : 7203, ccnt :   20
1064995ns round : 1008, answer : 1782, ccnt :   27
1066475ns round : 1009, answer : 6125, ccnt :   37
1067315ns round : 1010, answer : 0694, ccnt :   21
1067955ns round : 1011, answer : 0293, ccnt :   16
1068635ns round : 1012, answer : 4852, ccnt :   17
1069995ns round : 1013, answer : 6071, ccnt :   34
1071315ns round : 1014, answer : 3158, ccnt :   33
1071915ns round : 1015, answer : 4023, ccnt :   15
1072675ns round : 1016, answer : 0415, ccnt :   19
1074275ns round : 1017, answer : 3180, ccnt :   40
1075755ns round : 1018, answer : 5104, ccnt :   37
1077035ns round : 1019, answer : 1098, ccnt :   32
1078075ns round : 1020, answer : 7569, ccnt :   26
1079675ns round : 1021, answer : 9872, ccnt :   40
1080235ns round : 1022, answer : 5689, ccnt :   14
1081395ns round : 1023, answer : 1985, ccnt :   29
avg ccnt : 26.401367
